{
  "stats": {
    "suites": 1,
    "tests": 0,
    "passes": 0,
    "pending": 0,
    "failures": 0,
    "start": "2019-05-23T16:02:11.989Z",
    "end": "2019-05-23T16:02:12.325Z",
    "duration": 336,
    "testsRegistered": 37,
    "passPercent": 0,
    "pendingPercent": 0,
    "other": 1,
    "hasOther": true,
    "skipped": 37,
    "hasSkipped": true,
    "passPercentClass": "danger",
    "pendingPercentClass": "danger"
  },
  "suites": {
    "uuid": "f6bcc217-099a-4af7-97e9-195e135c38d1",
    "title": "",
    "fullFile": "",
    "file": "",
    "beforeHooks": [],
    "afterHooks": [],
    "tests": [],
    "suites": [
      {
        "uuid": "5c60a9dc-bbc4-4e9e-a9a0-23b36519b6f9",
        "title": "Login.php Functionality Automation Tests - Login, Logout, Reset, Register",
        "fullFile": "",
        "file": "",
        "beforeHooks": [],
        "afterHooks": [],
        "tests": [],
        "suites": [
          {
            "uuid": "862f311b-c67f-475d-bff2-b2d088f47473",
            "title": "Forget Password Form Functionality",
            "fullFile": "",
            "file": "",
            "beforeHooks": [],
            "afterHooks": [],
            "tests": [
              {
                "title": "Access the login Page",
                "fullTitle": "Login.php Functionality Automation Tests - Login, Logout, Reset, Register Forget Password Form Functionality Access the login Page",
                "duration": 301,
                "state": "failed",
                "pass": false,
                "fail": true,
                "pending": false,
                "code": "cy.accessAccountPage();\ncy.url().should('include', 'login.php');\nverifyTextContent(this.loginElements.loginPageHeading, this.loginData.loginPageHeading);",
                "err": {
                  "message": "CypressError: cy.visit() failed trying to load:\n\nWe failed looking for this file at the path:\n\n/Users/husseinabdallah/Desktop/HybridFramework/BigCommerceFrameWork/\n\nThe internal Cypress web server responded with:\n\n  > 404: Not Found\n\nBecause this error occurred during a 'before all' hook we are skipping the remaining tests in the current suite: 'Login.php Functionality Aut...'",
                  "estack": "CypressError: cy.visit() failed trying to load:\n\nWe failed looking for this file at the path:\n\n/Users/husseinabdallah/Desktop/HybridFramework/BigCommerceFrameWork/\n\nThe internal Cypress web server responded with:\n\n  > 404: Not Found\n\nBecause this error occurred during a 'before all' hook we are skipping the remaining tests in the current suite: 'Login.php Functionality Aut...'\n    at Object.cypressErr (http://localhost:58067/__cypress/runner/cypress_runner.js:65727:11)\n    at Object.throwErr (http://localhost:58067/__cypress/runner/cypress_runner.js:65692:18)\n    at Object.throwErrByPath (http://localhost:58067/__cypress/runner/cypress_runner.js:65719:17)\n    at http://localhost:58067/__cypress/runner/cypress_runner.js:56262:31\n    at visitFailedByErr (http://localhost:58067/__cypress/runner/cypress_runner.js:55840:12)\n    at http://localhost:58067/__cypress/runner/cypress_runner.js:56243:22\n    at tryCatcher (http://localhost:58067/__cypress/runner/cypress_runner.js:131273:23)\n    at Promise._settlePromiseFromHandler (http://localhost:58067/__cypress/runner/cypress_runner.js:129291:31)\n    at Promise._settlePromise (http://localhost:58067/__cypress/runner/cypress_runner.js:129348:18)\n    at Promise._settlePromise0 (http://localhost:58067/__cypress/runner/cypress_runner.js:129393:10)\n    at Promise._settlePromises (http://localhost:58067/__cypress/runner/cypress_runner.js:129468:18)\n    at Async._drainQueue (http://localhost:58067/__cypress/runner/cypress_runner.js:126197:16)\n    at Async._drainQueues (http://localhost:58067/__cypress/runner/cypress_runner.js:126207:10)\n    at Async.drainQueues (http://localhost:58067/__cypress/runner/cypress_runner.js:126081:14)\n    at <anonymous>"
                },
                "isRoot": false,
                "uuid": "f5085106-1b73-4de5-80a8-fa8be0734aea",
                "isHook": false,
                "skipped": false
              },
              {
                "title": "Check if the link is Visible",
                "fullTitle": "Login.php Functionality Automation Tests - Login, Logout, Reset, Register Forget Password Form Functionality Check if the link is Visible",
                "duration": 0,
                "state": "skipped",
                "pass": false,
                "fail": false,
                "pending": false,
                "code": "cy.get(this.loginElements.forgetPasswordLink, {\n  timeout: 6000\n}).should('be.visible').should('have.attr', 'href');",
                "err": {},
                "isRoot": false,
                "uuid": "ccabfce9-e799-44c5-bbe1-11c924d5299a",
                "isHook": false,
                "skipped": true
              },
              {
                "title": "Access the forget Password form and verify it is visible",
                "fullTitle": "Login.php Functionality Automation Tests - Login, Logout, Reset, Register Forget Password Form Functionality Access the forget Password form and verify it is visible",
                "duration": 0,
                "state": "skipped",
                "pass": false,
                "fail": false,
                "pending": false,
                "code": "cy.get(this.loginElements.forgetPasswordLink).click({\n  timeout: 6000\n});\ncy.url().should('include', 'reset_password');",
                "err": {},
                "isRoot": false,
                "uuid": "4e24d6e9-d602-4897-9c6a-08c511cb95ff",
                "isHook": false,
                "skipped": true
              },
              {
                "title": "Verify form doesn't accept empty fields",
                "fullTitle": "Login.php Functionality Automation Tests - Login, Logout, Reset, Register Forget Password Form Functionality Verify form doesn't accept empty fields",
                "duration": 0,
                "state": "skipped",
                "pass": false,
                "fail": false,
                "pending": false,
                "code": "cy.forgetPassword({\n  email: ''\n});\nverifyTextContent(this.forgetPasswordElements.alertWarningMessage, this.forgetPasswordData.invalidForgetFormAlert);",
                "err": {},
                "isRoot": false,
                "uuid": "ec355c91-d858-4800-8574-d98465254b82",
                "isHook": false,
                "skipped": true
              },
              {
                "title": "Forget Password Form with invalid email",
                "fullTitle": "Login.php Functionality Automation Tests - Login, Logout, Reset, Register Forget Password Form Functionality Forget Password Form with invalid email",
                "duration": 0,
                "state": "skipped",
                "pass": false,
                "fail": false,
                "pending": false,
                "code": "cy.forgetPassword({\n  email: this.forgetPasswordData.invalidEmail\n});\nverifyTextContent(this.forgetPasswordElements.alertWarningMessage, this.forgetPasswordData.invalidForgetFormAlert);",
                "err": {},
                "isRoot": false,
                "uuid": "3e50faf9-c0ba-434d-893e-df4c57af7adc",
                "isHook": false,
                "skipped": true
              },
              {
                "title": "Forget Password Form with unregistered email",
                "fullTitle": "Login.php Functionality Automation Tests - Login, Logout, Reset, Register Forget Password Form Functionality Forget Password Form with unregistered email",
                "duration": 0,
                "state": "skipped",
                "pass": false,
                "fail": false,
                "pending": false,
                "code": "cy.forgetPassword({\n  email: this.users.unregisteredUser.email\n});\nverifyTextContent(this.forgetPasswordElements.alertErrorMessage, this.forgetPasswordData.forgetFormErrorMessage);",
                "err": {},
                "isRoot": false,
                "uuid": "674ac1bb-bdf6-41ae-95be-51924a5202d4",
                "isHook": false,
                "skipped": true
              },
              {
                "title": "Forget Password Form with registered email",
                "fullTitle": "Login.php Functionality Automation Tests - Login, Logout, Reset, Register Forget Password Form Functionality Forget Password Form with registered email",
                "duration": 0,
                "state": "skipped",
                "pass": false,
                "fail": false,
                "pending": false,
                "code": "cy.forgetPassword({\n  email: this.users.registeredUser.email\n});\nverifyTextContent(this.forgetPasswordElements.alertSuccessMessage, this.forgetPasswordData.forgetFormSuccessMessage);\ncy.get(this.loginElements.signInForm).should('be.visible');\nverifyTextContent(this.loginElements.loginPageHeading, this.loginData.loginPageHeading);",
                "err": {},
                "isRoot": false,
                "uuid": "697c85e6-8de3-460e-8265-0668756e1122",
                "isHook": false,
                "skipped": true
              }
            ],
            "suites": [],
            "passes": [],
            "failures": [
              "f5085106-1b73-4de5-80a8-fa8be0734aea"
            ],
            "pending": [],
            "skipped": [
              "ccabfce9-e799-44c5-bbe1-11c924d5299a",
              "4e24d6e9-d602-4897-9c6a-08c511cb95ff",
              "ec355c91-d858-4800-8574-d98465254b82",
              "3e50faf9-c0ba-434d-893e-df4c57af7adc",
              "674ac1bb-bdf6-41ae-95be-51924a5202d4",
              "697c85e6-8de3-460e-8265-0668756e1122"
            ],
            "duration": 301,
            "root": false,
            "rootEmpty": false,
            "_timeout": 2000
          },
          {
            "uuid": "e0253efc-19e1-4ef3-a8b1-2aa66b09039f",
            "title": "Login Form Functionality",
            "fullFile": "",
            "file": "",
            "beforeHooks": [],
            "afterHooks": [],
            "tests": [
              {
                "title": "Access the login Page",
                "fullTitle": "Login.php Functionality Automation Tests - Login, Logout, Reset, Register Login Form Functionality Access the login Page",
                "duration": 0,
                "state": "skipped",
                "pass": false,
                "fail": false,
                "pending": false,
                "code": "cy.visit(\"\", {\n  timeout: 60000\n});\ncy.accessAccountPage();\ncy.url().should('include', 'login.php');\nverifyTextContent(this.loginElements.loginPageHeading, this.loginData.loginPageHeading);",
                "err": {},
                "isRoot": false,
                "uuid": "475dfd54-44d2-4cd0-9256-092b7bd3de75",
                "isHook": false,
                "skipped": true
              },
              {
                "title": "Login Form Functionality with empty fields",
                "fullTitle": "Login.php Functionality Automation Tests - Login, Logout, Reset, Register Login Form Functionality Login Form Functionality with empty fields",
                "duration": 0,
                "state": "skipped",
                "pass": false,
                "fail": false,
                "pending": false,
                "code": "cy.signIn({\n  email: '',\n  password: ''\n});\nverifyTextContent(this.loginElements.emailInlineMessage, this.loginData.usernameWarningMessage);\nverifyTextContent(this.loginElements.passwordInlineMessage, this.loginData.passwordWarningMessage);",
                "err": {},
                "isRoot": false,
                "uuid": "d16b7f57-d287-49d5-8d98-0e862e44915e",
                "isHook": false,
                "skipped": true
              },
              {
                "title": "Login Form Functionality with invalid Credentials",
                "fullTitle": "Login.php Functionality Automation Tests - Login, Logout, Reset, Register Login Form Functionality Login Form Functionality with invalid Credentials",
                "duration": 0,
                "state": "skipped",
                "pass": false,
                "fail": false,
                "pending": false,
                "code": "cy.signIn({\n  email: this.users.invalidUser.email,\n  password: this.users.invalidUser.password\n});\nverifyTextContent(this.loginElements.emailInlineMessage, this.loginData.usernameWarningMessage);",
                "err": {},
                "isRoot": false,
                "uuid": "8ddfa391-7157-4972-88e1-61a39f272fdf",
                "isHook": false,
                "skipped": true
              },
              {
                "title": "Login Form Functionality with Unregistered User",
                "fullTitle": "Login.php Functionality Automation Tests - Login, Logout, Reset, Register Login Form Functionality Login Form Functionality with Unregistered User",
                "duration": 0,
                "state": "skipped",
                "pass": false,
                "fail": false,
                "pending": false,
                "code": "cy.signIn({\n  email: this.users.unregisteredUser.email,\n  password: this.users.unregisteredUser.password\n});\nverifyTextContent(this.loginElements.loginAlertErrorMessage, this.loginData.errorMessage);",
                "err": {},
                "isRoot": false,
                "uuid": "0a63b30a-458f-4aa1-9fde-884ff3a67c14",
                "isHook": false,
                "skipped": true
              },
              {
                "title": "Login Form Functionality with Registered User email and no password",
                "fullTitle": "Login.php Functionality Automation Tests - Login, Logout, Reset, Register Login Form Functionality Login Form Functionality with Registered User email and no password",
                "duration": 0,
                "state": "skipped",
                "pass": false,
                "fail": false,
                "pending": false,
                "code": "cy.signIn({\n  email: this.users.registeredUser.email,\n  password: ''\n});\nverifyTextContent(this.loginElements.passwordInlineMessage, this.loginData.passwordWarningMessage);",
                "err": {},
                "isRoot": false,
                "uuid": "02a93c70-ccd5-438d-aefa-51b9b59ee9cc",
                "isHook": false,
                "skipped": true
              },
              {
                "title": "Login Form Functionality with Registered User",
                "fullTitle": "Login.php Functionality Automation Tests - Login, Logout, Reset, Register Login Form Functionality Login Form Functionality with Registered User",
                "duration": 0,
                "state": "skipped",
                "pass": false,
                "fail": false,
                "pending": false,
                "code": "cy.signIn({\n  email: this.users.registeredUser.email,\n  password: this.users.registeredUser.password\n});\ncy.url().should('include', 'account.php');\nverifyTextContent(this.myAccountElements.accountPageHeading, this.myAccountData.accountPageHeading);",
                "err": {},
                "isRoot": false,
                "uuid": "04ec3192-fb0a-48a8-bf52-bca9d9790f22",
                "isHook": false,
                "skipped": true
              }
            ],
            "suites": [],
            "passes": [],
            "failures": [],
            "pending": [],
            "skipped": [
              "475dfd54-44d2-4cd0-9256-092b7bd3de75",
              "d16b7f57-d287-49d5-8d98-0e862e44915e",
              "8ddfa391-7157-4972-88e1-61a39f272fdf",
              "0a63b30a-458f-4aa1-9fde-884ff3a67c14",
              "02a93c70-ccd5-438d-aefa-51b9b59ee9cc",
              "04ec3192-fb0a-48a8-bf52-bca9d9790f22"
            ],
            "duration": 0,
            "root": false,
            "rootEmpty": false,
            "_timeout": 2000
          },
          {
            "uuid": "69ee187e-8853-4ed9-a6a4-b84403e495ba",
            "title": "Logout Functionality",
            "fullFile": "",
            "file": "",
            "beforeHooks": [],
            "afterHooks": [],
            "tests": [
              {
                "title": "Access the Login Page and Verify",
                "fullTitle": "Login.php Functionality Automation Tests - Login, Logout, Reset, Register Logout Functionality Access the Login Page and Verify",
                "duration": 0,
                "state": "skipped",
                "pass": false,
                "fail": false,
                "pending": false,
                "code": "cy.visit(\"\", {\n  timeout: 60000\n});\ncy.accessAccountPage();\ncy.url().should('include', 'login.php');\nverifyTextContent(this.loginElements.loginPageHeading, this.loginData.loginPageHeading);\ncy.signIn({\n  email: this.users.registeredUser.email,\n  password: this.users.registeredUser.password\n});\ncy.url().should('include', 'account.php');\nverifyTextContent(this.myAccountElements.accountPageHeading, this.myAccountData.accountPageHeading);",
                "err": {},
                "isRoot": false,
                "uuid": "80f1c36a-2f26-4398-bad5-3836245d6499",
                "isHook": false,
                "skipped": true
              },
              {
                "title": "Logout Button functionality",
                "fullTitle": "Login.php Functionality Automation Tests - Login, Logout, Reset, Register Logout Functionality Logout Button functionality",
                "duration": 0,
                "state": "skipped",
                "pass": false,
                "fail": false,
                "pending": false,
                "code": "cy.logout();\nverifyTextContent(this.loginElements.loginAlertSuccessMessage, this.loginData.logoutMessage);",
                "err": {},
                "isRoot": false,
                "uuid": "27046863-163f-4418-8dd8-a83f40465722",
                "isHook": false,
                "skipped": true
              }
            ],
            "suites": [],
            "passes": [],
            "failures": [],
            "pending": [],
            "skipped": [
              "80f1c36a-2f26-4398-bad5-3836245d6499",
              "27046863-163f-4418-8dd8-a83f40465722"
            ],
            "duration": 0,
            "root": false,
            "rootEmpty": false,
            "_timeout": 2000
          },
          {
            "uuid": "dde11c9d-c058-4484-b537-165b030d33a9",
            "title": "Register Form Functionality",
            "fullFile": "",
            "file": "",
            "beforeHooks": [],
            "afterHooks": [],
            "tests": [
              {
                "title": "Access the SignIn Page",
                "fullTitle": "Login.php Functionality Automation Tests - Login, Logout, Reset, Register Register Form Functionality Access the SignIn Page",
                "duration": 0,
                "state": "skipped",
                "pass": false,
                "fail": false,
                "pending": false,
                "code": "cy.visit(\"\", {\n  timeout: 60000\n});\ncy.accessAccountPage();\ncy.url().should('include', 'login.php');\nverifyTextContent(this.loginElements.loginPageHeading, this.loginData.loginPageHeading);",
                "err": {},
                "isRoot": false,
                "uuid": "c4496b77-b6be-408b-a425-93e036d1d77a",
                "isHook": false,
                "skipped": true
              },
              {
                "title": "Navigate to Register Form and verify visibility",
                "fullTitle": "Login.php Functionality Automation Tests - Login, Logout, Reset, Register Register Form Functionality Navigate to Register Form and verify visibility",
                "duration": 0,
                "state": "skipped",
                "pass": false,
                "fail": false,
                "pending": false,
                "code": "verifyTextContent(this.loginElements.registerDivHeader, this.loginData.registerDivHeader);\ncy.get(this.loginElements.registerButton).should('have.attr', 'href', this.loginData.registerLink).should('be.visible').click();",
                "err": {},
                "isRoot": false,
                "uuid": "56df29a7-add7-46a8-9610-37c8458d87bb",
                "isHook": false,
                "skipped": true
              }
            ],
            "suites": [
              {
                "uuid": "4cc91715-057b-47a8-bb32-af185430d0e2",
                "title": "Form Fields Required Attribute and Asterisk",
                "fullFile": "",
                "file": "",
                "beforeHooks": [],
                "afterHooks": [],
                "tests": [
                  {
                    "title": "First Name",
                    "fullTitle": "Login.php Functionality Automation Tests - Login, Logout, Reset, Register Register Form Functionality Form Fields Required Attribute and Asterisk First Name",
                    "duration": 0,
                    "state": "skipped",
                    "pass": false,
                    "fail": false,
                    "pending": false,
                    "code": "verifyFieldAttributes(this.registerElements.firstNameInput, this.registerElements.firstNameLabel);",
                    "err": {},
                    "isRoot": false,
                    "uuid": "15af87e0-dd9c-42d3-8ca6-8a1e5645421a",
                    "isHook": false,
                    "skipped": true
                  },
                  {
                    "title": "Last Name",
                    "fullTitle": "Login.php Functionality Automation Tests - Login, Logout, Reset, Register Register Form Functionality Form Fields Required Attribute and Asterisk Last Name",
                    "duration": 0,
                    "state": "skipped",
                    "pass": false,
                    "fail": false,
                    "pending": false,
                    "code": "verifyFieldAttributes(this.registerElements.lastNameInput, this.registerElements.lastNameLabel);",
                    "err": {},
                    "isRoot": false,
                    "uuid": "f34c6aad-7284-4b0d-a87d-d5811584eac6",
                    "isHook": false,
                    "skipped": true
                  },
                  {
                    "title": "Email",
                    "fullTitle": "Login.php Functionality Automation Tests - Login, Logout, Reset, Register Register Form Functionality Form Fields Required Attribute and Asterisk Email",
                    "duration": 0,
                    "state": "skipped",
                    "pass": false,
                    "fail": false,
                    "pending": false,
                    "code": "verifyFieldAttributes(this.registerElements.emailInput, this.registerElements.emailLabel);",
                    "err": {},
                    "isRoot": false,
                    "uuid": "d97e0a2d-ebac-431b-90e6-51e37d312f34",
                    "isHook": false,
                    "skipped": true
                  },
                  {
                    "title": "Password",
                    "fullTitle": "Login.php Functionality Automation Tests - Login, Logout, Reset, Register Register Form Functionality Form Fields Required Attribute and Asterisk Password",
                    "duration": 0,
                    "state": "skipped",
                    "pass": false,
                    "fail": false,
                    "pending": false,
                    "code": "verifyFieldAttributes(this.registerElements.passwordInput, this.registerElements.passwordLabel);",
                    "err": {},
                    "isRoot": false,
                    "uuid": "eda631cd-2556-40b2-b9ab-8e0f82fa858f",
                    "isHook": false,
                    "skipped": true
                  },
                  {
                    "title": "Confirm Password",
                    "fullTitle": "Login.php Functionality Automation Tests - Login, Logout, Reset, Register Register Form Functionality Form Fields Required Attribute and Asterisk Confirm Password",
                    "duration": 0,
                    "state": "skipped",
                    "pass": false,
                    "fail": false,
                    "pending": false,
                    "code": "verifyFieldAttributes(this.registerElements.confirmPasswordInput, this.registerElements.confirmPasswordLabel);",
                    "err": {},
                    "isRoot": false,
                    "uuid": "1c3cf119-b509-4efb-92df-174ee1e0e2ea",
                    "isHook": false,
                    "skipped": true
                  },
                  {
                    "title": "Address Line 1",
                    "fullTitle": "Login.php Functionality Automation Tests - Login, Logout, Reset, Register Register Form Functionality Form Fields Required Attribute and Asterisk Address Line 1",
                    "duration": 0,
                    "state": "skipped",
                    "pass": false,
                    "fail": false,
                    "pending": false,
                    "code": "verifyFieldAttributes(this.registerElements.addressLine1Input, this.registerElements.addressLine1Label);",
                    "err": {},
                    "isRoot": false,
                    "uuid": "0ef225a6-ee4f-45cd-84a9-8dd7bbc36330",
                    "isHook": false,
                    "skipped": true
                  },
                  {
                    "title": "City",
                    "fullTitle": "Login.php Functionality Automation Tests - Login, Logout, Reset, Register Register Form Functionality Form Fields Required Attribute and Asterisk City",
                    "duration": 0,
                    "state": "skipped",
                    "pass": false,
                    "fail": false,
                    "pending": false,
                    "code": "verifyFieldAttributes(this.registerElements.cityInput, this.registerElements.cityLabel);",
                    "err": {},
                    "isRoot": false,
                    "uuid": "f2973df1-4292-46be-916b-64244ff8fc2c",
                    "isHook": false,
                    "skipped": true
                  },
                  {
                    "title": "Country",
                    "fullTitle": "Login.php Functionality Automation Tests - Login, Logout, Reset, Register Register Form Functionality Form Fields Required Attribute and Asterisk Country",
                    "duration": 0,
                    "state": "skipped",
                    "pass": false,
                    "fail": false,
                    "pending": false,
                    "code": "verifyFieldAttributes(this.registerElements.countrySelect, this.registerElements.countryLabel);",
                    "err": {},
                    "isRoot": false,
                    "uuid": "b61f2b8e-df80-4911-8bcd-11eb6bc4d94f",
                    "isHook": false,
                    "skipped": true
                  },
                  {
                    "title": "State",
                    "fullTitle": "Login.php Functionality Automation Tests - Login, Logout, Reset, Register Register Form Functionality Form Fields Required Attribute and Asterisk State",
                    "duration": 0,
                    "state": "skipped",
                    "pass": false,
                    "fail": false,
                    "pending": false,
                    "code": "verifyFieldAttributes(this.registerElements.stateSelect, this.registerElements.stateLabel);",
                    "err": {},
                    "isRoot": false,
                    "uuid": "75724b49-5f71-4594-a072-8eeeb361d5b8",
                    "isHook": false,
                    "skipped": true
                  },
                  {
                    "title": "Phone Number",
                    "fullTitle": "Login.php Functionality Automation Tests - Login, Logout, Reset, Register Register Form Functionality Form Fields Required Attribute and Asterisk Phone Number",
                    "duration": 0,
                    "state": "skipped",
                    "pass": false,
                    "fail": false,
                    "pending": false,
                    "code": "verifyFieldAttributes(this.registerElements.phoneInput, this.registerElements.phoneLabel);",
                    "err": {},
                    "isRoot": false,
                    "uuid": "c766f058-71ea-4112-aaa9-3a48091586c2",
                    "isHook": false,
                    "skipped": true
                  }
                ],
                "suites": [],
                "passes": [],
                "failures": [],
                "pending": [],
                "skipped": [
                  "15af87e0-dd9c-42d3-8ca6-8a1e5645421a",
                  "f34c6aad-7284-4b0d-a87d-d5811584eac6",
                  "d97e0a2d-ebac-431b-90e6-51e37d312f34",
                  "eda631cd-2556-40b2-b9ab-8e0f82fa858f",
                  "1c3cf119-b509-4efb-92df-174ee1e0e2ea",
                  "0ef225a6-ee4f-45cd-84a9-8dd7bbc36330",
                  "f2973df1-4292-46be-916b-64244ff8fc2c",
                  "b61f2b8e-df80-4911-8bcd-11eb6bc4d94f",
                  "75724b49-5f71-4594-a072-8eeeb361d5b8",
                  "c766f058-71ea-4112-aaa9-3a48091586c2"
                ],
                "duration": 0,
                "root": false,
                "rootEmpty": false,
                "_timeout": 2000
              },
              {
                "uuid": "90db4177-3156-44e5-903e-023f6ce9e4c3",
                "title": "Verify Fields Format",
                "fullFile": "",
                "file": "",
                "beforeHooks": [],
                "afterHooks": [],
                "tests": [],
                "suites": [
                  {
                    "uuid": "688de027-3cec-498f-b8d1-03fbbf3fb704",
                    "title": "Password & confirm Password fields verification process",
                    "fullFile": "",
                    "file": "",
                    "beforeHooks": [],
                    "afterHooks": [],
                    "tests": [
                      {
                        "title": "Only Numeric Characters",
                        "fullTitle": "Login.php Functionality Automation Tests - Login, Logout, Reset, Register Register Form Functionality Verify Fields Format Password & confirm Password fields verification process Only Numeric Characters",
                        "duration": 0,
                        "state": "skipped",
                        "pass": false,
                        "fail": false,
                        "pending": false,
                        "code": "formatVerification(this.registerElements.passwordInput, '123456789', this.registerElements.passwordInlineMessage, this.registerData.passwordInlineMessage);",
                        "err": {},
                        "isRoot": false,
                        "uuid": "db2e6a76-b0b5-4bcf-8b68-9e593276a702",
                        "isHook": false,
                        "skipped": true
                      },
                      {
                        "title": "Only alphabetic Characters",
                        "fullTitle": "Login.php Functionality Automation Tests - Login, Logout, Reset, Register Register Form Functionality Verify Fields Format Password & confirm Password fields verification process Only alphabetic Characters",
                        "duration": 0,
                        "state": "skipped",
                        "pass": false,
                        "fail": false,
                        "pending": false,
                        "code": "formatVerification(this.registerElements.passwordInput, 'qwertyqwerty', this.registerElements.passwordInlineMessage, this.registerData.passwordInlineMessage);",
                        "err": {},
                        "isRoot": false,
                        "uuid": "8b6e5931-13aa-46a6-a24d-adfbc0e0b950",
                        "isHook": false,
                        "skipped": true
                      },
                      {
                        "title": "Less than 7 characters",
                        "fullTitle": "Login.php Functionality Automation Tests - Login, Logout, Reset, Register Register Form Functionality Verify Fields Format Password & confirm Password fields verification process Less than 7 characters",
                        "duration": 0,
                        "state": "skipped",
                        "pass": false,
                        "fail": false,
                        "pending": false,
                        "code": "formatVerification(this.registerElements.passwordInput, 'qwer12', this.registerElements.passwordInlineMessage, this.registerData.passwordInlineMessage);",
                        "err": {},
                        "isRoot": false,
                        "uuid": "f17847af-7ae3-4bfa-a195-50f0c2d88e0e",
                        "isHook": false,
                        "skipped": true
                      },
                      {
                        "title": "Passwords don't match",
                        "fullTitle": "Login.php Functionality Automation Tests - Login, Logout, Reset, Register Register Form Functionality Verify Fields Format Password & confirm Password fields verification process Passwords don't match",
                        "duration": 0,
                        "state": "skipped",
                        "pass": false,
                        "fail": false,
                        "pending": false,
                        "code": "formatVerification(this.registerElements.passwordInput, 'qwerty12345', \" \", \" \", this.registerElements.confirmPasswordInput, 'qwerty123', this.registerElements.confirmPasswordInlineMessage, this.registerData.confirmPasswordInlineMessage);",
                        "err": {},
                        "isRoot": false,
                        "uuid": "8afbf9e5-6cde-4ec5-b772-705de5cd849a",
                        "isHook": false,
                        "skipped": true
                      },
                      {
                        "title": "Matching Password",
                        "fullTitle": "Login.php Functionality Automation Tests - Login, Logout, Reset, Register Register Form Functionality Verify Fields Format Password & confirm Password fields verification process Matching Password",
                        "duration": 0,
                        "state": "skipped",
                        "pass": false,
                        "fail": false,
                        "pending": false,
                        "code": "var _this = this;\ncy.get(this.registerElements.passwordInput).clear().type('qwerty12345');\ncy.get(this.registerElements.confirmPasswordInput).clear().type('qwerty12345');\ncy.get(this.registerElements.passwordInput).invoke('val').then(function (fstElement) {\n  cy.get(_this.registerElements.confirmPasswordInput).should('have.value', fstElement);\n});\ncy.get(this.registerElements.passwordInput).clear();\ncy.get(this.registerElements.confirmPasswordInput).clear();",
                        "err": {},
                        "isRoot": false,
                        "uuid": "1bcbe0de-b7b5-48e7-bc2f-c329e98502e0",
                        "isHook": false,
                        "skipped": true
                      }
                    ],
                    "suites": [],
                    "passes": [],
                    "failures": [],
                    "pending": [],
                    "skipped": [
                      "db2e6a76-b0b5-4bcf-8b68-9e593276a702",
                      "8b6e5931-13aa-46a6-a24d-adfbc0e0b950",
                      "f17847af-7ae3-4bfa-a195-50f0c2d88e0e",
                      "8afbf9e5-6cde-4ec5-b772-705de5cd849a",
                      "1bcbe0de-b7b5-48e7-bc2f-c329e98502e0"
                    ],
                    "duration": 0,
                    "root": false,
                    "rootEmpty": false,
                    "_timeout": 2000
                  },
                  {
                    "uuid": "a503b5b4-c7f7-4045-808c-314f39f30202",
                    "title": "Email field verification process",
                    "fullFile": "",
                    "file": "",
                    "beforeHooks": [],
                    "afterHooks": [],
                    "tests": [
                      {
                        "title": "Invalid email format",
                        "fullTitle": "Login.php Functionality Automation Tests - Login, Logout, Reset, Register Register Form Functionality Verify Fields Format Email field verification process Invalid email format",
                        "duration": 0,
                        "state": "skipped",
                        "pass": false,
                        "fail": false,
                        "pending": false,
                        "code": "cy.get(this.registerElements.emailInput).clear().type(this.users.invalidUser.email);\nverifyTextContent(this.registerElements.emailInlineMessage, this.registerData.emailInlineMessage);",
                        "err": {},
                        "isRoot": false,
                        "uuid": "df3305ec-4924-4a4a-88d9-031f8d20b33b",
                        "isHook": false,
                        "skipped": true
                      },
                      {
                        "title": "Valid email format",
                        "fullTitle": "Login.php Functionality Automation Tests - Login, Logout, Reset, Register Register Form Functionality Verify Fields Format Email field verification process Valid email format",
                        "duration": 0,
                        "state": "skipped",
                        "pass": false,
                        "fail": false,
                        "pending": false,
                        "code": "cy.get(this.registerElements.emailInput).clear().type(this.users.registeredUser.email);\ncy.get(this.registerElements.emailInput, {\n  requestTimeout: 6000\n}).invoke('val').should('match', /^([a-zA-Z0-9_\\-\\.]+)@((\\[[0-9]{1,3}\\.[0-9]{1,3}\\.[0-9]{1,3}\\.)|(([a-zA-Z0-9\\-]+\\.)+))([a-zA-Z]{2,4}|[0-9]{1,3})(\\]?)$/);",
                        "err": {},
                        "isRoot": false,
                        "uuid": "6af18c50-02a4-4f76-86ac-174512341a9c",
                        "isHook": false,
                        "skipped": true
                      }
                    ],
                    "suites": [],
                    "passes": [],
                    "failures": [],
                    "pending": [],
                    "skipped": [
                      "df3305ec-4924-4a4a-88d9-031f8d20b33b",
                      "6af18c50-02a4-4f76-86ac-174512341a9c"
                    ],
                    "duration": 0,
                    "root": false,
                    "rootEmpty": false,
                    "_timeout": 2000
                  }
                ],
                "passes": [],
                "failures": [],
                "pending": [],
                "skipped": [],
                "duration": 0,
                "root": false,
                "rootEmpty": false,
                "_timeout": 2000
              },
              {
                "uuid": "f55830c2-032f-4810-92c3-d09d90599247",
                "title": "Submitting the registration form",
                "fullFile": "",
                "file": "",
                "beforeHooks": [],
                "afterHooks": [],
                "tests": [
                  {
                    "title": "Register with existing user",
                    "fullTitle": "Login.php Functionality Automation Tests - Login, Logout, Reset, Register Register Form Functionality Submitting the registration form Register with existing user",
                    "duration": 0,
                    "state": "skipped",
                    "pass": false,
                    "fail": false,
                    "pending": false,
                    "code": "cy.reload();\ncy.fillInputForm({\n  element: this.registerElements.firstNameInput,\n  text: this.users.registeredUser.firstName\n});\ncy.fillInputForm({\n  element: this.registerElements.lastNameInput,\n  text: this.users.registeredUser.lastName\n});\ncy.fillInputForm({\n  element: this.registerElements.emailInput,\n  text: this.users.registeredUser.email\n});\ncy.fillInputForm({\n  element: this.registerElements.phoneInput,\n  text: this.users.registeredUser.phone\n});\ncy.fillInputForm({\n  element: this.registerElements.passwordInput,\n  text: this.users.registeredUser.password\n}), cy.fillInputForm({\n  element: this.registerElements.confirmPasswordInput,\n  text: this.users.registeredUser.password\n}), cy.fillInputForm({\n  element: this.registerElements.addressLine1Input,\n  text: this.users.registeredUser.address.street + ' ' + this.users.registeredUser.address.suite\n});\ncy.fillInputForm({\n  element: this.registerElements.addressLine2Input,\n  text: this.users.registeredUser.address.address2\n}), cy.fillSelectForm({\n  element: this.registerElements.countrySelect,\n  text: this.users.registeredUser.address.country\n}), cy.fillInputForm({\n  element: this.registerElements.cityInput,\n  text: this.users.registeredUser.address.city\n}), cy.fillSelectForm({\n  element: this.registerElements.stateSelect,\n  text: this.users.registeredUser.address.state\n}), cy.fillInputForm({\n  element: this.registerElements.postalCodeInput,\n  text: this.users.registeredUser.address.postalCode\n}), cy.fillInputForm({\n  element: this.registerElements.companyNameInput,\n  text: this.users.registeredUser.company.name\n});\ncy.get('form').contains('Create Account').click();\ncy.get('.alertBox--error .alertBox-message', {\n  timeout: 6000\n}).should('be.visible').invoke('text').should('contain', this.registerData.formErrorMessage1 + \" \" + this.users.registeredUser.email + \" \" + this.registerData.formErrorMessage2);",
                    "err": {},
                    "isRoot": false,
                    "uuid": "64810b06-5009-406a-9eba-bb439776f6d7",
                    "isHook": false,
                    "skipped": true
                  },
                  {
                    "title": "Register new user",
                    "fullTitle": "Login.php Functionality Automation Tests - Login, Logout, Reset, Register Register Form Functionality Submitting the registration form Register new user",
                    "duration": 0,
                    "state": "skipped",
                    "pass": false,
                    "fail": false,
                    "pending": false,
                    "code": "cy.reload();\ncy.fillInputForm({\n  element: this.registerElements.firstNameInput,\n  text: this.users.newUser.firstName\n});\ncy.fillInputForm({\n  element: this.registerElements.lastNameInput,\n  text: this.users.newUser.lastName\n});\ncy.fillInputForm({\n  element: this.registerElements.emailInput,\n  text: this.users.newUser.email\n});\ncy.fillInputForm({\n  element: this.registerElements.phoneInput,\n  text: this.users.newUser.phone\n});\ncy.fillInputForm({\n  element: this.registerElements.passwordInput,\n  text: this.users.newUser.password\n}), cy.fillInputForm({\n  element: this.registerElements.confirmPasswordInput,\n  text: this.users.newUser.password\n}), cy.fillInputForm({\n  element: this.registerElements.addressLine1Input,\n  text: this.users.newUser.address.street + ' ' + this.users.newUser.address.suite\n});\ncy.fillInputForm({\n  element: this.registerElements.addressLine2Input,\n  text: this.users.newUser.address.address2\n}), cy.fillSelectForm({\n  element: this.registerElements.countrySelect,\n  text: this.users.newUser.address.country\n}), cy.fillInputForm({\n  element: this.registerElements.cityInput,\n  text: this.users.newUser.address.city\n}), cy.fillSelectForm({\n  element: this.registerElements.stateSelect,\n  text: this.users.newUser.address.state\n}), cy.fillInputForm({\n  element: this.registerElements.postalCodeInput,\n  text: this.users.newUser.address.postalCode\n}), cy.fillInputForm({\n  element: this.registerElements.companyNameInput,\n  text: this.users.newUser.company.name\n});\ncy.get('form').contains('Create Account').click(); //cy.wait({requestTimeout: 2000})\ncy.url({\n  requestTimeout: 10000\n}).should('include', '/login.php?action=account_created');\ncy.get(this.registerElements.createdAccountPageHeading, {\n  requestTimeout: 6000\n}).should('be.visible', {\n  timeout: 6000\n});",
                    "err": {},
                    "isRoot": false,
                    "uuid": "013847b2-8799-436a-8279-6ae4c9241001",
                    "isHook": false,
                    "skipped": true
                  },
                  {
                    "title": "Confirm New User Registeration by Signing In NewUser",
                    "fullTitle": "Login.php Functionality Automation Tests - Login, Logout, Reset, Register Register Form Functionality Submitting the registration form Confirm New User Registeration by Signing In NewUser",
                    "duration": 0,
                    "state": "skipped",
                    "pass": false,
                    "fail": false,
                    "pending": false,
                    "code": "cy.logout();\ncy.loginPage();\ncy.signIn({\n  email: this.users.newUser.email,\n  password: this.users.newUser.password\n});\ncy.url().should('include', 'account.php');\nverifyTextContent(this.myAccountElements.accountPageHeading, this.myAccountData.accountPageHeading);",
                    "err": {},
                    "isRoot": false,
                    "uuid": "bf0a18ee-8568-464f-9502-e8cc9f9304f1",
                    "isHook": false,
                    "skipped": true
                  }
                ],
                "suites": [],
                "passes": [],
                "failures": [],
                "pending": [],
                "skipped": [
                  "64810b06-5009-406a-9eba-bb439776f6d7",
                  "013847b2-8799-436a-8279-6ae4c9241001",
                  "bf0a18ee-8568-464f-9502-e8cc9f9304f1"
                ],
                "duration": 0,
                "root": false,
                "rootEmpty": false,
                "_timeout": 2000
              }
            ],
            "passes": [],
            "failures": [],
            "pending": [],
            "skipped": [
              "c4496b77-b6be-408b-a425-93e036d1d77a",
              "56df29a7-add7-46a8-9610-37c8458d87bb"
            ],
            "duration": 0,
            "root": false,
            "rootEmpty": false,
            "_timeout": 2000
          }
        ],
        "passes": [],
        "failures": [],
        "pending": [],
        "skipped": [],
        "duration": 0,
        "root": false,
        "rootEmpty": false,
        "_timeout": 2000
      }
    ],
    "passes": [],
    "failures": [],
    "pending": [],
    "skipped": [],
    "duration": 0,
    "root": true,
    "rootEmpty": true,
    "_timeout": 2000
  },
  "copyrightYear": 2019
}