{
  "stats": {
    "suites": 1,
    "tests": 0,
    "passes": 0,
    "pending": 0,
    "failures": 0,
    "start": "2019-05-23T16:10:53.027Z",
    "end": "2019-05-23T16:10:53.482Z",
    "duration": 455,
    "testsRegistered": 37,
    "passPercent": 0,
    "pendingPercent": 0,
    "other": 1,
    "hasOther": true,
    "skipped": 37,
    "hasSkipped": true,
    "passPercentClass": "danger",
    "pendingPercentClass": "danger"
  },
  "suites": {
    "uuid": "5324bc68-601e-45c3-b742-1956c98d18ca",
    "title": "",
    "fullFile": "",
    "file": "",
    "beforeHooks": [],
    "afterHooks": [],
    "tests": [],
    "suites": [
      {
        "uuid": "fc9c7971-df16-4e71-8c5d-bfc416006d96",
        "title": "Login.php Functionality Automation Tests - Login, Logout, Reset, Register",
        "fullFile": "",
        "file": "",
        "beforeHooks": [],
        "afterHooks": [],
        "tests": [],
        "suites": [
          {
            "uuid": "1ec220cb-131b-4091-b22b-ac2acf944b65",
            "title": "Forget Password Form Functionality",
            "fullFile": "",
            "file": "",
            "beforeHooks": [],
            "afterHooks": [],
            "tests": [
              {
                "title": "Access the login Page",
                "fullTitle": "Login.php Functionality Automation Tests - Login, Logout, Reset, Register Forget Password Form Functionality Access the login Page",
                "duration": 423,
                "state": "failed",
                "pass": false,
                "fail": true,
                "pending": false,
                "code": "cy.accessAccountPage();\ncy.url().should('include', 'login.php');\nverifyTextContent(this.loginElements.loginPageHeading, this.loginData.loginPageHeading);",
                "err": {
                  "message": "CypressError: cy.visit() failed trying to load:\n\nWe failed looking for this file at the path:\n\n/Users/husseinabdallah/Desktop/HybridFramework/BigCommerceFrameWork/\n\nThe internal Cypress web server responded with:\n\n  > 404: Not Found\n\nBecause this error occurred during a 'before all' hook we are skipping the remaining tests in the current suite: 'Login.php Functionality Aut...'",
                  "estack": "CypressError: cy.visit() failed trying to load:\n\nWe failed looking for this file at the path:\n\n/Users/husseinabdallah/Desktop/HybridFramework/BigCommerceFrameWork/\n\nThe internal Cypress web server responded with:\n\n  > 404: Not Found\n\nBecause this error occurred during a 'before all' hook we are skipping the remaining tests in the current suite: 'Login.php Functionality Aut...'\n    at Object.cypressErr (http://localhost:60653/__cypress/runner/cypress_runner.js:65727:11)\n    at Object.throwErr (http://localhost:60653/__cypress/runner/cypress_runner.js:65692:18)\n    at Object.throwErrByPath (http://localhost:60653/__cypress/runner/cypress_runner.js:65719:17)\n    at http://localhost:60653/__cypress/runner/cypress_runner.js:56262:31\n    at visitFailedByErr (http://localhost:60653/__cypress/runner/cypress_runner.js:55840:12)\n    at http://localhost:60653/__cypress/runner/cypress_runner.js:56243:22\n    at tryCatcher (http://localhost:60653/__cypress/runner/cypress_runner.js:131273:23)\n    at Promise._settlePromiseFromHandler (http://localhost:60653/__cypress/runner/cypress_runner.js:129291:31)\n    at Promise._settlePromise (http://localhost:60653/__cypress/runner/cypress_runner.js:129348:18)\n    at Promise._settlePromise0 (http://localhost:60653/__cypress/runner/cypress_runner.js:129393:10)\n    at Promise._settlePromises (http://localhost:60653/__cypress/runner/cypress_runner.js:129468:18)\n    at Async._drainQueue (http://localhost:60653/__cypress/runner/cypress_runner.js:126197:16)\n    at Async._drainQueues (http://localhost:60653/__cypress/runner/cypress_runner.js:126207:10)\n    at Async.drainQueues (http://localhost:60653/__cypress/runner/cypress_runner.js:126081:14)\n    at <anonymous>"
                },
                "isRoot": false,
                "uuid": "4ec30440-7db7-4b0d-906e-578edca0f1eb",
                "isHook": false,
                "skipped": false
              },
              {
                "title": "Check if the link is Visible",
                "fullTitle": "Login.php Functionality Automation Tests - Login, Logout, Reset, Register Forget Password Form Functionality Check if the link is Visible",
                "duration": 0,
                "state": "skipped",
                "pass": false,
                "fail": false,
                "pending": false,
                "code": "cy.get(this.loginElements.forgetPasswordLink, {\n  timeout: 6000\n}).should('be.visible').should('have.attr', 'href');",
                "err": {},
                "isRoot": false,
                "uuid": "17d48fca-2106-4d1d-a78c-938a80cd7818",
                "isHook": false,
                "skipped": true
              },
              {
                "title": "Access the forget Password form and verify it is visible",
                "fullTitle": "Login.php Functionality Automation Tests - Login, Logout, Reset, Register Forget Password Form Functionality Access the forget Password form and verify it is visible",
                "duration": 0,
                "state": "skipped",
                "pass": false,
                "fail": false,
                "pending": false,
                "code": "cy.get(this.loginElements.forgetPasswordLink).click({\n  timeout: 6000\n});\ncy.url().should('include', 'reset_password');",
                "err": {},
                "isRoot": false,
                "uuid": "f9e5a306-4872-454f-b894-7fcdcee38dc9",
                "isHook": false,
                "skipped": true
              },
              {
                "title": "Verify form doesn't accept empty fields",
                "fullTitle": "Login.php Functionality Automation Tests - Login, Logout, Reset, Register Forget Password Form Functionality Verify form doesn't accept empty fields",
                "duration": 0,
                "state": "skipped",
                "pass": false,
                "fail": false,
                "pending": false,
                "code": "cy.forgetPassword({\n  email: ''\n});\nverifyTextContent(this.forgetPasswordElements.alertWarningMessage, this.forgetPasswordData.invalidForgetFormAlert);",
                "err": {},
                "isRoot": false,
                "uuid": "25b09b46-719b-4ce3-a130-d162e669007a",
                "isHook": false,
                "skipped": true
              },
              {
                "title": "Forget Password Form with invalid email",
                "fullTitle": "Login.php Functionality Automation Tests - Login, Logout, Reset, Register Forget Password Form Functionality Forget Password Form with invalid email",
                "duration": 0,
                "state": "skipped",
                "pass": false,
                "fail": false,
                "pending": false,
                "code": "cy.forgetPassword({\n  email: this.forgetPasswordData.invalidEmail\n});\nverifyTextContent(this.forgetPasswordElements.alertWarningMessage, this.forgetPasswordData.invalidForgetFormAlert);",
                "err": {},
                "isRoot": false,
                "uuid": "4ff290e3-664e-4d67-8994-dae0a998c82e",
                "isHook": false,
                "skipped": true
              },
              {
                "title": "Forget Password Form with unregistered email",
                "fullTitle": "Login.php Functionality Automation Tests - Login, Logout, Reset, Register Forget Password Form Functionality Forget Password Form with unregistered email",
                "duration": 0,
                "state": "skipped",
                "pass": false,
                "fail": false,
                "pending": false,
                "code": "cy.forgetPassword({\n  email: this.users.unregisteredUser.email\n});\nverifyTextContent(this.forgetPasswordElements.alertErrorMessage, this.forgetPasswordData.forgetFormErrorMessage);",
                "err": {},
                "isRoot": false,
                "uuid": "21f70a6b-d529-4dad-880a-05d43566d7e3",
                "isHook": false,
                "skipped": true
              },
              {
                "title": "Forget Password Form with registered email",
                "fullTitle": "Login.php Functionality Automation Tests - Login, Logout, Reset, Register Forget Password Form Functionality Forget Password Form with registered email",
                "duration": 0,
                "state": "skipped",
                "pass": false,
                "fail": false,
                "pending": false,
                "code": "cy.forgetPassword({\n  email: this.users.registeredUser.email\n});\nverifyTextContent(this.forgetPasswordElements.alertSuccessMessage, this.forgetPasswordData.forgetFormSuccessMessage);\ncy.get(this.loginElements.signInForm).should('be.visible');\nverifyTextContent(this.loginElements.loginPageHeading, this.loginData.loginPageHeading);",
                "err": {},
                "isRoot": false,
                "uuid": "29fdb072-1d21-4d2a-a2e9-416e10801199",
                "isHook": false,
                "skipped": true
              }
            ],
            "suites": [],
            "passes": [],
            "failures": [
              "4ec30440-7db7-4b0d-906e-578edca0f1eb"
            ],
            "pending": [],
            "skipped": [
              "17d48fca-2106-4d1d-a78c-938a80cd7818",
              "f9e5a306-4872-454f-b894-7fcdcee38dc9",
              "25b09b46-719b-4ce3-a130-d162e669007a",
              "4ff290e3-664e-4d67-8994-dae0a998c82e",
              "21f70a6b-d529-4dad-880a-05d43566d7e3",
              "29fdb072-1d21-4d2a-a2e9-416e10801199"
            ],
            "duration": 423,
            "root": false,
            "rootEmpty": false,
            "_timeout": 2000
          },
          {
            "uuid": "a47bea72-2205-48bd-8d5e-ab7674cccee7",
            "title": "Login Form Functionality",
            "fullFile": "",
            "file": "",
            "beforeHooks": [],
            "afterHooks": [],
            "tests": [
              {
                "title": "Access the login Page",
                "fullTitle": "Login.php Functionality Automation Tests - Login, Logout, Reset, Register Login Form Functionality Access the login Page",
                "duration": 0,
                "state": "skipped",
                "pass": false,
                "fail": false,
                "pending": false,
                "code": "cy.visit(\"\", {\n  timeout: 60000\n});\ncy.accessAccountPage();\ncy.url().should('include', 'login.php');\nverifyTextContent(this.loginElements.loginPageHeading, this.loginData.loginPageHeading);",
                "err": {},
                "isRoot": false,
                "uuid": "34ae8356-b26c-49be-b60c-c8feda22bb36",
                "isHook": false,
                "skipped": true
              },
              {
                "title": "Login Form Functionality with empty fields",
                "fullTitle": "Login.php Functionality Automation Tests - Login, Logout, Reset, Register Login Form Functionality Login Form Functionality with empty fields",
                "duration": 0,
                "state": "skipped",
                "pass": false,
                "fail": false,
                "pending": false,
                "code": "cy.signIn({\n  email: '',\n  password: ''\n});\nverifyTextContent(this.loginElements.emailInlineMessage, this.loginData.usernameWarningMessage);\nverifyTextContent(this.loginElements.passwordInlineMessage, this.loginData.passwordWarningMessage);",
                "err": {},
                "isRoot": false,
                "uuid": "ff5cad71-7ec9-4fea-9cb3-d50110987ae7",
                "isHook": false,
                "skipped": true
              },
              {
                "title": "Login Form Functionality with invalid Credentials",
                "fullTitle": "Login.php Functionality Automation Tests - Login, Logout, Reset, Register Login Form Functionality Login Form Functionality with invalid Credentials",
                "duration": 0,
                "state": "skipped",
                "pass": false,
                "fail": false,
                "pending": false,
                "code": "cy.signIn({\n  email: this.users.invalidUser.email,\n  password: this.users.invalidUser.password\n});\nverifyTextContent(this.loginElements.emailInlineMessage, this.loginData.usernameWarningMessage);",
                "err": {},
                "isRoot": false,
                "uuid": "2cff4449-1381-4825-b463-9d2ec49958d6",
                "isHook": false,
                "skipped": true
              },
              {
                "title": "Login Form Functionality with Unregistered User",
                "fullTitle": "Login.php Functionality Automation Tests - Login, Logout, Reset, Register Login Form Functionality Login Form Functionality with Unregistered User",
                "duration": 0,
                "state": "skipped",
                "pass": false,
                "fail": false,
                "pending": false,
                "code": "cy.signIn({\n  email: this.users.unregisteredUser.email,\n  password: this.users.unregisteredUser.password\n});\nverifyTextContent(this.loginElements.loginAlertErrorMessage, this.loginData.errorMessage);",
                "err": {},
                "isRoot": false,
                "uuid": "c5a6f79f-a431-4433-ab6e-7c729f9102fc",
                "isHook": false,
                "skipped": true
              },
              {
                "title": "Login Form Functionality with Registered User email and no password",
                "fullTitle": "Login.php Functionality Automation Tests - Login, Logout, Reset, Register Login Form Functionality Login Form Functionality with Registered User email and no password",
                "duration": 0,
                "state": "skipped",
                "pass": false,
                "fail": false,
                "pending": false,
                "code": "cy.signIn({\n  email: this.users.registeredUser.email,\n  password: ''\n});\nverifyTextContent(this.loginElements.passwordInlineMessage, this.loginData.passwordWarningMessage);",
                "err": {},
                "isRoot": false,
                "uuid": "056ae706-d141-4a85-a3ae-75ddd7a18a45",
                "isHook": false,
                "skipped": true
              },
              {
                "title": "Login Form Functionality with Registered User",
                "fullTitle": "Login.php Functionality Automation Tests - Login, Logout, Reset, Register Login Form Functionality Login Form Functionality with Registered User",
                "duration": 0,
                "state": "skipped",
                "pass": false,
                "fail": false,
                "pending": false,
                "code": "cy.signIn({\n  email: this.users.registeredUser.email,\n  password: this.users.registeredUser.password\n});\ncy.url().should('include', 'account.php');\nverifyTextContent(this.myAccountElements.accountPageHeading, this.myAccountData.accountPageHeading);",
                "err": {},
                "isRoot": false,
                "uuid": "3f7c5e53-8c55-4b48-8d6b-8541644c9485",
                "isHook": false,
                "skipped": true
              }
            ],
            "suites": [],
            "passes": [],
            "failures": [],
            "pending": [],
            "skipped": [
              "34ae8356-b26c-49be-b60c-c8feda22bb36",
              "ff5cad71-7ec9-4fea-9cb3-d50110987ae7",
              "2cff4449-1381-4825-b463-9d2ec49958d6",
              "c5a6f79f-a431-4433-ab6e-7c729f9102fc",
              "056ae706-d141-4a85-a3ae-75ddd7a18a45",
              "3f7c5e53-8c55-4b48-8d6b-8541644c9485"
            ],
            "duration": 0,
            "root": false,
            "rootEmpty": false,
            "_timeout": 2000
          },
          {
            "uuid": "db877a7e-db9f-4338-afd9-6fcfb3ff7035",
            "title": "Logout Functionality",
            "fullFile": "",
            "file": "",
            "beforeHooks": [],
            "afterHooks": [],
            "tests": [
              {
                "title": "Access the Login Page and Verify",
                "fullTitle": "Login.php Functionality Automation Tests - Login, Logout, Reset, Register Logout Functionality Access the Login Page and Verify",
                "duration": 0,
                "state": "skipped",
                "pass": false,
                "fail": false,
                "pending": false,
                "code": "cy.visit(\"\", {\n  timeout: 60000\n});\ncy.accessAccountPage();\ncy.url().should('include', 'login.php');\nverifyTextContent(this.loginElements.loginPageHeading, this.loginData.loginPageHeading);\ncy.signIn({\n  email: this.users.registeredUser.email,\n  password: this.users.registeredUser.password\n});\ncy.url().should('include', 'account.php');\nverifyTextContent(this.myAccountElements.accountPageHeading, this.myAccountData.accountPageHeading);",
                "err": {},
                "isRoot": false,
                "uuid": "c65e1638-9f01-4825-bea0-e255acf393c6",
                "isHook": false,
                "skipped": true
              },
              {
                "title": "Logout Button functionality",
                "fullTitle": "Login.php Functionality Automation Tests - Login, Logout, Reset, Register Logout Functionality Logout Button functionality",
                "duration": 0,
                "state": "skipped",
                "pass": false,
                "fail": false,
                "pending": false,
                "code": "cy.logout();\nverifyTextContent(this.loginElements.loginAlertSuccessMessage, this.loginData.logoutMessage);",
                "err": {},
                "isRoot": false,
                "uuid": "1df6dbb6-a4e9-4ff5-8236-e186ae7cff5a",
                "isHook": false,
                "skipped": true
              }
            ],
            "suites": [],
            "passes": [],
            "failures": [],
            "pending": [],
            "skipped": [
              "c65e1638-9f01-4825-bea0-e255acf393c6",
              "1df6dbb6-a4e9-4ff5-8236-e186ae7cff5a"
            ],
            "duration": 0,
            "root": false,
            "rootEmpty": false,
            "_timeout": 2000
          },
          {
            "uuid": "daad9730-7138-484b-b5ba-87582db431ed",
            "title": "Register Form Functionality",
            "fullFile": "",
            "file": "",
            "beforeHooks": [],
            "afterHooks": [],
            "tests": [
              {
                "title": "Access the SignIn Page",
                "fullTitle": "Login.php Functionality Automation Tests - Login, Logout, Reset, Register Register Form Functionality Access the SignIn Page",
                "duration": 0,
                "state": "skipped",
                "pass": false,
                "fail": false,
                "pending": false,
                "code": "cy.visit(\"\", {\n  timeout: 60000\n});\ncy.accessAccountPage();\ncy.url().should('include', 'login.php');\nverifyTextContent(this.loginElements.loginPageHeading, this.loginData.loginPageHeading);",
                "err": {},
                "isRoot": false,
                "uuid": "53a0a548-f024-469f-b83f-e6ac5db880e3",
                "isHook": false,
                "skipped": true
              },
              {
                "title": "Navigate to Register Form and verify visibility",
                "fullTitle": "Login.php Functionality Automation Tests - Login, Logout, Reset, Register Register Form Functionality Navigate to Register Form and verify visibility",
                "duration": 0,
                "state": "skipped",
                "pass": false,
                "fail": false,
                "pending": false,
                "code": "verifyTextContent(this.loginElements.registerDivHeader, this.loginData.registerDivHeader);\ncy.get(this.loginElements.registerButton).should('have.attr', 'href', this.loginData.registerLink).should('be.visible').click();",
                "err": {},
                "isRoot": false,
                "uuid": "8cfa3daa-48ee-40db-838d-933ec9258682",
                "isHook": false,
                "skipped": true
              }
            ],
            "suites": [
              {
                "uuid": "c656f47b-d80e-4963-8130-b30918a9f877",
                "title": "Form Fields Required Attribute and Asterisk",
                "fullFile": "",
                "file": "",
                "beforeHooks": [],
                "afterHooks": [],
                "tests": [
                  {
                    "title": "First Name",
                    "fullTitle": "Login.php Functionality Automation Tests - Login, Logout, Reset, Register Register Form Functionality Form Fields Required Attribute and Asterisk First Name",
                    "duration": 0,
                    "state": "skipped",
                    "pass": false,
                    "fail": false,
                    "pending": false,
                    "code": "verifyFieldAttributes(this.registerElements.firstNameInput, this.registerElements.firstNameLabel);",
                    "err": {},
                    "isRoot": false,
                    "uuid": "a27ccd5c-ba4b-4a2e-9c64-1403ad60ff56",
                    "isHook": false,
                    "skipped": true
                  },
                  {
                    "title": "Last Name",
                    "fullTitle": "Login.php Functionality Automation Tests - Login, Logout, Reset, Register Register Form Functionality Form Fields Required Attribute and Asterisk Last Name",
                    "duration": 0,
                    "state": "skipped",
                    "pass": false,
                    "fail": false,
                    "pending": false,
                    "code": "verifyFieldAttributes(this.registerElements.lastNameInput, this.registerElements.lastNameLabel);",
                    "err": {},
                    "isRoot": false,
                    "uuid": "01309bbf-f47a-494f-9e33-b0c541cab379",
                    "isHook": false,
                    "skipped": true
                  },
                  {
                    "title": "Email",
                    "fullTitle": "Login.php Functionality Automation Tests - Login, Logout, Reset, Register Register Form Functionality Form Fields Required Attribute and Asterisk Email",
                    "duration": 0,
                    "state": "skipped",
                    "pass": false,
                    "fail": false,
                    "pending": false,
                    "code": "verifyFieldAttributes(this.registerElements.emailInput, this.registerElements.emailLabel);",
                    "err": {},
                    "isRoot": false,
                    "uuid": "fc23fbf3-e549-48ab-b3be-5e604b093adc",
                    "isHook": false,
                    "skipped": true
                  },
                  {
                    "title": "Password",
                    "fullTitle": "Login.php Functionality Automation Tests - Login, Logout, Reset, Register Register Form Functionality Form Fields Required Attribute and Asterisk Password",
                    "duration": 0,
                    "state": "skipped",
                    "pass": false,
                    "fail": false,
                    "pending": false,
                    "code": "verifyFieldAttributes(this.registerElements.passwordInput, this.registerElements.passwordLabel);",
                    "err": {},
                    "isRoot": false,
                    "uuid": "b2dda539-36e8-4105-befa-1d2819da8243",
                    "isHook": false,
                    "skipped": true
                  },
                  {
                    "title": "Confirm Password",
                    "fullTitle": "Login.php Functionality Automation Tests - Login, Logout, Reset, Register Register Form Functionality Form Fields Required Attribute and Asterisk Confirm Password",
                    "duration": 0,
                    "state": "skipped",
                    "pass": false,
                    "fail": false,
                    "pending": false,
                    "code": "verifyFieldAttributes(this.registerElements.confirmPasswordInput, this.registerElements.confirmPasswordLabel);",
                    "err": {},
                    "isRoot": false,
                    "uuid": "10a2493a-32f1-4127-9ed4-064d74c49ab0",
                    "isHook": false,
                    "skipped": true
                  },
                  {
                    "title": "Address Line 1",
                    "fullTitle": "Login.php Functionality Automation Tests - Login, Logout, Reset, Register Register Form Functionality Form Fields Required Attribute and Asterisk Address Line 1",
                    "duration": 0,
                    "state": "skipped",
                    "pass": false,
                    "fail": false,
                    "pending": false,
                    "code": "verifyFieldAttributes(this.registerElements.addressLine1Input, this.registerElements.addressLine1Label);",
                    "err": {},
                    "isRoot": false,
                    "uuid": "9ca17284-45fb-48d5-9a2e-c2b677a5a27c",
                    "isHook": false,
                    "skipped": true
                  },
                  {
                    "title": "City",
                    "fullTitle": "Login.php Functionality Automation Tests - Login, Logout, Reset, Register Register Form Functionality Form Fields Required Attribute and Asterisk City",
                    "duration": 0,
                    "state": "skipped",
                    "pass": false,
                    "fail": false,
                    "pending": false,
                    "code": "verifyFieldAttributes(this.registerElements.cityInput, this.registerElements.cityLabel);",
                    "err": {},
                    "isRoot": false,
                    "uuid": "f931d234-3edc-4738-8e07-e95cd62adf58",
                    "isHook": false,
                    "skipped": true
                  },
                  {
                    "title": "Country",
                    "fullTitle": "Login.php Functionality Automation Tests - Login, Logout, Reset, Register Register Form Functionality Form Fields Required Attribute and Asterisk Country",
                    "duration": 0,
                    "state": "skipped",
                    "pass": false,
                    "fail": false,
                    "pending": false,
                    "code": "verifyFieldAttributes(this.registerElements.countrySelect, this.registerElements.countryLabel);",
                    "err": {},
                    "isRoot": false,
                    "uuid": "86274933-c2b2-4def-b134-ae0ef82e4232",
                    "isHook": false,
                    "skipped": true
                  },
                  {
                    "title": "State",
                    "fullTitle": "Login.php Functionality Automation Tests - Login, Logout, Reset, Register Register Form Functionality Form Fields Required Attribute and Asterisk State",
                    "duration": 0,
                    "state": "skipped",
                    "pass": false,
                    "fail": false,
                    "pending": false,
                    "code": "verifyFieldAttributes(this.registerElements.stateSelect, this.registerElements.stateLabel);",
                    "err": {},
                    "isRoot": false,
                    "uuid": "c290b163-523b-4a3b-abeb-d314c2af1e1c",
                    "isHook": false,
                    "skipped": true
                  },
                  {
                    "title": "Phone Number",
                    "fullTitle": "Login.php Functionality Automation Tests - Login, Logout, Reset, Register Register Form Functionality Form Fields Required Attribute and Asterisk Phone Number",
                    "duration": 0,
                    "state": "skipped",
                    "pass": false,
                    "fail": false,
                    "pending": false,
                    "code": "verifyFieldAttributes(this.registerElements.phoneInput, this.registerElements.phoneLabel);",
                    "err": {},
                    "isRoot": false,
                    "uuid": "7fbb1ba3-ad34-40db-829a-82f18a48020a",
                    "isHook": false,
                    "skipped": true
                  }
                ],
                "suites": [],
                "passes": [],
                "failures": [],
                "pending": [],
                "skipped": [
                  "a27ccd5c-ba4b-4a2e-9c64-1403ad60ff56",
                  "01309bbf-f47a-494f-9e33-b0c541cab379",
                  "fc23fbf3-e549-48ab-b3be-5e604b093adc",
                  "b2dda539-36e8-4105-befa-1d2819da8243",
                  "10a2493a-32f1-4127-9ed4-064d74c49ab0",
                  "9ca17284-45fb-48d5-9a2e-c2b677a5a27c",
                  "f931d234-3edc-4738-8e07-e95cd62adf58",
                  "86274933-c2b2-4def-b134-ae0ef82e4232",
                  "c290b163-523b-4a3b-abeb-d314c2af1e1c",
                  "7fbb1ba3-ad34-40db-829a-82f18a48020a"
                ],
                "duration": 0,
                "root": false,
                "rootEmpty": false,
                "_timeout": 2000
              },
              {
                "uuid": "8901f9ae-a926-4426-ab91-4d8f6a16b470",
                "title": "Verify Fields Format",
                "fullFile": "",
                "file": "",
                "beforeHooks": [],
                "afterHooks": [],
                "tests": [],
                "suites": [
                  {
                    "uuid": "9c7cd6d5-4859-46a6-a735-3433a5f9a214",
                    "title": "Password & confirm Password fields verification process",
                    "fullFile": "",
                    "file": "",
                    "beforeHooks": [],
                    "afterHooks": [],
                    "tests": [
                      {
                        "title": "Only Numeric Characters",
                        "fullTitle": "Login.php Functionality Automation Tests - Login, Logout, Reset, Register Register Form Functionality Verify Fields Format Password & confirm Password fields verification process Only Numeric Characters",
                        "duration": 0,
                        "state": "skipped",
                        "pass": false,
                        "fail": false,
                        "pending": false,
                        "code": "formatVerification(this.registerElements.passwordInput, '123456789', this.registerElements.passwordInlineMessage, this.registerData.passwordInlineMessage);",
                        "err": {},
                        "isRoot": false,
                        "uuid": "1936b392-0759-46d1-9ee4-bff229fdd18b",
                        "isHook": false,
                        "skipped": true
                      },
                      {
                        "title": "Only alphabetic Characters",
                        "fullTitle": "Login.php Functionality Automation Tests - Login, Logout, Reset, Register Register Form Functionality Verify Fields Format Password & confirm Password fields verification process Only alphabetic Characters",
                        "duration": 0,
                        "state": "skipped",
                        "pass": false,
                        "fail": false,
                        "pending": false,
                        "code": "formatVerification(this.registerElements.passwordInput, 'qwertyqwerty', this.registerElements.passwordInlineMessage, this.registerData.passwordInlineMessage);",
                        "err": {},
                        "isRoot": false,
                        "uuid": "593e7c07-b0c8-4855-b5a1-2219af27d1b3",
                        "isHook": false,
                        "skipped": true
                      },
                      {
                        "title": "Less than 7 characters",
                        "fullTitle": "Login.php Functionality Automation Tests - Login, Logout, Reset, Register Register Form Functionality Verify Fields Format Password & confirm Password fields verification process Less than 7 characters",
                        "duration": 0,
                        "state": "skipped",
                        "pass": false,
                        "fail": false,
                        "pending": false,
                        "code": "formatVerification(this.registerElements.passwordInput, 'qwer12', this.registerElements.passwordInlineMessage, this.registerData.passwordInlineMessage);",
                        "err": {},
                        "isRoot": false,
                        "uuid": "ca98352a-ca8f-4276-92ac-fdca606abd78",
                        "isHook": false,
                        "skipped": true
                      },
                      {
                        "title": "Passwords don't match",
                        "fullTitle": "Login.php Functionality Automation Tests - Login, Logout, Reset, Register Register Form Functionality Verify Fields Format Password & confirm Password fields verification process Passwords don't match",
                        "duration": 0,
                        "state": "skipped",
                        "pass": false,
                        "fail": false,
                        "pending": false,
                        "code": "formatVerification(this.registerElements.passwordInput, 'qwerty12345', \" \", \" \", this.registerElements.confirmPasswordInput, 'qwerty123', this.registerElements.confirmPasswordInlineMessage, this.registerData.confirmPasswordInlineMessage);",
                        "err": {},
                        "isRoot": false,
                        "uuid": "b70457a9-9314-4f7d-a07b-a83c75e638e8",
                        "isHook": false,
                        "skipped": true
                      },
                      {
                        "title": "Matching Password",
                        "fullTitle": "Login.php Functionality Automation Tests - Login, Logout, Reset, Register Register Form Functionality Verify Fields Format Password & confirm Password fields verification process Matching Password",
                        "duration": 0,
                        "state": "skipped",
                        "pass": false,
                        "fail": false,
                        "pending": false,
                        "code": "var _this = this;\ncy.get(this.registerElements.passwordInput).clear().type('qwerty12345');\ncy.get(this.registerElements.confirmPasswordInput).clear().type('qwerty12345');\ncy.get(this.registerElements.passwordInput).invoke('val').then(function (fstElement) {\n  cy.get(_this.registerElements.confirmPasswordInput).should('have.value', fstElement);\n});\ncy.get(this.registerElements.passwordInput).clear();\ncy.get(this.registerElements.confirmPasswordInput).clear();",
                        "err": {},
                        "isRoot": false,
                        "uuid": "a3d407ba-b0d9-4084-86c7-7dad0312f68e",
                        "isHook": false,
                        "skipped": true
                      }
                    ],
                    "suites": [],
                    "passes": [],
                    "failures": [],
                    "pending": [],
                    "skipped": [
                      "1936b392-0759-46d1-9ee4-bff229fdd18b",
                      "593e7c07-b0c8-4855-b5a1-2219af27d1b3",
                      "ca98352a-ca8f-4276-92ac-fdca606abd78",
                      "b70457a9-9314-4f7d-a07b-a83c75e638e8",
                      "a3d407ba-b0d9-4084-86c7-7dad0312f68e"
                    ],
                    "duration": 0,
                    "root": false,
                    "rootEmpty": false,
                    "_timeout": 2000
                  },
                  {
                    "uuid": "460f2ee9-d74a-45f3-8f61-a80692d52ac9",
                    "title": "Email field verification process",
                    "fullFile": "",
                    "file": "",
                    "beforeHooks": [],
                    "afterHooks": [],
                    "tests": [
                      {
                        "title": "Invalid email format",
                        "fullTitle": "Login.php Functionality Automation Tests - Login, Logout, Reset, Register Register Form Functionality Verify Fields Format Email field verification process Invalid email format",
                        "duration": 0,
                        "state": "skipped",
                        "pass": false,
                        "fail": false,
                        "pending": false,
                        "code": "cy.get(this.registerElements.emailInput).clear().type(this.users.invalidUser.email);\nverifyTextContent(this.registerElements.emailInlineMessage, this.registerData.emailInlineMessage);",
                        "err": {},
                        "isRoot": false,
                        "uuid": "b47c0758-6b9a-4a32-bc6d-2ca701b50c51",
                        "isHook": false,
                        "skipped": true
                      },
                      {
                        "title": "Valid email format",
                        "fullTitle": "Login.php Functionality Automation Tests - Login, Logout, Reset, Register Register Form Functionality Verify Fields Format Email field verification process Valid email format",
                        "duration": 0,
                        "state": "skipped",
                        "pass": false,
                        "fail": false,
                        "pending": false,
                        "code": "cy.get(this.registerElements.emailInput).clear().type(this.users.registeredUser.email);\ncy.get(this.registerElements.emailInput, {\n  requestTimeout: 6000\n}).invoke('val').should('match', /^([a-zA-Z0-9_\\-\\.]+)@((\\[[0-9]{1,3}\\.[0-9]{1,3}\\.[0-9]{1,3}\\.)|(([a-zA-Z0-9\\-]+\\.)+))([a-zA-Z]{2,4}|[0-9]{1,3})(\\]?)$/);",
                        "err": {},
                        "isRoot": false,
                        "uuid": "63151cb0-6efd-4927-80af-1bb4f16e9013",
                        "isHook": false,
                        "skipped": true
                      }
                    ],
                    "suites": [],
                    "passes": [],
                    "failures": [],
                    "pending": [],
                    "skipped": [
                      "b47c0758-6b9a-4a32-bc6d-2ca701b50c51",
                      "63151cb0-6efd-4927-80af-1bb4f16e9013"
                    ],
                    "duration": 0,
                    "root": false,
                    "rootEmpty": false,
                    "_timeout": 2000
                  }
                ],
                "passes": [],
                "failures": [],
                "pending": [],
                "skipped": [],
                "duration": 0,
                "root": false,
                "rootEmpty": false,
                "_timeout": 2000
              },
              {
                "uuid": "38276e26-2c5e-4243-9937-421d1afb18c9",
                "title": "Submitting the registration form",
                "fullFile": "",
                "file": "",
                "beforeHooks": [],
                "afterHooks": [],
                "tests": [
                  {
                    "title": "Register with existing user",
                    "fullTitle": "Login.php Functionality Automation Tests - Login, Logout, Reset, Register Register Form Functionality Submitting the registration form Register with existing user",
                    "duration": 0,
                    "state": "skipped",
                    "pass": false,
                    "fail": false,
                    "pending": false,
                    "code": "cy.reload();\ncy.fillInputForm({\n  element: this.registerElements.firstNameInput,\n  text: this.users.registeredUser.firstName\n});\ncy.fillInputForm({\n  element: this.registerElements.lastNameInput,\n  text: this.users.registeredUser.lastName\n});\ncy.fillInputForm({\n  element: this.registerElements.emailInput,\n  text: this.users.registeredUser.email\n});\ncy.fillInputForm({\n  element: this.registerElements.phoneInput,\n  text: this.users.registeredUser.phone\n});\ncy.fillInputForm({\n  element: this.registerElements.passwordInput,\n  text: this.users.registeredUser.password\n}), cy.fillInputForm({\n  element: this.registerElements.confirmPasswordInput,\n  text: this.users.registeredUser.password\n}), cy.fillInputForm({\n  element: this.registerElements.addressLine1Input,\n  text: this.users.registeredUser.address.street + ' ' + this.users.registeredUser.address.suite\n});\ncy.fillInputForm({\n  element: this.registerElements.addressLine2Input,\n  text: this.users.registeredUser.address.address2\n}), cy.fillSelectForm({\n  element: this.registerElements.countrySelect,\n  text: this.users.registeredUser.address.country\n}), cy.fillInputForm({\n  element: this.registerElements.cityInput,\n  text: this.users.registeredUser.address.city\n}), cy.fillSelectForm({\n  element: this.registerElements.stateSelect,\n  text: this.users.registeredUser.address.state\n}), cy.fillInputForm({\n  element: this.registerElements.postalCodeInput,\n  text: this.users.registeredUser.address.postalCode\n}), cy.fillInputForm({\n  element: this.registerElements.companyNameInput,\n  text: this.users.registeredUser.company.name\n});\ncy.get('form').contains('Create Account').click();\ncy.get('.alertBox--error .alertBox-message', {\n  timeout: 6000\n}).should('be.visible').invoke('text').should('contain', this.registerData.formErrorMessage1 + \" \" + this.users.registeredUser.email + \" \" + this.registerData.formErrorMessage2);",
                    "err": {},
                    "isRoot": false,
                    "uuid": "d3969bb5-e5e8-4a97-84a2-298a296ecd39",
                    "isHook": false,
                    "skipped": true
                  },
                  {
                    "title": "Register new user",
                    "fullTitle": "Login.php Functionality Automation Tests - Login, Logout, Reset, Register Register Form Functionality Submitting the registration form Register new user",
                    "duration": 0,
                    "state": "skipped",
                    "pass": false,
                    "fail": false,
                    "pending": false,
                    "code": "cy.reload();\ncy.fillInputForm({\n  element: this.registerElements.firstNameInput,\n  text: this.users.newUser.firstName\n});\ncy.fillInputForm({\n  element: this.registerElements.lastNameInput,\n  text: this.users.newUser.lastName\n});\ncy.fillInputForm({\n  element: this.registerElements.emailInput,\n  text: this.users.newUser.email\n});\ncy.fillInputForm({\n  element: this.registerElements.phoneInput,\n  text: this.users.newUser.phone\n});\ncy.fillInputForm({\n  element: this.registerElements.passwordInput,\n  text: this.users.newUser.password\n}), cy.fillInputForm({\n  element: this.registerElements.confirmPasswordInput,\n  text: this.users.newUser.password\n}), cy.fillInputForm({\n  element: this.registerElements.addressLine1Input,\n  text: this.users.newUser.address.street + ' ' + this.users.newUser.address.suite\n});\ncy.fillInputForm({\n  element: this.registerElements.addressLine2Input,\n  text: this.users.newUser.address.address2\n}), cy.fillSelectForm({\n  element: this.registerElements.countrySelect,\n  text: this.users.newUser.address.country\n}), cy.fillInputForm({\n  element: this.registerElements.cityInput,\n  text: this.users.newUser.address.city\n}), cy.fillSelectForm({\n  element: this.registerElements.stateSelect,\n  text: this.users.newUser.address.state\n}), cy.fillInputForm({\n  element: this.registerElements.postalCodeInput,\n  text: this.users.newUser.address.postalCode\n}), cy.fillInputForm({\n  element: this.registerElements.companyNameInput,\n  text: this.users.newUser.company.name\n});\ncy.get('form').contains('Create Account').click(); //cy.wait({requestTimeout: 2000})\ncy.url({\n  requestTimeout: 10000\n}).should('include', '/login.php?action=account_created');\ncy.get(this.registerElements.createdAccountPageHeading, {\n  requestTimeout: 6000\n}).should('be.visible', {\n  timeout: 6000\n});",
                    "err": {},
                    "isRoot": false,
                    "uuid": "0905aa9b-68a9-49ab-931d-0a87fdebf96c",
                    "isHook": false,
                    "skipped": true
                  },
                  {
                    "title": "Confirm New User Registeration by Signing In NewUser",
                    "fullTitle": "Login.php Functionality Automation Tests - Login, Logout, Reset, Register Register Form Functionality Submitting the registration form Confirm New User Registeration by Signing In NewUser",
                    "duration": 0,
                    "state": "skipped",
                    "pass": false,
                    "fail": false,
                    "pending": false,
                    "code": "cy.logout();\ncy.loginPage();\ncy.signIn({\n  email: this.users.newUser.email,\n  password: this.users.newUser.password\n});\ncy.url().should('include', 'account.php');\nverifyTextContent(this.myAccountElements.accountPageHeading, this.myAccountData.accountPageHeading);",
                    "err": {},
                    "isRoot": false,
                    "uuid": "c5245377-9d54-4cc9-b158-dabe704192d4",
                    "isHook": false,
                    "skipped": true
                  }
                ],
                "suites": [],
                "passes": [],
                "failures": [],
                "pending": [],
                "skipped": [
                  "d3969bb5-e5e8-4a97-84a2-298a296ecd39",
                  "0905aa9b-68a9-49ab-931d-0a87fdebf96c",
                  "c5245377-9d54-4cc9-b158-dabe704192d4"
                ],
                "duration": 0,
                "root": false,
                "rootEmpty": false,
                "_timeout": 2000
              }
            ],
            "passes": [],
            "failures": [],
            "pending": [],
            "skipped": [
              "53a0a548-f024-469f-b83f-e6ac5db880e3",
              "8cfa3daa-48ee-40db-838d-933ec9258682"
            ],
            "duration": 0,
            "root": false,
            "rootEmpty": false,
            "_timeout": 2000
          }
        ],
        "passes": [],
        "failures": [],
        "pending": [],
        "skipped": [],
        "duration": 0,
        "root": false,
        "rootEmpty": false,
        "_timeout": 2000
      }
    ],
    "passes": [],
    "failures": [],
    "pending": [],
    "skipped": [],
    "duration": 0,
    "root": true,
    "rootEmpty": true,
    "_timeout": 2000
  },
  "copyrightYear": 2019
}