{
  "stats": {
    "suites": 2,
    "tests": 4,
    "passes": 4,
    "pending": 0,
    "failures": 0,
    "start": "2019-05-23T16:24:10.880Z",
    "end": "2019-05-23T16:24:23.321Z",
    "duration": 12441,
    "testsRegistered": 37,
    "passPercent": 10.8,
    "pendingPercent": 0,
    "other": 0,
    "hasOther": false,
    "skipped": 33,
    "hasSkipped": true,
    "passPercentClass": "danger",
    "pendingPercentClass": "danger"
  },
  "suites": {
    "uuid": "0b6e81f4-5a17-49c1-ada8-d49ce9f33866",
    "title": "",
    "fullFile": "",
    "file": "",
    "beforeHooks": [],
    "afterHooks": [],
    "tests": [],
    "suites": [
      {
        "uuid": "0a4a049e-16eb-4c4f-9aeb-d27493b9a596",
        "title": "Login.php Functionality Automation Tests - Login, Logout, Reset, Register",
        "fullFile": "",
        "file": "",
        "beforeHooks": [],
        "afterHooks": [],
        "tests": [],
        "suites": [
          {
            "uuid": "4d0e7db7-8bdf-4cc3-b1ef-370ebe4ca056",
            "title": "Forget Password Form Functionality",
            "fullFile": "",
            "file": "",
            "beforeHooks": [],
            "afterHooks": [],
            "tests": [
              {
                "title": "Access the login Page",
                "fullTitle": "Login.php Functionality Automation Tests - Login, Logout, Reset, Register Forget Password Form Functionality Access the login Page",
                "duration": 7372,
                "state": "passed",
                "speed": "slow",
                "pass": true,
                "fail": false,
                "pending": false,
                "code": "cy.accessAccountPage();\ncy.url().should('include', 'login.php');\nverifyTextContent(this.loginElements.loginPageHeading, this.loginData.loginPageHeading);",
                "err": {},
                "isRoot": false,
                "uuid": "5e1991d7-4b00-404b-993f-4455a75b5475",
                "isHook": false,
                "skipped": false
              },
              {
                "title": "Check if the link is Visible",
                "fullTitle": "Login.php Functionality Automation Tests - Login, Logout, Reset, Register Forget Password Form Functionality Check if the link is Visible",
                "duration": 38,
                "state": "passed",
                "speed": "medium",
                "pass": true,
                "fail": false,
                "pending": false,
                "code": "cy.get(this.loginElements.forgetPasswordLink, {\n  timeout: 6000\n}).should('be.visible').should('have.attr', 'href');",
                "err": {},
                "isRoot": false,
                "uuid": "4c1335b0-0795-4d8f-88ab-cd9bcb7ab8dc",
                "isHook": false,
                "skipped": false
              },
              {
                "title": "Access the forget Password form and verify it is visible",
                "fullTitle": "Login.php Functionality Automation Tests - Login, Logout, Reset, Register Forget Password Form Functionality Access the forget Password form and verify it is visible",
                "duration": 2751,
                "state": "passed",
                "speed": "slow",
                "pass": true,
                "fail": false,
                "pending": false,
                "code": "cy.get(this.loginElements.forgetPasswordLink).click({\n  timeout: 6000\n});\ncy.url().should('include', 'reset_password');",
                "err": {},
                "isRoot": false,
                "uuid": "27a383a5-6c45-458f-8afe-4b1d53e2e7cc",
                "isHook": false,
                "skipped": false
              },
              {
                "title": "Verify form doesn't accept empty fields",
                "fullTitle": "Login.php Functionality Automation Tests - Login, Logout, Reset, Register Forget Password Form Functionality Verify form doesn't accept empty fields",
                "duration": 1620,
                "state": "passed",
                "speed": "slow",
                "pass": true,
                "fail": false,
                "pending": false,
                "code": "cy.forgetPassword({\n  email: ''\n});\nverifyTextContent(this.forgetPasswordElements.alertWarningMessage, this.forgetPasswordData.invalidForgetFormAlert);",
                "err": {},
                "isRoot": false,
                "uuid": "cd3a27c7-330d-4c77-9344-7881dd23ed16",
                "isHook": false,
                "skipped": false
              },
              {
                "title": "Forget Password Form with invalid email",
                "fullTitle": "Login.php Functionality Automation Tests - Login, Logout, Reset, Register Forget Password Form Functionality Forget Password Form with invalid email",
                "duration": 0,
                "state": "skipped",
                "pass": false,
                "fail": false,
                "pending": false,
                "code": "cy.forgetPassword({\n  email: this.forgetPasswordData.invalidEmail\n});\nverifyTextContent(this.forgetPasswordElements.alertWarningMessage, this.forgetPasswordData.invalidForgetFormAlert);",
                "err": {},
                "isRoot": false,
                "uuid": "0d2ee69b-419a-4c8a-9fb8-282b6e83afbe",
                "isHook": false,
                "skipped": true
              },
              {
                "title": "Forget Password Form with unregistered email",
                "fullTitle": "Login.php Functionality Automation Tests - Login, Logout, Reset, Register Forget Password Form Functionality Forget Password Form with unregistered email",
                "duration": 0,
                "state": "skipped",
                "pass": false,
                "fail": false,
                "pending": false,
                "code": "cy.forgetPassword({\n  email: this.users.unregisteredUser.email\n});\nverifyTextContent(this.forgetPasswordElements.alertErrorMessage, this.forgetPasswordData.forgetFormErrorMessage);",
                "err": {},
                "isRoot": false,
                "uuid": "2ddf117b-cda1-406c-af44-5ce1d96fdeb1",
                "isHook": false,
                "skipped": true
              },
              {
                "title": "Forget Password Form with registered email",
                "fullTitle": "Login.php Functionality Automation Tests - Login, Logout, Reset, Register Forget Password Form Functionality Forget Password Form with registered email",
                "duration": 0,
                "state": "skipped",
                "pass": false,
                "fail": false,
                "pending": false,
                "code": "cy.forgetPassword({\n  email: this.users.registeredUser.email\n});\nverifyTextContent(this.forgetPasswordElements.alertSuccessMessage, this.forgetPasswordData.forgetFormSuccessMessage);\ncy.get(this.loginElements.signInForm).should('be.visible');\nverifyTextContent(this.loginElements.loginPageHeading, this.loginData.loginPageHeading);",
                "err": {},
                "isRoot": false,
                "uuid": "e6fc946d-9b8f-4f68-8df1-3eb623ab9948",
                "isHook": false,
                "skipped": true
              }
            ],
            "suites": [],
            "passes": [
              "5e1991d7-4b00-404b-993f-4455a75b5475",
              "4c1335b0-0795-4d8f-88ab-cd9bcb7ab8dc",
              "27a383a5-6c45-458f-8afe-4b1d53e2e7cc",
              "cd3a27c7-330d-4c77-9344-7881dd23ed16"
            ],
            "failures": [],
            "pending": [],
            "skipped": [
              "0d2ee69b-419a-4c8a-9fb8-282b6e83afbe",
              "2ddf117b-cda1-406c-af44-5ce1d96fdeb1",
              "e6fc946d-9b8f-4f68-8df1-3eb623ab9948"
            ],
            "duration": 11781,
            "root": false,
            "rootEmpty": false,
            "_timeout": 2000
          },
          {
            "uuid": "08a6a8e7-ba2e-4605-919d-8a75c49589ce",
            "title": "Login Form Functionality",
            "fullFile": "",
            "file": "",
            "beforeHooks": [],
            "afterHooks": [],
            "tests": [
              {
                "title": "Access the login Page",
                "fullTitle": "Login.php Functionality Automation Tests - Login, Logout, Reset, Register Login Form Functionality Access the login Page",
                "duration": 0,
                "state": "skipped",
                "pass": false,
                "fail": false,
                "pending": false,
                "code": "cy.visit(\"\", {\n  timeout: 60000\n});\ncy.accessAccountPage();\ncy.url().should('include', 'login.php');\nverifyTextContent(this.loginElements.loginPageHeading, this.loginData.loginPageHeading);",
                "err": {},
                "isRoot": false,
                "uuid": "5fcc8111-a0eb-44b6-81f0-3b6076d0606e",
                "isHook": false,
                "skipped": true
              },
              {
                "title": "Login Form Functionality with empty fields",
                "fullTitle": "Login.php Functionality Automation Tests - Login, Logout, Reset, Register Login Form Functionality Login Form Functionality with empty fields",
                "duration": 0,
                "state": "skipped",
                "pass": false,
                "fail": false,
                "pending": false,
                "code": "cy.signIn({\n  email: '',\n  password: ''\n});\nverifyTextContent(this.loginElements.emailInlineMessage, this.loginData.usernameWarningMessage);\nverifyTextContent(this.loginElements.passwordInlineMessage, this.loginData.passwordWarningMessage);",
                "err": {},
                "isRoot": false,
                "uuid": "994b2015-68bc-4c39-9551-5f04ac8df581",
                "isHook": false,
                "skipped": true
              },
              {
                "title": "Login Form Functionality with invalid Credentials",
                "fullTitle": "Login.php Functionality Automation Tests - Login, Logout, Reset, Register Login Form Functionality Login Form Functionality with invalid Credentials",
                "duration": 0,
                "state": "skipped",
                "pass": false,
                "fail": false,
                "pending": false,
                "code": "cy.signIn({\n  email: this.users.invalidUser.email,\n  password: this.users.invalidUser.password\n});\nverifyTextContent(this.loginElements.emailInlineMessage, this.loginData.usernameWarningMessage);",
                "err": {},
                "isRoot": false,
                "uuid": "4a1dd0f9-7905-4cbf-a429-da361e7e09be",
                "isHook": false,
                "skipped": true
              },
              {
                "title": "Login Form Functionality with Unregistered User",
                "fullTitle": "Login.php Functionality Automation Tests - Login, Logout, Reset, Register Login Form Functionality Login Form Functionality with Unregistered User",
                "duration": 0,
                "state": "skipped",
                "pass": false,
                "fail": false,
                "pending": false,
                "code": "cy.signIn({\n  email: this.users.unregisteredUser.email,\n  password: this.users.unregisteredUser.password\n});\nverifyTextContent(this.loginElements.loginAlertErrorMessage, this.loginData.errorMessage);",
                "err": {},
                "isRoot": false,
                "uuid": "244c391e-27d6-46aa-94b5-91153c5f08f4",
                "isHook": false,
                "skipped": true
              },
              {
                "title": "Login Form Functionality with Registered User email and no password",
                "fullTitle": "Login.php Functionality Automation Tests - Login, Logout, Reset, Register Login Form Functionality Login Form Functionality with Registered User email and no password",
                "duration": 0,
                "state": "skipped",
                "pass": false,
                "fail": false,
                "pending": false,
                "code": "cy.signIn({\n  email: this.users.registeredUser.email,\n  password: ''\n});\nverifyTextContent(this.loginElements.passwordInlineMessage, this.loginData.passwordWarningMessage);",
                "err": {},
                "isRoot": false,
                "uuid": "7a94420a-cd1a-4a89-8ab3-e99f63f3942a",
                "isHook": false,
                "skipped": true
              },
              {
                "title": "Login Form Functionality with Registered User",
                "fullTitle": "Login.php Functionality Automation Tests - Login, Logout, Reset, Register Login Form Functionality Login Form Functionality with Registered User",
                "duration": 0,
                "state": "skipped",
                "pass": false,
                "fail": false,
                "pending": false,
                "code": "cy.signIn({\n  email: this.users.registeredUser.email,\n  password: this.users.registeredUser.password\n});\ncy.url().should('include', 'account.php');\nverifyTextContent(this.myAccountElements.accountPageHeading, this.myAccountData.accountPageHeading);",
                "err": {},
                "isRoot": false,
                "uuid": "2f949b6a-75e8-4121-9b5c-1a8f6451bb23",
                "isHook": false,
                "skipped": true
              }
            ],
            "suites": [],
            "passes": [],
            "failures": [],
            "pending": [],
            "skipped": [
              "5fcc8111-a0eb-44b6-81f0-3b6076d0606e",
              "994b2015-68bc-4c39-9551-5f04ac8df581",
              "4a1dd0f9-7905-4cbf-a429-da361e7e09be",
              "244c391e-27d6-46aa-94b5-91153c5f08f4",
              "7a94420a-cd1a-4a89-8ab3-e99f63f3942a",
              "2f949b6a-75e8-4121-9b5c-1a8f6451bb23"
            ],
            "duration": 0,
            "root": false,
            "rootEmpty": false,
            "_timeout": 2000
          },
          {
            "uuid": "9120104b-a8c6-430e-a87b-ccf6f55529ec",
            "title": "Logout Functionality",
            "fullFile": "",
            "file": "",
            "beforeHooks": [],
            "afterHooks": [],
            "tests": [
              {
                "title": "Access the Login Page and Verify",
                "fullTitle": "Login.php Functionality Automation Tests - Login, Logout, Reset, Register Logout Functionality Access the Login Page and Verify",
                "duration": 0,
                "state": "skipped",
                "pass": false,
                "fail": false,
                "pending": false,
                "code": "cy.visit(\"\", {\n  timeout: 60000\n});\ncy.accessAccountPage();\ncy.url().should('include', 'login.php');\nverifyTextContent(this.loginElements.loginPageHeading, this.loginData.loginPageHeading);\ncy.signIn({\n  email: this.users.registeredUser.email,\n  password: this.users.registeredUser.password\n});\ncy.url().should('include', 'account.php');\nverifyTextContent(this.myAccountElements.accountPageHeading, this.myAccountData.accountPageHeading);",
                "err": {},
                "isRoot": false,
                "uuid": "c8056af6-23f3-4431-bf3b-145191aa6d7a",
                "isHook": false,
                "skipped": true
              },
              {
                "title": "Logout Button functionality",
                "fullTitle": "Login.php Functionality Automation Tests - Login, Logout, Reset, Register Logout Functionality Logout Button functionality",
                "duration": 0,
                "state": "skipped",
                "pass": false,
                "fail": false,
                "pending": false,
                "code": "cy.logout();\nverifyTextContent(this.loginElements.loginAlertSuccessMessage, this.loginData.logoutMessage);",
                "err": {},
                "isRoot": false,
                "uuid": "432690f1-50ee-4731-bbca-49108c57783e",
                "isHook": false,
                "skipped": true
              }
            ],
            "suites": [],
            "passes": [],
            "failures": [],
            "pending": [],
            "skipped": [
              "c8056af6-23f3-4431-bf3b-145191aa6d7a",
              "432690f1-50ee-4731-bbca-49108c57783e"
            ],
            "duration": 0,
            "root": false,
            "rootEmpty": false,
            "_timeout": 2000
          },
          {
            "uuid": "ae1e8174-69c3-469a-bc9c-ed6b5439c752",
            "title": "Register Form Functionality",
            "fullFile": "",
            "file": "",
            "beforeHooks": [],
            "afterHooks": [],
            "tests": [
              {
                "title": "Access the SignIn Page",
                "fullTitle": "Login.php Functionality Automation Tests - Login, Logout, Reset, Register Register Form Functionality Access the SignIn Page",
                "duration": 0,
                "state": "skipped",
                "pass": false,
                "fail": false,
                "pending": false,
                "code": "cy.visit(\"\", {\n  timeout: 60000\n});\ncy.accessAccountPage();\ncy.url().should('include', 'login.php');\nverifyTextContent(this.loginElements.loginPageHeading, this.loginData.loginPageHeading);",
                "err": {},
                "isRoot": false,
                "uuid": "a76d51db-1502-4214-828e-265f8506fc5f",
                "isHook": false,
                "skipped": true
              },
              {
                "title": "Navigate to Register Form and verify visibility",
                "fullTitle": "Login.php Functionality Automation Tests - Login, Logout, Reset, Register Register Form Functionality Navigate to Register Form and verify visibility",
                "duration": 0,
                "state": "skipped",
                "pass": false,
                "fail": false,
                "pending": false,
                "code": "verifyTextContent(this.loginElements.registerDivHeader, this.loginData.registerDivHeader);\ncy.get(this.loginElements.registerButton).should('have.attr', 'href', this.loginData.registerLink).should('be.visible').click();",
                "err": {},
                "isRoot": false,
                "uuid": "60b61687-7cdd-4a36-ae2a-42982b2d855f",
                "isHook": false,
                "skipped": true
              }
            ],
            "suites": [
              {
                "uuid": "6b0abe14-aef7-491f-b7e7-9912d37cee38",
                "title": "Form Fields Required Attribute and Asterisk",
                "fullFile": "",
                "file": "",
                "beforeHooks": [],
                "afterHooks": [],
                "tests": [
                  {
                    "title": "First Name",
                    "fullTitle": "Login.php Functionality Automation Tests - Login, Logout, Reset, Register Register Form Functionality Form Fields Required Attribute and Asterisk First Name",
                    "duration": 0,
                    "state": "skipped",
                    "pass": false,
                    "fail": false,
                    "pending": false,
                    "code": "verifyFieldAttributes(this.registerElements.firstNameInput, this.registerElements.firstNameLabel);",
                    "err": {},
                    "isRoot": false,
                    "uuid": "b178714f-c3d2-444a-833f-7e045e8bf0ac",
                    "isHook": false,
                    "skipped": true
                  },
                  {
                    "title": "Last Name",
                    "fullTitle": "Login.php Functionality Automation Tests - Login, Logout, Reset, Register Register Form Functionality Form Fields Required Attribute and Asterisk Last Name",
                    "duration": 0,
                    "state": "skipped",
                    "pass": false,
                    "fail": false,
                    "pending": false,
                    "code": "verifyFieldAttributes(this.registerElements.lastNameInput, this.registerElements.lastNameLabel);",
                    "err": {},
                    "isRoot": false,
                    "uuid": "70e1cad2-9333-43e1-a687-19d83cfa7cc6",
                    "isHook": false,
                    "skipped": true
                  },
                  {
                    "title": "Email",
                    "fullTitle": "Login.php Functionality Automation Tests - Login, Logout, Reset, Register Register Form Functionality Form Fields Required Attribute and Asterisk Email",
                    "duration": 0,
                    "state": "skipped",
                    "pass": false,
                    "fail": false,
                    "pending": false,
                    "code": "verifyFieldAttributes(this.registerElements.emailInput, this.registerElements.emailLabel);",
                    "err": {},
                    "isRoot": false,
                    "uuid": "bd829eda-c4d3-4c73-b648-b4f7b34da3f3",
                    "isHook": false,
                    "skipped": true
                  },
                  {
                    "title": "Password",
                    "fullTitle": "Login.php Functionality Automation Tests - Login, Logout, Reset, Register Register Form Functionality Form Fields Required Attribute and Asterisk Password",
                    "duration": 0,
                    "state": "skipped",
                    "pass": false,
                    "fail": false,
                    "pending": false,
                    "code": "verifyFieldAttributes(this.registerElements.passwordInput, this.registerElements.passwordLabel);",
                    "err": {},
                    "isRoot": false,
                    "uuid": "c1cd7c80-7e8c-4c05-bcfa-650dad8ca18a",
                    "isHook": false,
                    "skipped": true
                  },
                  {
                    "title": "Confirm Password",
                    "fullTitle": "Login.php Functionality Automation Tests - Login, Logout, Reset, Register Register Form Functionality Form Fields Required Attribute and Asterisk Confirm Password",
                    "duration": 0,
                    "state": "skipped",
                    "pass": false,
                    "fail": false,
                    "pending": false,
                    "code": "verifyFieldAttributes(this.registerElements.confirmPasswordInput, this.registerElements.confirmPasswordLabel);",
                    "err": {},
                    "isRoot": false,
                    "uuid": "5f791253-5cf5-410f-bd01-4a1fc8b82435",
                    "isHook": false,
                    "skipped": true
                  },
                  {
                    "title": "Address Line 1",
                    "fullTitle": "Login.php Functionality Automation Tests - Login, Logout, Reset, Register Register Form Functionality Form Fields Required Attribute and Asterisk Address Line 1",
                    "duration": 0,
                    "state": "skipped",
                    "pass": false,
                    "fail": false,
                    "pending": false,
                    "code": "verifyFieldAttributes(this.registerElements.addressLine1Input, this.registerElements.addressLine1Label);",
                    "err": {},
                    "isRoot": false,
                    "uuid": "3f24ea84-875d-4a21-a0dc-f3aef0e47de4",
                    "isHook": false,
                    "skipped": true
                  },
                  {
                    "title": "City",
                    "fullTitle": "Login.php Functionality Automation Tests - Login, Logout, Reset, Register Register Form Functionality Form Fields Required Attribute and Asterisk City",
                    "duration": 0,
                    "state": "skipped",
                    "pass": false,
                    "fail": false,
                    "pending": false,
                    "code": "verifyFieldAttributes(this.registerElements.cityInput, this.registerElements.cityLabel);",
                    "err": {},
                    "isRoot": false,
                    "uuid": "e39db69b-22e0-44db-af0e-20355d082d0a",
                    "isHook": false,
                    "skipped": true
                  },
                  {
                    "title": "Country",
                    "fullTitle": "Login.php Functionality Automation Tests - Login, Logout, Reset, Register Register Form Functionality Form Fields Required Attribute and Asterisk Country",
                    "duration": 0,
                    "state": "skipped",
                    "pass": false,
                    "fail": false,
                    "pending": false,
                    "code": "verifyFieldAttributes(this.registerElements.countrySelect, this.registerElements.countryLabel);",
                    "err": {},
                    "isRoot": false,
                    "uuid": "d7d412f8-3daf-4a1e-8ad9-6b04ee3a0967",
                    "isHook": false,
                    "skipped": true
                  },
                  {
                    "title": "State",
                    "fullTitle": "Login.php Functionality Automation Tests - Login, Logout, Reset, Register Register Form Functionality Form Fields Required Attribute and Asterisk State",
                    "duration": 0,
                    "state": "skipped",
                    "pass": false,
                    "fail": false,
                    "pending": false,
                    "code": "verifyFieldAttributes(this.registerElements.stateSelect, this.registerElements.stateLabel);",
                    "err": {},
                    "isRoot": false,
                    "uuid": "fc4912ad-80c5-44cf-a602-1056b111fec5",
                    "isHook": false,
                    "skipped": true
                  },
                  {
                    "title": "Phone Number",
                    "fullTitle": "Login.php Functionality Automation Tests - Login, Logout, Reset, Register Register Form Functionality Form Fields Required Attribute and Asterisk Phone Number",
                    "duration": 0,
                    "state": "skipped",
                    "pass": false,
                    "fail": false,
                    "pending": false,
                    "code": "verifyFieldAttributes(this.registerElements.phoneInput, this.registerElements.phoneLabel);",
                    "err": {},
                    "isRoot": false,
                    "uuid": "ecc28e31-6c86-4a59-a4f6-2355823fe6de",
                    "isHook": false,
                    "skipped": true
                  }
                ],
                "suites": [],
                "passes": [],
                "failures": [],
                "pending": [],
                "skipped": [
                  "b178714f-c3d2-444a-833f-7e045e8bf0ac",
                  "70e1cad2-9333-43e1-a687-19d83cfa7cc6",
                  "bd829eda-c4d3-4c73-b648-b4f7b34da3f3",
                  "c1cd7c80-7e8c-4c05-bcfa-650dad8ca18a",
                  "5f791253-5cf5-410f-bd01-4a1fc8b82435",
                  "3f24ea84-875d-4a21-a0dc-f3aef0e47de4",
                  "e39db69b-22e0-44db-af0e-20355d082d0a",
                  "d7d412f8-3daf-4a1e-8ad9-6b04ee3a0967",
                  "fc4912ad-80c5-44cf-a602-1056b111fec5",
                  "ecc28e31-6c86-4a59-a4f6-2355823fe6de"
                ],
                "duration": 0,
                "root": false,
                "rootEmpty": false,
                "_timeout": 2000
              },
              {
                "uuid": "65a98ee5-383a-45ce-aa70-418c6ff211e2",
                "title": "Verify Fields Format",
                "fullFile": "",
                "file": "",
                "beforeHooks": [],
                "afterHooks": [],
                "tests": [],
                "suites": [
                  {
                    "uuid": "ae64c302-fc56-4b89-bb8c-2c280e3bd458",
                    "title": "Password & confirm Password fields verification process",
                    "fullFile": "",
                    "file": "",
                    "beforeHooks": [],
                    "afterHooks": [],
                    "tests": [
                      {
                        "title": "Only Numeric Characters",
                        "fullTitle": "Login.php Functionality Automation Tests - Login, Logout, Reset, Register Register Form Functionality Verify Fields Format Password & confirm Password fields verification process Only Numeric Characters",
                        "duration": 0,
                        "state": "skipped",
                        "pass": false,
                        "fail": false,
                        "pending": false,
                        "code": "formatVerification(this.registerElements.passwordInput, '123456789', this.registerElements.passwordInlineMessage, this.registerData.passwordInlineMessage);",
                        "err": {},
                        "isRoot": false,
                        "uuid": "37736247-25b8-465a-9d1e-40f9bb52c597",
                        "isHook": false,
                        "skipped": true
                      },
                      {
                        "title": "Only alphabetic Characters",
                        "fullTitle": "Login.php Functionality Automation Tests - Login, Logout, Reset, Register Register Form Functionality Verify Fields Format Password & confirm Password fields verification process Only alphabetic Characters",
                        "duration": 0,
                        "state": "skipped",
                        "pass": false,
                        "fail": false,
                        "pending": false,
                        "code": "formatVerification(this.registerElements.passwordInput, 'qwertyqwerty', this.registerElements.passwordInlineMessage, this.registerData.passwordInlineMessage);",
                        "err": {},
                        "isRoot": false,
                        "uuid": "003c695a-df0a-4b01-affd-446db60db5e0",
                        "isHook": false,
                        "skipped": true
                      },
                      {
                        "title": "Less than 7 characters",
                        "fullTitle": "Login.php Functionality Automation Tests - Login, Logout, Reset, Register Register Form Functionality Verify Fields Format Password & confirm Password fields verification process Less than 7 characters",
                        "duration": 0,
                        "state": "skipped",
                        "pass": false,
                        "fail": false,
                        "pending": false,
                        "code": "formatVerification(this.registerElements.passwordInput, 'qwer12', this.registerElements.passwordInlineMessage, this.registerData.passwordInlineMessage);",
                        "err": {},
                        "isRoot": false,
                        "uuid": "ccfc112f-4198-4760-ad99-677f1a1d629e",
                        "isHook": false,
                        "skipped": true
                      },
                      {
                        "title": "Passwords don't match",
                        "fullTitle": "Login.php Functionality Automation Tests - Login, Logout, Reset, Register Register Form Functionality Verify Fields Format Password & confirm Password fields verification process Passwords don't match",
                        "duration": 0,
                        "state": "skipped",
                        "pass": false,
                        "fail": false,
                        "pending": false,
                        "code": "formatVerification(this.registerElements.passwordInput, 'qwerty12345', \" \", \" \", this.registerElements.confirmPasswordInput, 'qwerty123', this.registerElements.confirmPasswordInlineMessage, this.registerData.confirmPasswordInlineMessage);",
                        "err": {},
                        "isRoot": false,
                        "uuid": "d0b005af-496f-4872-b50f-0a570e18fec6",
                        "isHook": false,
                        "skipped": true
                      },
                      {
                        "title": "Matching Password",
                        "fullTitle": "Login.php Functionality Automation Tests - Login, Logout, Reset, Register Register Form Functionality Verify Fields Format Password & confirm Password fields verification process Matching Password",
                        "duration": 0,
                        "state": "skipped",
                        "pass": false,
                        "fail": false,
                        "pending": false,
                        "code": "var _this = this;\ncy.get(this.registerElements.passwordInput).clear().type('qwerty12345');\ncy.get(this.registerElements.confirmPasswordInput).clear().type('qwerty12345');\ncy.get(this.registerElements.passwordInput).invoke('val').then(function (fstElement) {\n  cy.get(_this.registerElements.confirmPasswordInput).should('have.value', fstElement);\n});\ncy.get(this.registerElements.passwordInput).clear();\ncy.get(this.registerElements.confirmPasswordInput).clear();",
                        "err": {},
                        "isRoot": false,
                        "uuid": "7939a412-9730-42ad-9308-80083457ee18",
                        "isHook": false,
                        "skipped": true
                      }
                    ],
                    "suites": [],
                    "passes": [],
                    "failures": [],
                    "pending": [],
                    "skipped": [
                      "37736247-25b8-465a-9d1e-40f9bb52c597",
                      "003c695a-df0a-4b01-affd-446db60db5e0",
                      "ccfc112f-4198-4760-ad99-677f1a1d629e",
                      "d0b005af-496f-4872-b50f-0a570e18fec6",
                      "7939a412-9730-42ad-9308-80083457ee18"
                    ],
                    "duration": 0,
                    "root": false,
                    "rootEmpty": false,
                    "_timeout": 2000
                  },
                  {
                    "uuid": "48f48304-6ba4-449f-8626-dd30404204f6",
                    "title": "Email field verification process",
                    "fullFile": "",
                    "file": "",
                    "beforeHooks": [],
                    "afterHooks": [],
                    "tests": [
                      {
                        "title": "Invalid email format",
                        "fullTitle": "Login.php Functionality Automation Tests - Login, Logout, Reset, Register Register Form Functionality Verify Fields Format Email field verification process Invalid email format",
                        "duration": 0,
                        "state": "skipped",
                        "pass": false,
                        "fail": false,
                        "pending": false,
                        "code": "cy.get(this.registerElements.emailInput).clear().type(this.users.invalidUser.email);\nverifyTextContent(this.registerElements.emailInlineMessage, this.registerData.emailInlineMessage);",
                        "err": {},
                        "isRoot": false,
                        "uuid": "2fbf5d41-e962-4351-b2bc-980eda6d2f0b",
                        "isHook": false,
                        "skipped": true
                      },
                      {
                        "title": "Valid email format",
                        "fullTitle": "Login.php Functionality Automation Tests - Login, Logout, Reset, Register Register Form Functionality Verify Fields Format Email field verification process Valid email format",
                        "duration": 0,
                        "state": "skipped",
                        "pass": false,
                        "fail": false,
                        "pending": false,
                        "code": "cy.get(this.registerElements.emailInput).clear().type(this.users.registeredUser.email);\ncy.get(this.registerElements.emailInput, {\n  requestTimeout: 6000\n}).invoke('val').should('match', /^([a-zA-Z0-9_\\-\\.]+)@((\\[[0-9]{1,3}\\.[0-9]{1,3}\\.[0-9]{1,3}\\.)|(([a-zA-Z0-9\\-]+\\.)+))([a-zA-Z]{2,4}|[0-9]{1,3})(\\]?)$/);",
                        "err": {},
                        "isRoot": false,
                        "uuid": "b4e023dd-ad0a-4676-95d5-9c5649e8e958",
                        "isHook": false,
                        "skipped": true
                      }
                    ],
                    "suites": [],
                    "passes": [],
                    "failures": [],
                    "pending": [],
                    "skipped": [
                      "2fbf5d41-e962-4351-b2bc-980eda6d2f0b",
                      "b4e023dd-ad0a-4676-95d5-9c5649e8e958"
                    ],
                    "duration": 0,
                    "root": false,
                    "rootEmpty": false,
                    "_timeout": 2000
                  }
                ],
                "passes": [],
                "failures": [],
                "pending": [],
                "skipped": [],
                "duration": 0,
                "root": false,
                "rootEmpty": false,
                "_timeout": 2000
              },
              {
                "uuid": "5043d0f2-b5f4-4505-a6c6-0a8ebb6b0aba",
                "title": "Submitting the registration form",
                "fullFile": "",
                "file": "",
                "beforeHooks": [],
                "afterHooks": [],
                "tests": [
                  {
                    "title": "Register with existing user",
                    "fullTitle": "Login.php Functionality Automation Tests - Login, Logout, Reset, Register Register Form Functionality Submitting the registration form Register with existing user",
                    "duration": 0,
                    "state": "skipped",
                    "pass": false,
                    "fail": false,
                    "pending": false,
                    "code": "cy.reload();\ncy.fillInputForm({\n  element: this.registerElements.firstNameInput,\n  text: this.users.registeredUser.firstName\n});\ncy.fillInputForm({\n  element: this.registerElements.lastNameInput,\n  text: this.users.registeredUser.lastName\n});\ncy.fillInputForm({\n  element: this.registerElements.emailInput,\n  text: this.users.registeredUser.email\n});\ncy.fillInputForm({\n  element: this.registerElements.phoneInput,\n  text: this.users.registeredUser.phone\n});\ncy.fillInputForm({\n  element: this.registerElements.passwordInput,\n  text: this.users.registeredUser.password\n}), cy.fillInputForm({\n  element: this.registerElements.confirmPasswordInput,\n  text: this.users.registeredUser.password\n}), cy.fillInputForm({\n  element: this.registerElements.addressLine1Input,\n  text: this.users.registeredUser.address.street + ' ' + this.users.registeredUser.address.suite\n});\ncy.fillInputForm({\n  element: this.registerElements.addressLine2Input,\n  text: this.users.registeredUser.address.address2\n}), cy.fillSelectForm({\n  element: this.registerElements.countrySelect,\n  text: this.users.registeredUser.address.country\n}), cy.fillInputForm({\n  element: this.registerElements.cityInput,\n  text: this.users.registeredUser.address.city\n}), cy.fillSelectForm({\n  element: this.registerElements.stateSelect,\n  text: this.users.registeredUser.address.state\n}), cy.fillInputForm({\n  element: this.registerElements.postalCodeInput,\n  text: this.users.registeredUser.address.postalCode\n}), cy.fillInputForm({\n  element: this.registerElements.companyNameInput,\n  text: this.users.registeredUser.company.name\n});\ncy.get('form').contains('Create Account').click();\ncy.get('.alertBox--error .alertBox-message', {\n  timeout: 6000\n}).should('be.visible').invoke('text').should('contain', this.registerData.formErrorMessage1 + \" \" + this.users.registeredUser.email + \" \" + this.registerData.formErrorMessage2);",
                    "err": {},
                    "isRoot": false,
                    "uuid": "f686a301-93bb-4cbd-a9df-5fffb00bb5a4",
                    "isHook": false,
                    "skipped": true
                  },
                  {
                    "title": "Register new user",
                    "fullTitle": "Login.php Functionality Automation Tests - Login, Logout, Reset, Register Register Form Functionality Submitting the registration form Register new user",
                    "duration": 0,
                    "state": "skipped",
                    "pass": false,
                    "fail": false,
                    "pending": false,
                    "code": "cy.reload();\ncy.fillInputForm({\n  element: this.registerElements.firstNameInput,\n  text: this.users.newUser.firstName\n});\ncy.fillInputForm({\n  element: this.registerElements.lastNameInput,\n  text: this.users.newUser.lastName\n});\ncy.fillInputForm({\n  element: this.registerElements.emailInput,\n  text: this.users.newUser.email\n});\ncy.fillInputForm({\n  element: this.registerElements.phoneInput,\n  text: this.users.newUser.phone\n});\ncy.fillInputForm({\n  element: this.registerElements.passwordInput,\n  text: this.users.newUser.password\n}), cy.fillInputForm({\n  element: this.registerElements.confirmPasswordInput,\n  text: this.users.newUser.password\n}), cy.fillInputForm({\n  element: this.registerElements.addressLine1Input,\n  text: this.users.newUser.address.street + ' ' + this.users.newUser.address.suite\n});\ncy.fillInputForm({\n  element: this.registerElements.addressLine2Input,\n  text: this.users.newUser.address.address2\n}), cy.fillSelectForm({\n  element: this.registerElements.countrySelect,\n  text: this.users.newUser.address.country\n}), cy.fillInputForm({\n  element: this.registerElements.cityInput,\n  text: this.users.newUser.address.city\n}), cy.fillSelectForm({\n  element: this.registerElements.stateSelect,\n  text: this.users.newUser.address.state\n}), cy.fillInputForm({\n  element: this.registerElements.postalCodeInput,\n  text: this.users.newUser.address.postalCode\n}), cy.fillInputForm({\n  element: this.registerElements.companyNameInput,\n  text: this.users.newUser.company.name\n});\ncy.get('form').contains('Create Account').click(); //cy.wait({requestTimeout: 2000})\ncy.url({\n  requestTimeout: 10000\n}).should('include', '/login.php?action=account_created');\ncy.get(this.registerElements.createdAccountPageHeading, {\n  requestTimeout: 6000\n}).should('be.visible', {\n  timeout: 6000\n});",
                    "err": {},
                    "isRoot": false,
                    "uuid": "b9d999f0-68f1-4c42-8df0-a762c02f6b38",
                    "isHook": false,
                    "skipped": true
                  },
                  {
                    "title": "Confirm New User Registeration by Signing In NewUser",
                    "fullTitle": "Login.php Functionality Automation Tests - Login, Logout, Reset, Register Register Form Functionality Submitting the registration form Confirm New User Registeration by Signing In NewUser",
                    "duration": 0,
                    "state": "skipped",
                    "pass": false,
                    "fail": false,
                    "pending": false,
                    "code": "cy.logout();\ncy.loginPage();\ncy.signIn({\n  email: this.users.newUser.email,\n  password: this.users.newUser.password\n});\ncy.url().should('include', 'account.php');\nverifyTextContent(this.myAccountElements.accountPageHeading, this.myAccountData.accountPageHeading);",
                    "err": {},
                    "isRoot": false,
                    "uuid": "58dcc428-9122-4d43-8fa7-552de8860703",
                    "isHook": false,
                    "skipped": true
                  }
                ],
                "suites": [],
                "passes": [],
                "failures": [],
                "pending": [],
                "skipped": [
                  "f686a301-93bb-4cbd-a9df-5fffb00bb5a4",
                  "b9d999f0-68f1-4c42-8df0-a762c02f6b38",
                  "58dcc428-9122-4d43-8fa7-552de8860703"
                ],
                "duration": 0,
                "root": false,
                "rootEmpty": false,
                "_timeout": 2000
              }
            ],
            "passes": [],
            "failures": [],
            "pending": [],
            "skipped": [
              "a76d51db-1502-4214-828e-265f8506fc5f",
              "60b61687-7cdd-4a36-ae2a-42982b2d855f"
            ],
            "duration": 0,
            "root": false,
            "rootEmpty": false,
            "_timeout": 2000
          }
        ],
        "passes": [],
        "failures": [],
        "pending": [],
        "skipped": [],
        "duration": 0,
        "root": false,
        "rootEmpty": false,
        "_timeout": 2000
      }
    ],
    "passes": [],
    "failures": [],
    "pending": [],
    "skipped": [],
    "duration": 0,
    "root": true,
    "rootEmpty": true,
    "_timeout": 2000
  },
  "copyrightYear": 2019
}