{
  "stats": {
    "suites": 1,
    "tests": 0,
    "passes": 0,
    "pending": 0,
    "failures": 0,
    "start": "2019-05-23T16:02:49.573Z",
    "end": "2019-05-23T16:02:50.025Z",
    "duration": 452,
    "testsRegistered": 37,
    "passPercent": 0,
    "pendingPercent": 0,
    "other": 1,
    "hasOther": true,
    "skipped": 37,
    "hasSkipped": true,
    "passPercentClass": "danger",
    "pendingPercentClass": "danger"
  },
  "suites": {
    "uuid": "cd67de46-201f-4c8c-bc60-10ad1036cfa7",
    "title": "",
    "fullFile": "",
    "file": "",
    "beforeHooks": [],
    "afterHooks": [],
    "tests": [],
    "suites": [
      {
        "uuid": "378bd71d-fc60-4513-9d5c-bcf61f98f7db",
        "title": "Login.php Functionality Automation Tests - Login, Logout, Reset, Register",
        "fullFile": "",
        "file": "",
        "beforeHooks": [],
        "afterHooks": [],
        "tests": [],
        "suites": [
          {
            "uuid": "55f0cbcc-59b7-4f0d-981e-11db310cb896",
            "title": "Forget Password Form Functionality",
            "fullFile": "",
            "file": "",
            "beforeHooks": [],
            "afterHooks": [],
            "tests": [
              {
                "title": "Access the login Page",
                "fullTitle": "Login.php Functionality Automation Tests - Login, Logout, Reset, Register Forget Password Form Functionality Access the login Page",
                "duration": 416,
                "state": "failed",
                "pass": false,
                "fail": true,
                "pending": false,
                "code": "cy.accessAccountPage();\ncy.url().should('include', 'login.php');\nverifyTextContent(this.loginElements.loginPageHeading, this.loginData.loginPageHeading);",
                "err": {
                  "message": "CypressError: cy.visit() failed trying to load:\n\nWe failed looking for this file at the path:\n\n/Users/husseinabdallah/Desktop/HybridFramework/BigCommerceFrameWork/\n\nThe internal Cypress web server responded with:\n\n  > 404: Not Found\n\nBecause this error occurred during a 'before all' hook we are skipping the remaining tests in the current suite: 'Login.php Functionality Aut...'",
                  "estack": "CypressError: cy.visit() failed trying to load:\n\nWe failed looking for this file at the path:\n\n/Users/husseinabdallah/Desktop/HybridFramework/BigCommerceFrameWork/\n\nThe internal Cypress web server responded with:\n\n  > 404: Not Found\n\nBecause this error occurred during a 'before all' hook we are skipping the remaining tests in the current suite: 'Login.php Functionality Aut...'\n    at Object.cypressErr (http://localhost:58245/__cypress/runner/cypress_runner.js:65727:11)\n    at Object.throwErr (http://localhost:58245/__cypress/runner/cypress_runner.js:65692:18)\n    at Object.throwErrByPath (http://localhost:58245/__cypress/runner/cypress_runner.js:65719:17)\n    at http://localhost:58245/__cypress/runner/cypress_runner.js:56262:31\n    at visitFailedByErr (http://localhost:58245/__cypress/runner/cypress_runner.js:55840:12)\n    at http://localhost:58245/__cypress/runner/cypress_runner.js:56243:22\n    at tryCatcher (http://localhost:58245/__cypress/runner/cypress_runner.js:131273:23)\n    at Promise._settlePromiseFromHandler (http://localhost:58245/__cypress/runner/cypress_runner.js:129291:31)\n    at Promise._settlePromise (http://localhost:58245/__cypress/runner/cypress_runner.js:129348:18)\n    at Promise._settlePromise0 (http://localhost:58245/__cypress/runner/cypress_runner.js:129393:10)\n    at Promise._settlePromises (http://localhost:58245/__cypress/runner/cypress_runner.js:129468:18)\n    at Async._drainQueue (http://localhost:58245/__cypress/runner/cypress_runner.js:126197:16)\n    at Async._drainQueues (http://localhost:58245/__cypress/runner/cypress_runner.js:126207:10)\n    at Async.drainQueues (http://localhost:58245/__cypress/runner/cypress_runner.js:126081:14)"
                },
                "isRoot": false,
                "uuid": "2a794651-0677-4cc3-8de2-7093170091d8",
                "isHook": false,
                "skipped": false
              },
              {
                "title": "Check if the link is Visible",
                "fullTitle": "Login.php Functionality Automation Tests - Login, Logout, Reset, Register Forget Password Form Functionality Check if the link is Visible",
                "duration": 0,
                "state": "skipped",
                "pass": false,
                "fail": false,
                "pending": false,
                "code": "cy.get(this.loginElements.forgetPasswordLink, {\n  timeout: 6000\n}).should('be.visible').should('have.attr', 'href');",
                "err": {},
                "isRoot": false,
                "uuid": "bab2f4df-4847-4390-bf4b-74714f5df341",
                "isHook": false,
                "skipped": true
              },
              {
                "title": "Access the forget Password form and verify it is visible",
                "fullTitle": "Login.php Functionality Automation Tests - Login, Logout, Reset, Register Forget Password Form Functionality Access the forget Password form and verify it is visible",
                "duration": 0,
                "state": "skipped",
                "pass": false,
                "fail": false,
                "pending": false,
                "code": "cy.get(this.loginElements.forgetPasswordLink).click({\n  timeout: 6000\n});\ncy.url().should('include', 'reset_password');",
                "err": {},
                "isRoot": false,
                "uuid": "8fa42c90-b3e3-4be0-87c6-e0d2665c2728",
                "isHook": false,
                "skipped": true
              },
              {
                "title": "Verify form doesn't accept empty fields",
                "fullTitle": "Login.php Functionality Automation Tests - Login, Logout, Reset, Register Forget Password Form Functionality Verify form doesn't accept empty fields",
                "duration": 0,
                "state": "skipped",
                "pass": false,
                "fail": false,
                "pending": false,
                "code": "cy.forgetPassword({\n  email: ''\n});\nverifyTextContent(this.forgetPasswordElements.alertWarningMessage, this.forgetPasswordData.invalidForgetFormAlert);",
                "err": {},
                "isRoot": false,
                "uuid": "5116afa6-3a93-4e17-b43e-2e955300ee3c",
                "isHook": false,
                "skipped": true
              },
              {
                "title": "Forget Password Form with invalid email",
                "fullTitle": "Login.php Functionality Automation Tests - Login, Logout, Reset, Register Forget Password Form Functionality Forget Password Form with invalid email",
                "duration": 0,
                "state": "skipped",
                "pass": false,
                "fail": false,
                "pending": false,
                "code": "cy.forgetPassword({\n  email: this.forgetPasswordData.invalidEmail\n});\nverifyTextContent(this.forgetPasswordElements.alertWarningMessage, this.forgetPasswordData.invalidForgetFormAlert);",
                "err": {},
                "isRoot": false,
                "uuid": "c12f5832-450d-423a-85e3-e94487a94e68",
                "isHook": false,
                "skipped": true
              },
              {
                "title": "Forget Password Form with unregistered email",
                "fullTitle": "Login.php Functionality Automation Tests - Login, Logout, Reset, Register Forget Password Form Functionality Forget Password Form with unregistered email",
                "duration": 0,
                "state": "skipped",
                "pass": false,
                "fail": false,
                "pending": false,
                "code": "cy.forgetPassword({\n  email: this.users.unregisteredUser.email\n});\nverifyTextContent(this.forgetPasswordElements.alertErrorMessage, this.forgetPasswordData.forgetFormErrorMessage);",
                "err": {},
                "isRoot": false,
                "uuid": "1b0c6359-0461-45fc-a5f9-7bee138a74e3",
                "isHook": false,
                "skipped": true
              },
              {
                "title": "Forget Password Form with registered email",
                "fullTitle": "Login.php Functionality Automation Tests - Login, Logout, Reset, Register Forget Password Form Functionality Forget Password Form with registered email",
                "duration": 0,
                "state": "skipped",
                "pass": false,
                "fail": false,
                "pending": false,
                "code": "cy.forgetPassword({\n  email: this.users.registeredUser.email\n});\nverifyTextContent(this.forgetPasswordElements.alertSuccessMessage, this.forgetPasswordData.forgetFormSuccessMessage);\ncy.get(this.loginElements.signInForm).should('be.visible');\nverifyTextContent(this.loginElements.loginPageHeading, this.loginData.loginPageHeading);",
                "err": {},
                "isRoot": false,
                "uuid": "ba5700dc-0573-4fde-aac2-02631542b8b7",
                "isHook": false,
                "skipped": true
              }
            ],
            "suites": [],
            "passes": [],
            "failures": [
              "2a794651-0677-4cc3-8de2-7093170091d8"
            ],
            "pending": [],
            "skipped": [
              "bab2f4df-4847-4390-bf4b-74714f5df341",
              "8fa42c90-b3e3-4be0-87c6-e0d2665c2728",
              "5116afa6-3a93-4e17-b43e-2e955300ee3c",
              "c12f5832-450d-423a-85e3-e94487a94e68",
              "1b0c6359-0461-45fc-a5f9-7bee138a74e3",
              "ba5700dc-0573-4fde-aac2-02631542b8b7"
            ],
            "duration": 416,
            "root": false,
            "rootEmpty": false,
            "_timeout": 2000
          },
          {
            "uuid": "39191997-6391-4c5b-b6ab-bab7436e55e5",
            "title": "Login Form Functionality",
            "fullFile": "",
            "file": "",
            "beforeHooks": [],
            "afterHooks": [],
            "tests": [
              {
                "title": "Access the login Page",
                "fullTitle": "Login.php Functionality Automation Tests - Login, Logout, Reset, Register Login Form Functionality Access the login Page",
                "duration": 0,
                "state": "skipped",
                "pass": false,
                "fail": false,
                "pending": false,
                "code": "cy.visit(\"\", {\n  timeout: 60000\n});\ncy.accessAccountPage();\ncy.url().should('include', 'login.php');\nverifyTextContent(this.loginElements.loginPageHeading, this.loginData.loginPageHeading);",
                "err": {},
                "isRoot": false,
                "uuid": "a8a46df5-f14e-4ae4-a4e5-c8fcb7ec953b",
                "isHook": false,
                "skipped": true
              },
              {
                "title": "Login Form Functionality with empty fields",
                "fullTitle": "Login.php Functionality Automation Tests - Login, Logout, Reset, Register Login Form Functionality Login Form Functionality with empty fields",
                "duration": 0,
                "state": "skipped",
                "pass": false,
                "fail": false,
                "pending": false,
                "code": "cy.signIn({\n  email: '',\n  password: ''\n});\nverifyTextContent(this.loginElements.emailInlineMessage, this.loginData.usernameWarningMessage);\nverifyTextContent(this.loginElements.passwordInlineMessage, this.loginData.passwordWarningMessage);",
                "err": {},
                "isRoot": false,
                "uuid": "49f20694-84f7-4a41-8e06-6d5957e11b6b",
                "isHook": false,
                "skipped": true
              },
              {
                "title": "Login Form Functionality with invalid Credentials",
                "fullTitle": "Login.php Functionality Automation Tests - Login, Logout, Reset, Register Login Form Functionality Login Form Functionality with invalid Credentials",
                "duration": 0,
                "state": "skipped",
                "pass": false,
                "fail": false,
                "pending": false,
                "code": "cy.signIn({\n  email: this.users.invalidUser.email,\n  password: this.users.invalidUser.password\n});\nverifyTextContent(this.loginElements.emailInlineMessage, this.loginData.usernameWarningMessage);",
                "err": {},
                "isRoot": false,
                "uuid": "d2144a64-2ff5-4996-9eb8-71622a968082",
                "isHook": false,
                "skipped": true
              },
              {
                "title": "Login Form Functionality with Unregistered User",
                "fullTitle": "Login.php Functionality Automation Tests - Login, Logout, Reset, Register Login Form Functionality Login Form Functionality with Unregistered User",
                "duration": 0,
                "state": "skipped",
                "pass": false,
                "fail": false,
                "pending": false,
                "code": "cy.signIn({\n  email: this.users.unregisteredUser.email,\n  password: this.users.unregisteredUser.password\n});\nverifyTextContent(this.loginElements.loginAlertErrorMessage, this.loginData.errorMessage);",
                "err": {},
                "isRoot": false,
                "uuid": "7949f302-888e-4e14-b76c-1de013c07056",
                "isHook": false,
                "skipped": true
              },
              {
                "title": "Login Form Functionality with Registered User email and no password",
                "fullTitle": "Login.php Functionality Automation Tests - Login, Logout, Reset, Register Login Form Functionality Login Form Functionality with Registered User email and no password",
                "duration": 0,
                "state": "skipped",
                "pass": false,
                "fail": false,
                "pending": false,
                "code": "cy.signIn({\n  email: this.users.registeredUser.email,\n  password: ''\n});\nverifyTextContent(this.loginElements.passwordInlineMessage, this.loginData.passwordWarningMessage);",
                "err": {},
                "isRoot": false,
                "uuid": "bd21b595-d0b9-4d69-beab-324a9f0d42a5",
                "isHook": false,
                "skipped": true
              },
              {
                "title": "Login Form Functionality with Registered User",
                "fullTitle": "Login.php Functionality Automation Tests - Login, Logout, Reset, Register Login Form Functionality Login Form Functionality with Registered User",
                "duration": 0,
                "state": "skipped",
                "pass": false,
                "fail": false,
                "pending": false,
                "code": "cy.signIn({\n  email: this.users.registeredUser.email,\n  password: this.users.registeredUser.password\n});\ncy.url().should('include', 'account.php');\nverifyTextContent(this.myAccountElements.accountPageHeading, this.myAccountData.accountPageHeading);",
                "err": {},
                "isRoot": false,
                "uuid": "91a1fbad-ae02-4b45-948f-33949bb3eb85",
                "isHook": false,
                "skipped": true
              }
            ],
            "suites": [],
            "passes": [],
            "failures": [],
            "pending": [],
            "skipped": [
              "a8a46df5-f14e-4ae4-a4e5-c8fcb7ec953b",
              "49f20694-84f7-4a41-8e06-6d5957e11b6b",
              "d2144a64-2ff5-4996-9eb8-71622a968082",
              "7949f302-888e-4e14-b76c-1de013c07056",
              "bd21b595-d0b9-4d69-beab-324a9f0d42a5",
              "91a1fbad-ae02-4b45-948f-33949bb3eb85"
            ],
            "duration": 0,
            "root": false,
            "rootEmpty": false,
            "_timeout": 2000
          },
          {
            "uuid": "f5dfbd17-9623-475e-af3d-7544fae9bb5c",
            "title": "Logout Functionality",
            "fullFile": "",
            "file": "",
            "beforeHooks": [],
            "afterHooks": [],
            "tests": [
              {
                "title": "Access the Login Page and Verify",
                "fullTitle": "Login.php Functionality Automation Tests - Login, Logout, Reset, Register Logout Functionality Access the Login Page and Verify",
                "duration": 0,
                "state": "skipped",
                "pass": false,
                "fail": false,
                "pending": false,
                "code": "cy.visit(\"\", {\n  timeout: 60000\n});\ncy.accessAccountPage();\ncy.url().should('include', 'login.php');\nverifyTextContent(this.loginElements.loginPageHeading, this.loginData.loginPageHeading);\ncy.signIn({\n  email: this.users.registeredUser.email,\n  password: this.users.registeredUser.password\n});\ncy.url().should('include', 'account.php');\nverifyTextContent(this.myAccountElements.accountPageHeading, this.myAccountData.accountPageHeading);",
                "err": {},
                "isRoot": false,
                "uuid": "592a01fb-b990-41c9-a5e6-8969af3bf9f9",
                "isHook": false,
                "skipped": true
              },
              {
                "title": "Logout Button functionality",
                "fullTitle": "Login.php Functionality Automation Tests - Login, Logout, Reset, Register Logout Functionality Logout Button functionality",
                "duration": 0,
                "state": "skipped",
                "pass": false,
                "fail": false,
                "pending": false,
                "code": "cy.logout();\nverifyTextContent(this.loginElements.loginAlertSuccessMessage, this.loginData.logoutMessage);",
                "err": {},
                "isRoot": false,
                "uuid": "a9f9e831-23ed-4acf-a24b-843847463911",
                "isHook": false,
                "skipped": true
              }
            ],
            "suites": [],
            "passes": [],
            "failures": [],
            "pending": [],
            "skipped": [
              "592a01fb-b990-41c9-a5e6-8969af3bf9f9",
              "a9f9e831-23ed-4acf-a24b-843847463911"
            ],
            "duration": 0,
            "root": false,
            "rootEmpty": false,
            "_timeout": 2000
          },
          {
            "uuid": "b3ab4cb5-79ce-410b-90d6-538d8dc1cb4c",
            "title": "Register Form Functionality",
            "fullFile": "",
            "file": "",
            "beforeHooks": [],
            "afterHooks": [],
            "tests": [
              {
                "title": "Access the SignIn Page",
                "fullTitle": "Login.php Functionality Automation Tests - Login, Logout, Reset, Register Register Form Functionality Access the SignIn Page",
                "duration": 0,
                "state": "skipped",
                "pass": false,
                "fail": false,
                "pending": false,
                "code": "cy.visit(\"\", {\n  timeout: 60000\n});\ncy.accessAccountPage();\ncy.url().should('include', 'login.php');\nverifyTextContent(this.loginElements.loginPageHeading, this.loginData.loginPageHeading);",
                "err": {},
                "isRoot": false,
                "uuid": "8741f636-af8a-4ca7-bf98-01a2433371e6",
                "isHook": false,
                "skipped": true
              },
              {
                "title": "Navigate to Register Form and verify visibility",
                "fullTitle": "Login.php Functionality Automation Tests - Login, Logout, Reset, Register Register Form Functionality Navigate to Register Form and verify visibility",
                "duration": 0,
                "state": "skipped",
                "pass": false,
                "fail": false,
                "pending": false,
                "code": "verifyTextContent(this.loginElements.registerDivHeader, this.loginData.registerDivHeader);\ncy.get(this.loginElements.registerButton).should('have.attr', 'href', this.loginData.registerLink).should('be.visible').click();",
                "err": {},
                "isRoot": false,
                "uuid": "b5227fd6-6205-471d-a4b7-a4ed3c4c65aa",
                "isHook": false,
                "skipped": true
              }
            ],
            "suites": [
              {
                "uuid": "16dad29a-9141-4f8d-8d70-6df227ac57f9",
                "title": "Form Fields Required Attribute and Asterisk",
                "fullFile": "",
                "file": "",
                "beforeHooks": [],
                "afterHooks": [],
                "tests": [
                  {
                    "title": "First Name",
                    "fullTitle": "Login.php Functionality Automation Tests - Login, Logout, Reset, Register Register Form Functionality Form Fields Required Attribute and Asterisk First Name",
                    "duration": 0,
                    "state": "skipped",
                    "pass": false,
                    "fail": false,
                    "pending": false,
                    "code": "verifyFieldAttributes(this.registerElements.firstNameInput, this.registerElements.firstNameLabel);",
                    "err": {},
                    "isRoot": false,
                    "uuid": "416349f1-dc67-4a0c-adf2-f4b0a1103a5e",
                    "isHook": false,
                    "skipped": true
                  },
                  {
                    "title": "Last Name",
                    "fullTitle": "Login.php Functionality Automation Tests - Login, Logout, Reset, Register Register Form Functionality Form Fields Required Attribute and Asterisk Last Name",
                    "duration": 0,
                    "state": "skipped",
                    "pass": false,
                    "fail": false,
                    "pending": false,
                    "code": "verifyFieldAttributes(this.registerElements.lastNameInput, this.registerElements.lastNameLabel);",
                    "err": {},
                    "isRoot": false,
                    "uuid": "c3d29977-7825-42d0-95d8-783304fb347f",
                    "isHook": false,
                    "skipped": true
                  },
                  {
                    "title": "Email",
                    "fullTitle": "Login.php Functionality Automation Tests - Login, Logout, Reset, Register Register Form Functionality Form Fields Required Attribute and Asterisk Email",
                    "duration": 0,
                    "state": "skipped",
                    "pass": false,
                    "fail": false,
                    "pending": false,
                    "code": "verifyFieldAttributes(this.registerElements.emailInput, this.registerElements.emailLabel);",
                    "err": {},
                    "isRoot": false,
                    "uuid": "6edb6b3b-ed04-48a2-bd7d-3770977a1e3c",
                    "isHook": false,
                    "skipped": true
                  },
                  {
                    "title": "Password",
                    "fullTitle": "Login.php Functionality Automation Tests - Login, Logout, Reset, Register Register Form Functionality Form Fields Required Attribute and Asterisk Password",
                    "duration": 0,
                    "state": "skipped",
                    "pass": false,
                    "fail": false,
                    "pending": false,
                    "code": "verifyFieldAttributes(this.registerElements.passwordInput, this.registerElements.passwordLabel);",
                    "err": {},
                    "isRoot": false,
                    "uuid": "c4e623f5-6371-4987-8fc8-5a52a26b15e7",
                    "isHook": false,
                    "skipped": true
                  },
                  {
                    "title": "Confirm Password",
                    "fullTitle": "Login.php Functionality Automation Tests - Login, Logout, Reset, Register Register Form Functionality Form Fields Required Attribute and Asterisk Confirm Password",
                    "duration": 0,
                    "state": "skipped",
                    "pass": false,
                    "fail": false,
                    "pending": false,
                    "code": "verifyFieldAttributes(this.registerElements.confirmPasswordInput, this.registerElements.confirmPasswordLabel);",
                    "err": {},
                    "isRoot": false,
                    "uuid": "0e6578bd-c8d0-4e8f-b1bc-c0d8e1cb958a",
                    "isHook": false,
                    "skipped": true
                  },
                  {
                    "title": "Address Line 1",
                    "fullTitle": "Login.php Functionality Automation Tests - Login, Logout, Reset, Register Register Form Functionality Form Fields Required Attribute and Asterisk Address Line 1",
                    "duration": 0,
                    "state": "skipped",
                    "pass": false,
                    "fail": false,
                    "pending": false,
                    "code": "verifyFieldAttributes(this.registerElements.addressLine1Input, this.registerElements.addressLine1Label);",
                    "err": {},
                    "isRoot": false,
                    "uuid": "d95e40f2-5157-4685-b8ef-095b7a4091bb",
                    "isHook": false,
                    "skipped": true
                  },
                  {
                    "title": "City",
                    "fullTitle": "Login.php Functionality Automation Tests - Login, Logout, Reset, Register Register Form Functionality Form Fields Required Attribute and Asterisk City",
                    "duration": 0,
                    "state": "skipped",
                    "pass": false,
                    "fail": false,
                    "pending": false,
                    "code": "verifyFieldAttributes(this.registerElements.cityInput, this.registerElements.cityLabel);",
                    "err": {},
                    "isRoot": false,
                    "uuid": "1f4a7ced-0f91-4cf4-a0f1-1acea98ab106",
                    "isHook": false,
                    "skipped": true
                  },
                  {
                    "title": "Country",
                    "fullTitle": "Login.php Functionality Automation Tests - Login, Logout, Reset, Register Register Form Functionality Form Fields Required Attribute and Asterisk Country",
                    "duration": 0,
                    "state": "skipped",
                    "pass": false,
                    "fail": false,
                    "pending": false,
                    "code": "verifyFieldAttributes(this.registerElements.countrySelect, this.registerElements.countryLabel);",
                    "err": {},
                    "isRoot": false,
                    "uuid": "963ac689-02e4-400f-87f6-00b49d5a7527",
                    "isHook": false,
                    "skipped": true
                  },
                  {
                    "title": "State",
                    "fullTitle": "Login.php Functionality Automation Tests - Login, Logout, Reset, Register Register Form Functionality Form Fields Required Attribute and Asterisk State",
                    "duration": 0,
                    "state": "skipped",
                    "pass": false,
                    "fail": false,
                    "pending": false,
                    "code": "verifyFieldAttributes(this.registerElements.stateSelect, this.registerElements.stateLabel);",
                    "err": {},
                    "isRoot": false,
                    "uuid": "8aadbbee-a01d-4942-a4cb-e2c91cb4c2ee",
                    "isHook": false,
                    "skipped": true
                  },
                  {
                    "title": "Phone Number",
                    "fullTitle": "Login.php Functionality Automation Tests - Login, Logout, Reset, Register Register Form Functionality Form Fields Required Attribute and Asterisk Phone Number",
                    "duration": 0,
                    "state": "skipped",
                    "pass": false,
                    "fail": false,
                    "pending": false,
                    "code": "verifyFieldAttributes(this.registerElements.phoneInput, this.registerElements.phoneLabel);",
                    "err": {},
                    "isRoot": false,
                    "uuid": "cc566d6c-ab0b-41b7-acca-f50ca97ca2fe",
                    "isHook": false,
                    "skipped": true
                  }
                ],
                "suites": [],
                "passes": [],
                "failures": [],
                "pending": [],
                "skipped": [
                  "416349f1-dc67-4a0c-adf2-f4b0a1103a5e",
                  "c3d29977-7825-42d0-95d8-783304fb347f",
                  "6edb6b3b-ed04-48a2-bd7d-3770977a1e3c",
                  "c4e623f5-6371-4987-8fc8-5a52a26b15e7",
                  "0e6578bd-c8d0-4e8f-b1bc-c0d8e1cb958a",
                  "d95e40f2-5157-4685-b8ef-095b7a4091bb",
                  "1f4a7ced-0f91-4cf4-a0f1-1acea98ab106",
                  "963ac689-02e4-400f-87f6-00b49d5a7527",
                  "8aadbbee-a01d-4942-a4cb-e2c91cb4c2ee",
                  "cc566d6c-ab0b-41b7-acca-f50ca97ca2fe"
                ],
                "duration": 0,
                "root": false,
                "rootEmpty": false,
                "_timeout": 2000
              },
              {
                "uuid": "c7da13d4-69da-48da-9395-e3667178c932",
                "title": "Verify Fields Format",
                "fullFile": "",
                "file": "",
                "beforeHooks": [],
                "afterHooks": [],
                "tests": [],
                "suites": [
                  {
                    "uuid": "9979aa30-097c-4450-9637-e1c0fedfde25",
                    "title": "Password & confirm Password fields verification process",
                    "fullFile": "",
                    "file": "",
                    "beforeHooks": [],
                    "afterHooks": [],
                    "tests": [
                      {
                        "title": "Only Numeric Characters",
                        "fullTitle": "Login.php Functionality Automation Tests - Login, Logout, Reset, Register Register Form Functionality Verify Fields Format Password & confirm Password fields verification process Only Numeric Characters",
                        "duration": 0,
                        "state": "skipped",
                        "pass": false,
                        "fail": false,
                        "pending": false,
                        "code": "formatVerification(this.registerElements.passwordInput, '123456789', this.registerElements.passwordInlineMessage, this.registerData.passwordInlineMessage);",
                        "err": {},
                        "isRoot": false,
                        "uuid": "ba35592c-fe9c-415b-bd3e-e2d69ceb81e4",
                        "isHook": false,
                        "skipped": true
                      },
                      {
                        "title": "Only alphabetic Characters",
                        "fullTitle": "Login.php Functionality Automation Tests - Login, Logout, Reset, Register Register Form Functionality Verify Fields Format Password & confirm Password fields verification process Only alphabetic Characters",
                        "duration": 0,
                        "state": "skipped",
                        "pass": false,
                        "fail": false,
                        "pending": false,
                        "code": "formatVerification(this.registerElements.passwordInput, 'qwertyqwerty', this.registerElements.passwordInlineMessage, this.registerData.passwordInlineMessage);",
                        "err": {},
                        "isRoot": false,
                        "uuid": "063f8b4b-4c95-4c7a-8428-618035668843",
                        "isHook": false,
                        "skipped": true
                      },
                      {
                        "title": "Less than 7 characters",
                        "fullTitle": "Login.php Functionality Automation Tests - Login, Logout, Reset, Register Register Form Functionality Verify Fields Format Password & confirm Password fields verification process Less than 7 characters",
                        "duration": 0,
                        "state": "skipped",
                        "pass": false,
                        "fail": false,
                        "pending": false,
                        "code": "formatVerification(this.registerElements.passwordInput, 'qwer12', this.registerElements.passwordInlineMessage, this.registerData.passwordInlineMessage);",
                        "err": {},
                        "isRoot": false,
                        "uuid": "f07b02f8-20f2-4e7a-8d41-00eb8af25bcf",
                        "isHook": false,
                        "skipped": true
                      },
                      {
                        "title": "Passwords don't match",
                        "fullTitle": "Login.php Functionality Automation Tests - Login, Logout, Reset, Register Register Form Functionality Verify Fields Format Password & confirm Password fields verification process Passwords don't match",
                        "duration": 0,
                        "state": "skipped",
                        "pass": false,
                        "fail": false,
                        "pending": false,
                        "code": "formatVerification(this.registerElements.passwordInput, 'qwerty12345', \" \", \" \", this.registerElements.confirmPasswordInput, 'qwerty123', this.registerElements.confirmPasswordInlineMessage, this.registerData.confirmPasswordInlineMessage);",
                        "err": {},
                        "isRoot": false,
                        "uuid": "bd96a791-48c5-41bd-90a1-fbf41eb79167",
                        "isHook": false,
                        "skipped": true
                      },
                      {
                        "title": "Matching Password",
                        "fullTitle": "Login.php Functionality Automation Tests - Login, Logout, Reset, Register Register Form Functionality Verify Fields Format Password & confirm Password fields verification process Matching Password",
                        "duration": 0,
                        "state": "skipped",
                        "pass": false,
                        "fail": false,
                        "pending": false,
                        "code": "var _this = this;\ncy.get(this.registerElements.passwordInput).clear().type('qwerty12345');\ncy.get(this.registerElements.confirmPasswordInput).clear().type('qwerty12345');\ncy.get(this.registerElements.passwordInput).invoke('val').then(function (fstElement) {\n  cy.get(_this.registerElements.confirmPasswordInput).should('have.value', fstElement);\n});\ncy.get(this.registerElements.passwordInput).clear();\ncy.get(this.registerElements.confirmPasswordInput).clear();",
                        "err": {},
                        "isRoot": false,
                        "uuid": "d4093b93-82d2-4fce-ba46-3fe50b3a42e8",
                        "isHook": false,
                        "skipped": true
                      }
                    ],
                    "suites": [],
                    "passes": [],
                    "failures": [],
                    "pending": [],
                    "skipped": [
                      "ba35592c-fe9c-415b-bd3e-e2d69ceb81e4",
                      "063f8b4b-4c95-4c7a-8428-618035668843",
                      "f07b02f8-20f2-4e7a-8d41-00eb8af25bcf",
                      "bd96a791-48c5-41bd-90a1-fbf41eb79167",
                      "d4093b93-82d2-4fce-ba46-3fe50b3a42e8"
                    ],
                    "duration": 0,
                    "root": false,
                    "rootEmpty": false,
                    "_timeout": 2000
                  },
                  {
                    "uuid": "a4783b20-c62c-4d06-97ec-9746c1bfcf7d",
                    "title": "Email field verification process",
                    "fullFile": "",
                    "file": "",
                    "beforeHooks": [],
                    "afterHooks": [],
                    "tests": [
                      {
                        "title": "Invalid email format",
                        "fullTitle": "Login.php Functionality Automation Tests - Login, Logout, Reset, Register Register Form Functionality Verify Fields Format Email field verification process Invalid email format",
                        "duration": 0,
                        "state": "skipped",
                        "pass": false,
                        "fail": false,
                        "pending": false,
                        "code": "cy.get(this.registerElements.emailInput).clear().type(this.users.invalidUser.email);\nverifyTextContent(this.registerElements.emailInlineMessage, this.registerData.emailInlineMessage);",
                        "err": {},
                        "isRoot": false,
                        "uuid": "2da63c62-c7ad-4c08-af31-7a27aaef051d",
                        "isHook": false,
                        "skipped": true
                      },
                      {
                        "title": "Valid email format",
                        "fullTitle": "Login.php Functionality Automation Tests - Login, Logout, Reset, Register Register Form Functionality Verify Fields Format Email field verification process Valid email format",
                        "duration": 0,
                        "state": "skipped",
                        "pass": false,
                        "fail": false,
                        "pending": false,
                        "code": "cy.get(this.registerElements.emailInput).clear().type(this.users.registeredUser.email);\ncy.get(this.registerElements.emailInput, {\n  requestTimeout: 6000\n}).invoke('val').should('match', /^([a-zA-Z0-9_\\-\\.]+)@((\\[[0-9]{1,3}\\.[0-9]{1,3}\\.[0-9]{1,3}\\.)|(([a-zA-Z0-9\\-]+\\.)+))([a-zA-Z]{2,4}|[0-9]{1,3})(\\]?)$/);",
                        "err": {},
                        "isRoot": false,
                        "uuid": "6b27a86c-f315-44a1-b597-32f7adfa473c",
                        "isHook": false,
                        "skipped": true
                      }
                    ],
                    "suites": [],
                    "passes": [],
                    "failures": [],
                    "pending": [],
                    "skipped": [
                      "2da63c62-c7ad-4c08-af31-7a27aaef051d",
                      "6b27a86c-f315-44a1-b597-32f7adfa473c"
                    ],
                    "duration": 0,
                    "root": false,
                    "rootEmpty": false,
                    "_timeout": 2000
                  }
                ],
                "passes": [],
                "failures": [],
                "pending": [],
                "skipped": [],
                "duration": 0,
                "root": false,
                "rootEmpty": false,
                "_timeout": 2000
              },
              {
                "uuid": "48c9aae9-d818-493a-8196-5a59106e604f",
                "title": "Submitting the registration form",
                "fullFile": "",
                "file": "",
                "beforeHooks": [],
                "afterHooks": [],
                "tests": [
                  {
                    "title": "Register with existing user",
                    "fullTitle": "Login.php Functionality Automation Tests - Login, Logout, Reset, Register Register Form Functionality Submitting the registration form Register with existing user",
                    "duration": 0,
                    "state": "skipped",
                    "pass": false,
                    "fail": false,
                    "pending": false,
                    "code": "cy.reload();\ncy.fillInputForm({\n  element: this.registerElements.firstNameInput,\n  text: this.users.registeredUser.firstName\n});\ncy.fillInputForm({\n  element: this.registerElements.lastNameInput,\n  text: this.users.registeredUser.lastName\n});\ncy.fillInputForm({\n  element: this.registerElements.emailInput,\n  text: this.users.registeredUser.email\n});\ncy.fillInputForm({\n  element: this.registerElements.phoneInput,\n  text: this.users.registeredUser.phone\n});\ncy.fillInputForm({\n  element: this.registerElements.passwordInput,\n  text: this.users.registeredUser.password\n}), cy.fillInputForm({\n  element: this.registerElements.confirmPasswordInput,\n  text: this.users.registeredUser.password\n}), cy.fillInputForm({\n  element: this.registerElements.addressLine1Input,\n  text: this.users.registeredUser.address.street + ' ' + this.users.registeredUser.address.suite\n});\ncy.fillInputForm({\n  element: this.registerElements.addressLine2Input,\n  text: this.users.registeredUser.address.address2\n}), cy.fillSelectForm({\n  element: this.registerElements.countrySelect,\n  text: this.users.registeredUser.address.country\n}), cy.fillInputForm({\n  element: this.registerElements.cityInput,\n  text: this.users.registeredUser.address.city\n}), cy.fillSelectForm({\n  element: this.registerElements.stateSelect,\n  text: this.users.registeredUser.address.state\n}), cy.fillInputForm({\n  element: this.registerElements.postalCodeInput,\n  text: this.users.registeredUser.address.postalCode\n}), cy.fillInputForm({\n  element: this.registerElements.companyNameInput,\n  text: this.users.registeredUser.company.name\n});\ncy.get('form').contains('Create Account').click();\ncy.get('.alertBox--error .alertBox-message', {\n  timeout: 6000\n}).should('be.visible').invoke('text').should('contain', this.registerData.formErrorMessage1 + \" \" + this.users.registeredUser.email + \" \" + this.registerData.formErrorMessage2);",
                    "err": {},
                    "isRoot": false,
                    "uuid": "41a13dd3-96b9-4f84-8621-b79a84743e39",
                    "isHook": false,
                    "skipped": true
                  },
                  {
                    "title": "Register new user",
                    "fullTitle": "Login.php Functionality Automation Tests - Login, Logout, Reset, Register Register Form Functionality Submitting the registration form Register new user",
                    "duration": 0,
                    "state": "skipped",
                    "pass": false,
                    "fail": false,
                    "pending": false,
                    "code": "cy.reload();\ncy.fillInputForm({\n  element: this.registerElements.firstNameInput,\n  text: this.users.newUser.firstName\n});\ncy.fillInputForm({\n  element: this.registerElements.lastNameInput,\n  text: this.users.newUser.lastName\n});\ncy.fillInputForm({\n  element: this.registerElements.emailInput,\n  text: this.users.newUser.email\n});\ncy.fillInputForm({\n  element: this.registerElements.phoneInput,\n  text: this.users.newUser.phone\n});\ncy.fillInputForm({\n  element: this.registerElements.passwordInput,\n  text: this.users.newUser.password\n}), cy.fillInputForm({\n  element: this.registerElements.confirmPasswordInput,\n  text: this.users.newUser.password\n}), cy.fillInputForm({\n  element: this.registerElements.addressLine1Input,\n  text: this.users.newUser.address.street + ' ' + this.users.newUser.address.suite\n});\ncy.fillInputForm({\n  element: this.registerElements.addressLine2Input,\n  text: this.users.newUser.address.address2\n}), cy.fillSelectForm({\n  element: this.registerElements.countrySelect,\n  text: this.users.newUser.address.country\n}), cy.fillInputForm({\n  element: this.registerElements.cityInput,\n  text: this.users.newUser.address.city\n}), cy.fillSelectForm({\n  element: this.registerElements.stateSelect,\n  text: this.users.newUser.address.state\n}), cy.fillInputForm({\n  element: this.registerElements.postalCodeInput,\n  text: this.users.newUser.address.postalCode\n}), cy.fillInputForm({\n  element: this.registerElements.companyNameInput,\n  text: this.users.newUser.company.name\n});\ncy.get('form').contains('Create Account').click(); //cy.wait({requestTimeout: 2000})\ncy.url({\n  requestTimeout: 10000\n}).should('include', '/login.php?action=account_created');\ncy.get(this.registerElements.createdAccountPageHeading, {\n  requestTimeout: 6000\n}).should('be.visible', {\n  timeout: 6000\n});",
                    "err": {},
                    "isRoot": false,
                    "uuid": "320a2a94-c43a-4188-92c1-36e669d53baa",
                    "isHook": false,
                    "skipped": true
                  },
                  {
                    "title": "Confirm New User Registeration by Signing In NewUser",
                    "fullTitle": "Login.php Functionality Automation Tests - Login, Logout, Reset, Register Register Form Functionality Submitting the registration form Confirm New User Registeration by Signing In NewUser",
                    "duration": 0,
                    "state": "skipped",
                    "pass": false,
                    "fail": false,
                    "pending": false,
                    "code": "cy.logout();\ncy.loginPage();\ncy.signIn({\n  email: this.users.newUser.email,\n  password: this.users.newUser.password\n});\ncy.url().should('include', 'account.php');\nverifyTextContent(this.myAccountElements.accountPageHeading, this.myAccountData.accountPageHeading);",
                    "err": {},
                    "isRoot": false,
                    "uuid": "73f02e29-46fa-4662-b410-7de5aaa643ae",
                    "isHook": false,
                    "skipped": true
                  }
                ],
                "suites": [],
                "passes": [],
                "failures": [],
                "pending": [],
                "skipped": [
                  "41a13dd3-96b9-4f84-8621-b79a84743e39",
                  "320a2a94-c43a-4188-92c1-36e669d53baa",
                  "73f02e29-46fa-4662-b410-7de5aaa643ae"
                ],
                "duration": 0,
                "root": false,
                "rootEmpty": false,
                "_timeout": 2000
              }
            ],
            "passes": [],
            "failures": [],
            "pending": [],
            "skipped": [
              "8741f636-af8a-4ca7-bf98-01a2433371e6",
              "b5227fd6-6205-471d-a4b7-a4ed3c4c65aa"
            ],
            "duration": 0,
            "root": false,
            "rootEmpty": false,
            "_timeout": 2000
          }
        ],
        "passes": [],
        "failures": [],
        "pending": [],
        "skipped": [],
        "duration": 0,
        "root": false,
        "rootEmpty": false,
        "_timeout": 2000
      }
    ],
    "passes": [],
    "failures": [],
    "pending": [],
    "skipped": [],
    "duration": 0,
    "root": true,
    "rootEmpty": true,
    "_timeout": 2000
  },
  "copyrightYear": 2019
}