{
  "stats": {
    "suites": 1,
    "tests": 0,
    "passes": 0,
    "pending": 0,
    "failures": 0,
    "start": "2019-05-23T16:06:56.787Z",
    "end": "2019-05-23T16:06:57.292Z",
    "duration": 505,
    "testsRegistered": 13,
    "passPercent": 0,
    "pendingPercent": 0,
    "other": 1,
    "hasOther": true,
    "skipped": 13,
    "hasSkipped": true,
    "passPercentClass": "danger",
    "pendingPercentClass": "danger"
  },
  "suites": {
    "uuid": "59d73f8a-c0c6-4900-ae72-f3488744ab02",
    "title": "",
    "fullFile": "",
    "file": "",
    "beforeHooks": [],
    "afterHooks": [],
    "tests": [],
    "suites": [
      {
        "uuid": "2880bc8c-a0a3-44dd-a3b9-781d638d4de7",
        "title": "Functionality Tests ",
        "fullFile": "",
        "file": "",
        "beforeHooks": [],
        "afterHooks": [],
        "tests": [],
        "suites": [
          {
            "uuid": "130e221c-028b-4d94-b270-a960dcde9215",
            "title": "Cart functionality",
            "fullFile": "",
            "file": "",
            "beforeHooks": [],
            "afterHooks": [],
            "tests": [
              {
                "title": "Verify Cart is empty",
                "fullTitle": "Functionality Tests  Cart functionality Verify Cart is empty",
                "duration": 449,
                "state": "failed",
                "pass": false,
                "fail": true,
                "pending": false,
                "code": "var _this = this;\ncy.get(this.cartElements.cartElement).click();\ncy.waitUntil(function () {\n  return cy.get(_this.cartElements.cartEmptyBody).invoke('text').should('contain', _this.cartData.cartEmptyMessage);\n});",
                "err": {
                  "message": "CypressError: cy.visit() failed trying to load:\n\ncategories\n\nWe failed looking for this file at the path:\n\n/Users/husseinabdallah/Desktop/HybridFramework/BigCommerceFrameWork/categories\n\nThe internal Cypress web server responded with:\n\n  > 404: Not Found\n\nBecause this error occurred during a 'before all' hook we are skipping the remaining tests in the current suite: 'Functionality Tests '",
                  "estack": "CypressError: cy.visit() failed trying to load:\n\ncategories\n\nWe failed looking for this file at the path:\n\n/Users/husseinabdallah/Desktop/HybridFramework/BigCommerceFrameWork/categories\n\nThe internal Cypress web server responded with:\n\n  > 404: Not Found\n\nBecause this error occurred during a 'before all' hook we are skipping the remaining tests in the current suite: 'Functionality Tests '\n    at Object.cypressErr (http://localhost:59505/__cypress/runner/cypress_runner.js:65727:11)\n    at Object.throwErr (http://localhost:59505/__cypress/runner/cypress_runner.js:65692:18)\n    at Object.throwErrByPath (http://localhost:59505/__cypress/runner/cypress_runner.js:65719:17)\n    at http://localhost:59505/__cypress/runner/cypress_runner.js:56262:31\n    at visitFailedByErr (http://localhost:59505/__cypress/runner/cypress_runner.js:55840:12)\n    at http://localhost:59505/__cypress/runner/cypress_runner.js:56243:22\n    at tryCatcher (http://localhost:59505/__cypress/runner/cypress_runner.js:131273:23)\n    at Promise._settlePromiseFromHandler (http://localhost:59505/__cypress/runner/cypress_runner.js:129291:31)\n    at Promise._settlePromise (http://localhost:59505/__cypress/runner/cypress_runner.js:129348:18)\n    at Promise._settlePromise0 (http://localhost:59505/__cypress/runner/cypress_runner.js:129393:10)\n    at Promise._settlePromises (http://localhost:59505/__cypress/runner/cypress_runner.js:129468:18)\n    at Async._drainQueue (http://localhost:59505/__cypress/runner/cypress_runner.js:126197:16)\n    at Async._drainQueues (http://localhost:59505/__cypress/runner/cypress_runner.js:126207:10)\n    at Async.drainQueues (http://localhost:59505/__cypress/runner/cypress_runner.js:126081:14)\n    at <anonymous>"
                },
                "isRoot": false,
                "uuid": "96c1ddb2-3fbf-40d3-8d1e-26016e5b1f8b",
                "isHook": false,
                "skipped": false
              },
              {
                "title": "Access a Random Product Page",
                "fullTitle": "Functionality Tests  Cart functionality Access a Random Product Page",
                "duration": 0,
                "state": "skipped",
                "pass": false,
                "fail": false,
                "pending": false,
                "code": "cy.get(this.productElements.CategoryProductCard).eq(product).click({\n  force: true,\n  timeout: 60000\n});",
                "err": {},
                "isRoot": false,
                "uuid": "cc6707bf-cbfe-4c9b-a5cc-d77e9df0f685",
                "isHook": false,
                "skipped": true
              },
              {
                "title": "Verify if Size option is available",
                "fullTitle": "Functionality Tests  Cart functionality Verify if Size option is available",
                "duration": 0,
                "state": "skipped",
                "pass": false,
                "fail": false,
                "pending": false,
                "code": "cy.get('form[data-cart-item-add]').then(function ($options) {\n  if ($options.find('[data-product-attribute-name=\"Size\"][type=\"radio\"] ').length) {\n    cy.get('[data-product-attribute-name=\"Size\"] [type=\"radio\"]').then(function ($sizeOptions) {\n      var sxl = $sizeOptions.length;\n      var sizes2 = Math.floor(Math.random() * ($sizeOptions.length - 1));\n      cy.log('sizes', sxl + \" \" + sizes2);\n      cy.get('[data-product-attribute-name=\"Size\"] [type=\"radio\"]').eq(sizes2).check({\n        force: true\n      });\n    });\n  } else if ($options.find('[data-product-attribute-name=\"Size\"]>select>option').length) {\n    cy.get('[data-product-attribute-name=\"Size\"]>select>option').then(function ($sizeOptions) {\n      var optionslength = $sizeOptions.length;\n      var sizes3 = Math.floor(Math.random() * ($sizeOptions.length - 1));\n      cy.get('[data-product-attribute-name=\"Size\"]>select>option').eq(sizes3).then(function ($selectoption) {\n        cy.get('[data-product-attribute-name=\"Size\"]>select').select($selectoption.text(), {\n          force: true\n        });\n      });\n    });\n  } else {\n    cy.log('Size option is not available');\n  }\n});",
                "err": {},
                "isRoot": false,
                "uuid": "f2d89bad-1ecf-454a-bf63-87b0794e5371",
                "isHook": false,
                "skipped": true
              },
              {
                "title": "Verify if Color option is available",
                "fullTitle": "Functionality Tests  Cart functionality Verify if Color option is available",
                "duration": 0,
                "state": "skipped",
                "pass": false,
                "fail": false,
                "pending": false,
                "code": "cy.get('form[data-cart-item-add]').then(function ($options) {\n  if ($options.find('[data-product-attribute-name=\"Color\"]').length) {\n    cy.get('[data-product-attribute-name=\"Color\"] [type=\"radio\"]').then(function ($colorOptions) {\n      var sxl = $colorOptions.length;\n      var sizes2 = Math.floor(Math.random() * ($colorOptions.length - 1));\n      cy.log('sizes', sxl + \" \" + sizes2);\n      cy.get('[data-product-attribute-name=\"Color\"] [type=\"radio\"]').eq(sizes2).check({\n        force: true\n      });\n    });\n  } else {\n    cy.log('Color option is not available');\n  }\n});",
                "err": {},
                "isRoot": false,
                "uuid": "a5dfb446-4909-405a-8553-1563675cf5b4",
                "isHook": false,
                "skipped": true
              },
              {
                "title": "Add & Verify Product in Drop down Cart",
                "fullTitle": "Functionality Tests  Cart functionality Add & Verify Product in Drop down Cart",
                "duration": 0,
                "state": "skipped",
                "pass": false,
                "fail": false,
                "pending": false,
                "code": "var _this2 = this;\ncy.get(this.productElements.productTitle).then(function ($productName) {\n  productTitle = $productName.text();\n  cy.get(_this2.productElements.addToCartForm).should('have.attr', 'type', 'submit').click({\n    force: true,\n    responseTimeout: 60000\n  });\n  cy.wait(1500);\n  cy.waitUntil(function () {\n    return cy.get(_this2.cartElements.cartDropdownHeaderVisibility).should('be.visible');\n  });\n  cy.get(_this2.cartElements.cartElement).then(function ($dropdownCart) {\n    if ($dropdownCart.attr('aria-expanded') === 'true') {\n      cy.get(_this2.productElements.productTitle).then(function ($productName) {\n        cy.get(_this2.cartElements.productTitleDropdownCart).should('contain', productTitle);\n      });\n    } else {\n      cy.get(_this2.productElements.productTitle).then(function ($productName) {\n        cy.get(_this2.cartElements.cartElement).click();\n        cy.get(_this2.cartElements.productTitleDropdownCart).should('contain', productTitle);\n      });\n    }\n  });\n});",
                "err": {},
                "isRoot": false,
                "uuid": "77d44078-05e6-4a40-ac28-1d4325aa6359",
                "isHook": false,
                "skipped": true
              },
              {
                "title": "Go to Cart Page and verify product added",
                "fullTitle": "Functionality Tests  Cart functionality Go to Cart Page and verify product added",
                "duration": 0,
                "state": "skipped",
                "pass": false,
                "fail": false,
                "pending": false,
                "code": "cy.get(this.cartElements.dropdownViewCartButton).click();\ncy.get(this.cartElements.productTitle).should('contain', productTitle);",
                "err": {},
                "isRoot": false,
                "uuid": "58ded8ed-26ad-4e7f-a284-cb78f5ab7d33",
                "isHook": false,
                "skipped": true
              },
              {
                "title": "Verify the cart badge had been updated to 1",
                "fullTitle": "Functionality Tests  Cart functionality Verify the cart badge had been updated to 1",
                "duration": 0,
                "state": "skipped",
                "pass": false,
                "fail": false,
                "pending": false,
                "code": "cy.get(this.cartElements.cartBadge).then(function ($cartQty) {\n  if ($cartQty.text().includes('1')) {\n    expect($cartQty).to.have.text('1');\n  } else {\n    cy.log('No quantity badge on the cart icon');\n  }\n});",
                "err": {},
                "isRoot": false,
                "uuid": "1b597985-0d92-40c6-aa1f-a9b423835b2f",
                "isHook": false,
                "skipped": true
              },
              {
                "title": "Add same product one more",
                "fullTitle": "Functionality Tests  Cart functionality Add same product one more",
                "duration": 0,
                "state": "skipped",
                "pass": false,
                "fail": false,
                "pending": false,
                "code": "var _this3 = this;\ncy.location().then(function (loc) {\n  if (loc.pathname !== '/cart.php') {\n    cy.visit('cart.php');\n  }\n}); //Require Re-writing test script for variation      \ncy.get('body').then(function ($body) {\n  if ($body.find('.definitionList').length) {\n    cy.get('.definitionList').then(function ($list) {\n      if ($list.find('.definitionList-key').text().includes('Size')) {\n        var size = $list.find('.definitionList-value').first().text();\n        size = size.replace(/\\s/g, '');\n      }\n      if ($list.find('.definitionList-key').text().includes('Color')) {\n        var color = $list.find('.definitionList-value').last().text();\n        color = color.replace(/\\s/g, '');\n      }\n      cy.get('.cart-item-name > a').click();\n      cy.get('form[data-cart-item-add]').then(function ($options) {\n        if ($options.find('[data-product-attribute-name=\"Size\"][type=\"radio\"] ').length) {\n          cy.get('[data-product-attribute-name=\"Size\"] [type=\"radio\"]').then(function ($sizeOptions) {\n            cy.get('[data-product-attribute-name=\"Size\"] [type=\"radio\"]').check(size, {\n              force: true\n            });\n          });\n        } else if ($options.find('[data-product-attribute-name=\"Size\"]>select>option').length) {\n          cy.get('[data-product-attribute-name=\"Size\"]>select').select(size, {\n            force: true\n          });\n        } else {\n          cy.log('Size option is not available');\n        }\n      });\n      cy.get('form[data-cart-item-add]').then(function ($options) {\n        if ($options.find('[data-product-attribute-name=\"Color\"]').length) {\n          cy.get('[data-product-attribute-name=\"Color\"] [type=\"radio\"]').then(function ($colorOptions) {\n            cy.get('[title=' + color + ']').parent('label').then(function ($colorVal) {\n              var cValue = $colorVal.attr('data-product-attribute-value');\n              cy.get('[data-product-attribute-name=\"Color\"] [type=\"radio\"]').check(cValue, {\n                force: true\n              });\n            });\n          });\n        } else {\n          cy.log('Color option is not available');\n        }\n      });\n    });\n  } else {\n    cy.get('.cart-item-name > a').click();\n  }\n});\ncy.get(this.productElements.productTitle).then(function ($productName) {\n  var productTitle = $productName.text();\n  cy.get(_this3.productElements.productPrice).first().then(function ($price) {\n    var price = $price.text();\n    price = Number(price.replace(/[^0-9.-]+/g, \"\"));\n    cy.get(_this3.productElements.addToCartForm).should('have.attr', 'type', 'submit').click({\n      force: true,\n      responseTimeout: 60000\n    });\n    cy.wait(2000);\n    cy.waitUntil(function () {\n      return cy.get(_this3.cartElements.cartDropdownHeaderVisibility).should('be.visible');\n    });\n    cy.get(_this3.cartElements.dropdownViewCartButton).click();\n    cy.get(_this3.cartElements.productTitle).should('have.text', productTitle);\n    cy.get(_this3.cartElements.productQuantity).should('have.value', '2');\n    cy.get(_this3.cartElements.productTotalPrice).should('have.text', '$' + price * 2);\n  });\n});",
                "err": {},
                "isRoot": false,
                "uuid": "244eb2b4-8b09-46e9-bad8-9eaec3aee90c",
                "isHook": false,
                "skipped": true
              },
              {
                "title": "verify cart badge quantity eq 2",
                "fullTitle": "Functionality Tests  Cart functionality verify cart badge quantity eq 2",
                "duration": 0,
                "state": "skipped",
                "pass": false,
                "fail": false,
                "pending": false,
                "code": "cy.get(this.cartElements.cartBadge).then(function ($cartQty) {\n  expect($cartQty).to.have.text('2');\n});",
                "err": {},
                "isRoot": false,
                "uuid": "d75a2f14-6d03-435b-b0c3-ad3c7036a32e",
                "isHook": false,
                "skipped": true
              },
              {
                "title": "Verify checkout button is visible",
                "fullTitle": "Functionality Tests  Cart functionality Verify checkout button is visible",
                "duration": 0,
                "state": "skipped",
                "pass": false,
                "fail": false,
                "pending": false,
                "code": "cy.get(this.cartElements.checkoutButton).should('contain', this.cartData.checkoutButton);",
                "err": {},
                "isRoot": false,
                "uuid": "ea1b07d0-1507-4896-a301-bad4c2470769",
                "isHook": false,
                "skipped": true
              }
            ],
            "suites": [
              {
                "uuid": "29a688e8-8e35-4569-a732-ca32c2ebb2d0",
                "title": "Verify Coupon Code functionality",
                "fullFile": "",
                "file": "",
                "beforeHooks": [],
                "afterHooks": [],
                "tests": [
                  {
                    "title": "Verify Invalid Coupon is Not Accepted",
                    "fullTitle": "Functionality Tests  Cart functionality Verify Coupon Code functionality Verify Invalid Coupon is Not Accepted",
                    "duration": 0,
                    "state": "skipped",
                    "pass": false,
                    "fail": false,
                    "pending": false,
                    "code": "var _this4 = this;\ncy.waitUntil(function () {\n  return cy.get(_this4.cartElements.addCouponCodeElement).click();\n});\ncy.get(this.cartElements.couponCodeField).type(this.cartData.invalidCouponData);\ncy.get(this.cartElements.couponCodeForm).submit();\ncy.get(this.cartElements.invalidCouponErrorMessage).should('have.text', this.cartData.invalidCouponErrorMessage);\ncy.get(this.cartElements.confirmCouponErrorMessage).click();\ncy.get(this.cartElements.couponCodeField).clear();\ncy.get(this.cartElements.closeCouponForm).click();",
                    "err": {},
                    "isRoot": false,
                    "uuid": "27756ceb-5b8f-435c-82e8-ef2f34f08269",
                    "isHook": false,
                    "skipped": true
                  },
                  {
                    "title": "Verify Valid Coupon is Accepted",
                    "fullTitle": "Functionality Tests  Cart functionality Verify Coupon Code functionality Verify Valid Coupon is Accepted",
                    "duration": 0,
                    "state": "skipped",
                    "pass": false,
                    "fail": false,
                    "pending": false,
                    "code": "var _this5 = this;\ncy.waitUntil(function () {\n  return cy.get(_this5.cartElements.addCouponCodeElement).click();\n});\ncy.get(this.cartElements.couponCodeField).type(this.cartData.validCouponData);\ncy.get(this.cartElements.submitCouponForm).submit();\ncy.wait(2000);\ncy.waitUntil(function () {\n  return cy.get(_this5.cartElements.appliedCouponCodeRow).should('have.length', 4);\n}, {\n  timeout: 8000,\n  interval: 500\n});\ncy.waitUntil(function () {\n  return cy.get(_this5.cartElements.appliedCouponCodeRow).contains(_this5.cartData.validCouponData).should('be.visible');\n}, {\n  timeout: 8000,\n  interval: 500\n});\ncy.get(this.cartElements.subtotalPrice).then(function ($subtotal) {\n  var subtotal = $subtotal.text();\n  subtotal = Number(subtotal.replace(/[^0-9.-]+/g, \"\"));\n  cy.get(_this5.cartElements.couponDiscountAmount).then(function ($coupon) {\n    var coupon = $coupon.text();\n    coupon = Number(coupon.replace(/[^0-9.-]+/g, \"\"));\n    var orderTotal = subtotal + coupon;\n    cy.get(_this5.cartElements.grandTotal).should('have.text', '$' + orderTotal.toFixed(2));\n  });\n});\ncy.get(this.cartElements.removeAppliedCoupon).should('be.visible').and('contain', this.cartData.couponRemoveButton).click();\ncy.get(this.cartElements.couponCodeLabel).contains(this.cartData.couponCodeLabel).should('be.visible');",
                    "err": {},
                    "isRoot": false,
                    "uuid": "3a6d2082-2404-4ee1-be59-a375a34775ed",
                    "isHook": false,
                    "skipped": true
                  }
                ],
                "suites": [],
                "passes": [],
                "failures": [],
                "pending": [],
                "skipped": [
                  "27756ceb-5b8f-435c-82e8-ef2f34f08269",
                  "3a6d2082-2404-4ee1-be59-a375a34775ed"
                ],
                "duration": 0,
                "root": false,
                "rootEmpty": false,
                "_timeout": 2000
              }
            ],
            "passes": [],
            "failures": [
              "96c1ddb2-3fbf-40d3-8d1e-26016e5b1f8b"
            ],
            "pending": [],
            "skipped": [
              "cc6707bf-cbfe-4c9b-a5cc-d77e9df0f685",
              "f2d89bad-1ecf-454a-bf63-87b0794e5371",
              "a5dfb446-4909-405a-8553-1563675cf5b4",
              "77d44078-05e6-4a40-ac28-1d4325aa6359",
              "58ded8ed-26ad-4e7f-a284-cb78f5ab7d33",
              "1b597985-0d92-40c6-aa1f-a9b423835b2f",
              "244eb2b4-8b09-46e9-bad8-9eaec3aee90c",
              "d75a2f14-6d03-435b-b0c3-ad3c7036a32e",
              "ea1b07d0-1507-4896-a301-bad4c2470769"
            ],
            "duration": 449,
            "root": false,
            "rootEmpty": false,
            "_timeout": 2000
          },
          {
            "uuid": "bbda6bba-0529-4bc9-bc5e-04bc1be3325f",
            "title": "Checkout functionality",
            "fullFile": "",
            "file": "",
            "beforeHooks": [],
            "afterHooks": [],
            "tests": [],
            "suites": [
              {
                "uuid": "ab867b9c-d3a0-4e59-a4b5-49b970f62461",
                "title": "Guest Checkout",
                "fullFile": "",
                "file": "",
                "beforeHooks": [],
                "afterHooks": [],
                "tests": [
                  {
                    "title": "Verify Invalid Coupon is Not Accepted",
                    "fullTitle": "Functionality Tests  Checkout functionality Guest Checkout Verify Invalid Coupon is Not Accepted",
                    "duration": 0,
                    "state": "skipped",
                    "pass": false,
                    "fail": false,
                    "pending": false,
                    "code": "",
                    "err": {},
                    "isRoot": false,
                    "uuid": "352c7302-7266-4f43-a78a-a8d58d9b7eb7",
                    "isHook": false,
                    "skipped": true
                  }
                ],
                "suites": [],
                "passes": [],
                "failures": [],
                "pending": [],
                "skipped": [
                  "352c7302-7266-4f43-a78a-a8d58d9b7eb7"
                ],
                "duration": 0,
                "root": false,
                "rootEmpty": false,
                "_timeout": 2000
              }
            ],
            "passes": [],
            "failures": [],
            "pending": [],
            "skipped": [],
            "duration": 0,
            "root": false,
            "rootEmpty": false,
            "_timeout": 2000
          }
        ],
        "passes": [],
        "failures": [],
        "pending": [],
        "skipped": [],
        "duration": 0,
        "root": false,
        "rootEmpty": false,
        "_timeout": 2000
      }
    ],
    "passes": [],
    "failures": [],
    "pending": [],
    "skipped": [],
    "duration": 0,
    "root": true,
    "rootEmpty": true,
    "_timeout": 2000
  },
  "copyrightYear": 2019
}