{
  "stats": {
    "suites": 1,
    "tests": 0,
    "passes": 0,
    "pending": 0,
    "failures": 0,
    "start": "2019-05-23T16:07:00.606Z",
    "end": "2019-05-23T16:07:00.955Z",
    "duration": 349,
    "testsRegistered": 37,
    "passPercent": 0,
    "pendingPercent": 0,
    "other": 1,
    "hasOther": true,
    "skipped": 37,
    "hasSkipped": true,
    "passPercentClass": "danger",
    "pendingPercentClass": "danger"
  },
  "suites": {
    "uuid": "783610e1-e157-4b4a-9f3b-3e530eaa5009",
    "title": "",
    "fullFile": "",
    "file": "",
    "beforeHooks": [],
    "afterHooks": [],
    "tests": [],
    "suites": [
      {
        "uuid": "1a271daf-557a-4b33-b1f7-d005b0e00aef",
        "title": "Login.php Functionality Automation Tests - Login, Logout, Reset, Register",
        "fullFile": "",
        "file": "",
        "beforeHooks": [],
        "afterHooks": [],
        "tests": [],
        "suites": [
          {
            "uuid": "933e8c8f-bc2a-4935-b1c0-5f84e46a94a3",
            "title": "Forget Password Form Functionality",
            "fullFile": "",
            "file": "",
            "beforeHooks": [],
            "afterHooks": [],
            "tests": [
              {
                "title": "Access the login Page",
                "fullTitle": "Login.php Functionality Automation Tests - Login, Logout, Reset, Register Forget Password Form Functionality Access the login Page",
                "duration": 315,
                "state": "failed",
                "pass": false,
                "fail": true,
                "pending": false,
                "code": "cy.accessAccountPage();\ncy.url().should('include', 'login.php');\nverifyTextContent(this.loginElements.loginPageHeading, this.loginData.loginPageHeading);",
                "err": {
                  "message": "CypressError: cy.visit() failed trying to load:\n\nWe failed looking for this file at the path:\n\n/Users/husseinabdallah/Desktop/HybridFramework/BigCommerceFrameWork/\n\nThe internal Cypress web server responded with:\n\n  > 404: Not Found\n\nBecause this error occurred during a 'before all' hook we are skipping the remaining tests in the current suite: 'Login.php Functionality Aut...'",
                  "estack": "CypressError: cy.visit() failed trying to load:\n\nWe failed looking for this file at the path:\n\n/Users/husseinabdallah/Desktop/HybridFramework/BigCommerceFrameWork/\n\nThe internal Cypress web server responded with:\n\n  > 404: Not Found\n\nBecause this error occurred during a 'before all' hook we are skipping the remaining tests in the current suite: 'Login.php Functionality Aut...'\n    at Object.cypressErr (http://localhost:59505/__cypress/runner/cypress_runner.js:65727:11)\n    at Object.throwErr (http://localhost:59505/__cypress/runner/cypress_runner.js:65692:18)\n    at Object.throwErrByPath (http://localhost:59505/__cypress/runner/cypress_runner.js:65719:17)\n    at http://localhost:59505/__cypress/runner/cypress_runner.js:56262:31\n    at visitFailedByErr (http://localhost:59505/__cypress/runner/cypress_runner.js:55840:12)\n    at http://localhost:59505/__cypress/runner/cypress_runner.js:56243:22\n    at tryCatcher (http://localhost:59505/__cypress/runner/cypress_runner.js:131273:23)\n    at Promise._settlePromiseFromHandler (http://localhost:59505/__cypress/runner/cypress_runner.js:129291:31)\n    at Promise._settlePromise (http://localhost:59505/__cypress/runner/cypress_runner.js:129348:18)\n    at Promise._settlePromise0 (http://localhost:59505/__cypress/runner/cypress_runner.js:129393:10)\n    at Promise._settlePromises (http://localhost:59505/__cypress/runner/cypress_runner.js:129468:18)\n    at Async._drainQueue (http://localhost:59505/__cypress/runner/cypress_runner.js:126197:16)\n    at Async._drainQueues (http://localhost:59505/__cypress/runner/cypress_runner.js:126207:10)\n    at Async.drainQueues (http://localhost:59505/__cypress/runner/cypress_runner.js:126081:14)\n    at <anonymous>"
                },
                "isRoot": false,
                "uuid": "091336f3-67e7-432a-984c-df7e2396e5fb",
                "isHook": false,
                "skipped": false
              },
              {
                "title": "Check if the link is Visible",
                "fullTitle": "Login.php Functionality Automation Tests - Login, Logout, Reset, Register Forget Password Form Functionality Check if the link is Visible",
                "duration": 0,
                "state": "skipped",
                "pass": false,
                "fail": false,
                "pending": false,
                "code": "cy.get(this.loginElements.forgetPasswordLink, {\n  timeout: 6000\n}).should('be.visible').should('have.attr', 'href');",
                "err": {},
                "isRoot": false,
                "uuid": "844e06c4-2337-443b-95b1-3101c4799130",
                "isHook": false,
                "skipped": true
              },
              {
                "title": "Access the forget Password form and verify it is visible",
                "fullTitle": "Login.php Functionality Automation Tests - Login, Logout, Reset, Register Forget Password Form Functionality Access the forget Password form and verify it is visible",
                "duration": 0,
                "state": "skipped",
                "pass": false,
                "fail": false,
                "pending": false,
                "code": "cy.get(this.loginElements.forgetPasswordLink).click({\n  timeout: 6000\n});\ncy.url().should('include', 'reset_password');",
                "err": {},
                "isRoot": false,
                "uuid": "c67d9b70-5958-41b5-9933-ebd8448a2355",
                "isHook": false,
                "skipped": true
              },
              {
                "title": "Verify form doesn't accept empty fields",
                "fullTitle": "Login.php Functionality Automation Tests - Login, Logout, Reset, Register Forget Password Form Functionality Verify form doesn't accept empty fields",
                "duration": 0,
                "state": "skipped",
                "pass": false,
                "fail": false,
                "pending": false,
                "code": "cy.forgetPassword({\n  email: ''\n});\nverifyTextContent(this.forgetPasswordElements.alertWarningMessage, this.forgetPasswordData.invalidForgetFormAlert);",
                "err": {},
                "isRoot": false,
                "uuid": "15d575fc-9a32-430a-b1dc-975a188bd31b",
                "isHook": false,
                "skipped": true
              },
              {
                "title": "Forget Password Form with invalid email",
                "fullTitle": "Login.php Functionality Automation Tests - Login, Logout, Reset, Register Forget Password Form Functionality Forget Password Form with invalid email",
                "duration": 0,
                "state": "skipped",
                "pass": false,
                "fail": false,
                "pending": false,
                "code": "cy.forgetPassword({\n  email: this.forgetPasswordData.invalidEmail\n});\nverifyTextContent(this.forgetPasswordElements.alertWarningMessage, this.forgetPasswordData.invalidForgetFormAlert);",
                "err": {},
                "isRoot": false,
                "uuid": "689e3d78-2c35-4f91-9044-f703e1ab1f3d",
                "isHook": false,
                "skipped": true
              },
              {
                "title": "Forget Password Form with unregistered email",
                "fullTitle": "Login.php Functionality Automation Tests - Login, Logout, Reset, Register Forget Password Form Functionality Forget Password Form with unregistered email",
                "duration": 0,
                "state": "skipped",
                "pass": false,
                "fail": false,
                "pending": false,
                "code": "cy.forgetPassword({\n  email: this.users.unregisteredUser.email\n});\nverifyTextContent(this.forgetPasswordElements.alertErrorMessage, this.forgetPasswordData.forgetFormErrorMessage);",
                "err": {},
                "isRoot": false,
                "uuid": "f2f0c448-b9d0-435a-8083-5a89f953d027",
                "isHook": false,
                "skipped": true
              },
              {
                "title": "Forget Password Form with registered email",
                "fullTitle": "Login.php Functionality Automation Tests - Login, Logout, Reset, Register Forget Password Form Functionality Forget Password Form with registered email",
                "duration": 0,
                "state": "skipped",
                "pass": false,
                "fail": false,
                "pending": false,
                "code": "cy.forgetPassword({\n  email: this.users.registeredUser.email\n});\nverifyTextContent(this.forgetPasswordElements.alertSuccessMessage, this.forgetPasswordData.forgetFormSuccessMessage);\ncy.get(this.loginElements.signInForm).should('be.visible');\nverifyTextContent(this.loginElements.loginPageHeading, this.loginData.loginPageHeading);",
                "err": {},
                "isRoot": false,
                "uuid": "c96f777c-1ac1-4ec0-8d12-9ca7526e7e15",
                "isHook": false,
                "skipped": true
              }
            ],
            "suites": [],
            "passes": [],
            "failures": [
              "091336f3-67e7-432a-984c-df7e2396e5fb"
            ],
            "pending": [],
            "skipped": [
              "844e06c4-2337-443b-95b1-3101c4799130",
              "c67d9b70-5958-41b5-9933-ebd8448a2355",
              "15d575fc-9a32-430a-b1dc-975a188bd31b",
              "689e3d78-2c35-4f91-9044-f703e1ab1f3d",
              "f2f0c448-b9d0-435a-8083-5a89f953d027",
              "c96f777c-1ac1-4ec0-8d12-9ca7526e7e15"
            ],
            "duration": 315,
            "root": false,
            "rootEmpty": false,
            "_timeout": 2000
          },
          {
            "uuid": "c7c171f0-b417-47cb-9f1a-cd4ff5793877",
            "title": "Login Form Functionality",
            "fullFile": "",
            "file": "",
            "beforeHooks": [],
            "afterHooks": [],
            "tests": [
              {
                "title": "Access the login Page",
                "fullTitle": "Login.php Functionality Automation Tests - Login, Logout, Reset, Register Login Form Functionality Access the login Page",
                "duration": 0,
                "state": "skipped",
                "pass": false,
                "fail": false,
                "pending": false,
                "code": "cy.visit(\"\", {\n  timeout: 60000\n});\ncy.accessAccountPage();\ncy.url().should('include', 'login.php');\nverifyTextContent(this.loginElements.loginPageHeading, this.loginData.loginPageHeading);",
                "err": {},
                "isRoot": false,
                "uuid": "35f1b879-d525-4ed1-93fe-ed76ef26732a",
                "isHook": false,
                "skipped": true
              },
              {
                "title": "Login Form Functionality with empty fields",
                "fullTitle": "Login.php Functionality Automation Tests - Login, Logout, Reset, Register Login Form Functionality Login Form Functionality with empty fields",
                "duration": 0,
                "state": "skipped",
                "pass": false,
                "fail": false,
                "pending": false,
                "code": "cy.signIn({\n  email: '',\n  password: ''\n});\nverifyTextContent(this.loginElements.emailInlineMessage, this.loginData.usernameWarningMessage);\nverifyTextContent(this.loginElements.passwordInlineMessage, this.loginData.passwordWarningMessage);",
                "err": {},
                "isRoot": false,
                "uuid": "f0654c5a-3073-4af4-b2dd-0272ac4f6c49",
                "isHook": false,
                "skipped": true
              },
              {
                "title": "Login Form Functionality with invalid Credentials",
                "fullTitle": "Login.php Functionality Automation Tests - Login, Logout, Reset, Register Login Form Functionality Login Form Functionality with invalid Credentials",
                "duration": 0,
                "state": "skipped",
                "pass": false,
                "fail": false,
                "pending": false,
                "code": "cy.signIn({\n  email: this.users.invalidUser.email,\n  password: this.users.invalidUser.password\n});\nverifyTextContent(this.loginElements.emailInlineMessage, this.loginData.usernameWarningMessage);",
                "err": {},
                "isRoot": false,
                "uuid": "610ea0d1-64e8-4390-aa20-b7ee5070b882",
                "isHook": false,
                "skipped": true
              },
              {
                "title": "Login Form Functionality with Unregistered User",
                "fullTitle": "Login.php Functionality Automation Tests - Login, Logout, Reset, Register Login Form Functionality Login Form Functionality with Unregistered User",
                "duration": 0,
                "state": "skipped",
                "pass": false,
                "fail": false,
                "pending": false,
                "code": "cy.signIn({\n  email: this.users.unregisteredUser.email,\n  password: this.users.unregisteredUser.password\n});\nverifyTextContent(this.loginElements.loginAlertErrorMessage, this.loginData.errorMessage);",
                "err": {},
                "isRoot": false,
                "uuid": "6577cacb-5c2a-444e-975f-03bebfceb1bf",
                "isHook": false,
                "skipped": true
              },
              {
                "title": "Login Form Functionality with Registered User email and no password",
                "fullTitle": "Login.php Functionality Automation Tests - Login, Logout, Reset, Register Login Form Functionality Login Form Functionality with Registered User email and no password",
                "duration": 0,
                "state": "skipped",
                "pass": false,
                "fail": false,
                "pending": false,
                "code": "cy.signIn({\n  email: this.users.registeredUser.email,\n  password: ''\n});\nverifyTextContent(this.loginElements.passwordInlineMessage, this.loginData.passwordWarningMessage);",
                "err": {},
                "isRoot": false,
                "uuid": "3a44d9f7-bc9f-4082-89b3-51145b442e8f",
                "isHook": false,
                "skipped": true
              },
              {
                "title": "Login Form Functionality with Registered User",
                "fullTitle": "Login.php Functionality Automation Tests - Login, Logout, Reset, Register Login Form Functionality Login Form Functionality with Registered User",
                "duration": 0,
                "state": "skipped",
                "pass": false,
                "fail": false,
                "pending": false,
                "code": "cy.signIn({\n  email: this.users.registeredUser.email,\n  password: this.users.registeredUser.password\n});\ncy.url().should('include', 'account.php');\nverifyTextContent(this.myAccountElements.accountPageHeading, this.myAccountData.accountPageHeading);",
                "err": {},
                "isRoot": false,
                "uuid": "796b4206-f615-48d3-b16a-7f747749c880",
                "isHook": false,
                "skipped": true
              }
            ],
            "suites": [],
            "passes": [],
            "failures": [],
            "pending": [],
            "skipped": [
              "35f1b879-d525-4ed1-93fe-ed76ef26732a",
              "f0654c5a-3073-4af4-b2dd-0272ac4f6c49",
              "610ea0d1-64e8-4390-aa20-b7ee5070b882",
              "6577cacb-5c2a-444e-975f-03bebfceb1bf",
              "3a44d9f7-bc9f-4082-89b3-51145b442e8f",
              "796b4206-f615-48d3-b16a-7f747749c880"
            ],
            "duration": 0,
            "root": false,
            "rootEmpty": false,
            "_timeout": 2000
          },
          {
            "uuid": "6e869bdf-8664-4116-99f6-7f5a8a1339bc",
            "title": "Logout Functionality",
            "fullFile": "",
            "file": "",
            "beforeHooks": [],
            "afterHooks": [],
            "tests": [
              {
                "title": "Access the Login Page and Verify",
                "fullTitle": "Login.php Functionality Automation Tests - Login, Logout, Reset, Register Logout Functionality Access the Login Page and Verify",
                "duration": 0,
                "state": "skipped",
                "pass": false,
                "fail": false,
                "pending": false,
                "code": "cy.visit(\"\", {\n  timeout: 60000\n});\ncy.accessAccountPage();\ncy.url().should('include', 'login.php');\nverifyTextContent(this.loginElements.loginPageHeading, this.loginData.loginPageHeading);\ncy.signIn({\n  email: this.users.registeredUser.email,\n  password: this.users.registeredUser.password\n});\ncy.url().should('include', 'account.php');\nverifyTextContent(this.myAccountElements.accountPageHeading, this.myAccountData.accountPageHeading);",
                "err": {},
                "isRoot": false,
                "uuid": "aa595431-2917-4296-b726-3f3b096adc6e",
                "isHook": false,
                "skipped": true
              },
              {
                "title": "Logout Button functionality",
                "fullTitle": "Login.php Functionality Automation Tests - Login, Logout, Reset, Register Logout Functionality Logout Button functionality",
                "duration": 0,
                "state": "skipped",
                "pass": false,
                "fail": false,
                "pending": false,
                "code": "cy.logout();\nverifyTextContent(this.loginElements.loginAlertSuccessMessage, this.loginData.logoutMessage);",
                "err": {},
                "isRoot": false,
                "uuid": "f873bfd1-00d1-4a94-93d5-a2320ea84d34",
                "isHook": false,
                "skipped": true
              }
            ],
            "suites": [],
            "passes": [],
            "failures": [],
            "pending": [],
            "skipped": [
              "aa595431-2917-4296-b726-3f3b096adc6e",
              "f873bfd1-00d1-4a94-93d5-a2320ea84d34"
            ],
            "duration": 0,
            "root": false,
            "rootEmpty": false,
            "_timeout": 2000
          },
          {
            "uuid": "3464673c-0c30-4e76-be54-031409f30191",
            "title": "Register Form Functionality",
            "fullFile": "",
            "file": "",
            "beforeHooks": [],
            "afterHooks": [],
            "tests": [
              {
                "title": "Access the SignIn Page",
                "fullTitle": "Login.php Functionality Automation Tests - Login, Logout, Reset, Register Register Form Functionality Access the SignIn Page",
                "duration": 0,
                "state": "skipped",
                "pass": false,
                "fail": false,
                "pending": false,
                "code": "cy.visit(\"\", {\n  timeout: 60000\n});\ncy.accessAccountPage();\ncy.url().should('include', 'login.php');\nverifyTextContent(this.loginElements.loginPageHeading, this.loginData.loginPageHeading);",
                "err": {},
                "isRoot": false,
                "uuid": "612ef73e-7129-4439-b53c-20e13211bbf8",
                "isHook": false,
                "skipped": true
              },
              {
                "title": "Navigate to Register Form and verify visibility",
                "fullTitle": "Login.php Functionality Automation Tests - Login, Logout, Reset, Register Register Form Functionality Navigate to Register Form and verify visibility",
                "duration": 0,
                "state": "skipped",
                "pass": false,
                "fail": false,
                "pending": false,
                "code": "verifyTextContent(this.loginElements.registerDivHeader, this.loginData.registerDivHeader);\ncy.get(this.loginElements.registerButton).should('have.attr', 'href', this.loginData.registerLink).should('be.visible').click();",
                "err": {},
                "isRoot": false,
                "uuid": "9f42fd0f-7952-41cf-a3ec-580e6b519d1f",
                "isHook": false,
                "skipped": true
              }
            ],
            "suites": [
              {
                "uuid": "9d42fede-40f2-48e2-b976-72faa0f3a79b",
                "title": "Form Fields Required Attribute and Asterisk",
                "fullFile": "",
                "file": "",
                "beforeHooks": [],
                "afterHooks": [],
                "tests": [
                  {
                    "title": "First Name",
                    "fullTitle": "Login.php Functionality Automation Tests - Login, Logout, Reset, Register Register Form Functionality Form Fields Required Attribute and Asterisk First Name",
                    "duration": 0,
                    "state": "skipped",
                    "pass": false,
                    "fail": false,
                    "pending": false,
                    "code": "verifyFieldAttributes(this.registerElements.firstNameInput, this.registerElements.firstNameLabel);",
                    "err": {},
                    "isRoot": false,
                    "uuid": "a3614fa0-fbcf-4c8a-85ec-05228cedf4c5",
                    "isHook": false,
                    "skipped": true
                  },
                  {
                    "title": "Last Name",
                    "fullTitle": "Login.php Functionality Automation Tests - Login, Logout, Reset, Register Register Form Functionality Form Fields Required Attribute and Asterisk Last Name",
                    "duration": 0,
                    "state": "skipped",
                    "pass": false,
                    "fail": false,
                    "pending": false,
                    "code": "verifyFieldAttributes(this.registerElements.lastNameInput, this.registerElements.lastNameLabel);",
                    "err": {},
                    "isRoot": false,
                    "uuid": "6a15c542-09f3-4959-b2fe-a1b18e978dc6",
                    "isHook": false,
                    "skipped": true
                  },
                  {
                    "title": "Email",
                    "fullTitle": "Login.php Functionality Automation Tests - Login, Logout, Reset, Register Register Form Functionality Form Fields Required Attribute and Asterisk Email",
                    "duration": 0,
                    "state": "skipped",
                    "pass": false,
                    "fail": false,
                    "pending": false,
                    "code": "verifyFieldAttributes(this.registerElements.emailInput, this.registerElements.emailLabel);",
                    "err": {},
                    "isRoot": false,
                    "uuid": "5cac5e20-2076-4c39-aaf9-f5fd3a7b2d19",
                    "isHook": false,
                    "skipped": true
                  },
                  {
                    "title": "Password",
                    "fullTitle": "Login.php Functionality Automation Tests - Login, Logout, Reset, Register Register Form Functionality Form Fields Required Attribute and Asterisk Password",
                    "duration": 0,
                    "state": "skipped",
                    "pass": false,
                    "fail": false,
                    "pending": false,
                    "code": "verifyFieldAttributes(this.registerElements.passwordInput, this.registerElements.passwordLabel);",
                    "err": {},
                    "isRoot": false,
                    "uuid": "edd54154-8c8d-42f8-b3d7-4f8d79d4b1e7",
                    "isHook": false,
                    "skipped": true
                  },
                  {
                    "title": "Confirm Password",
                    "fullTitle": "Login.php Functionality Automation Tests - Login, Logout, Reset, Register Register Form Functionality Form Fields Required Attribute and Asterisk Confirm Password",
                    "duration": 0,
                    "state": "skipped",
                    "pass": false,
                    "fail": false,
                    "pending": false,
                    "code": "verifyFieldAttributes(this.registerElements.confirmPasswordInput, this.registerElements.confirmPasswordLabel);",
                    "err": {},
                    "isRoot": false,
                    "uuid": "613e0c02-34de-446f-9586-146b514d5683",
                    "isHook": false,
                    "skipped": true
                  },
                  {
                    "title": "Address Line 1",
                    "fullTitle": "Login.php Functionality Automation Tests - Login, Logout, Reset, Register Register Form Functionality Form Fields Required Attribute and Asterisk Address Line 1",
                    "duration": 0,
                    "state": "skipped",
                    "pass": false,
                    "fail": false,
                    "pending": false,
                    "code": "verifyFieldAttributes(this.registerElements.addressLine1Input, this.registerElements.addressLine1Label);",
                    "err": {},
                    "isRoot": false,
                    "uuid": "3a0f18a2-971c-4c39-90e0-d0106527c171",
                    "isHook": false,
                    "skipped": true
                  },
                  {
                    "title": "City",
                    "fullTitle": "Login.php Functionality Automation Tests - Login, Logout, Reset, Register Register Form Functionality Form Fields Required Attribute and Asterisk City",
                    "duration": 0,
                    "state": "skipped",
                    "pass": false,
                    "fail": false,
                    "pending": false,
                    "code": "verifyFieldAttributes(this.registerElements.cityInput, this.registerElements.cityLabel);",
                    "err": {},
                    "isRoot": false,
                    "uuid": "8e1d1a6a-b5e2-43fe-bb54-bf9d07dcee9a",
                    "isHook": false,
                    "skipped": true
                  },
                  {
                    "title": "Country",
                    "fullTitle": "Login.php Functionality Automation Tests - Login, Logout, Reset, Register Register Form Functionality Form Fields Required Attribute and Asterisk Country",
                    "duration": 0,
                    "state": "skipped",
                    "pass": false,
                    "fail": false,
                    "pending": false,
                    "code": "verifyFieldAttributes(this.registerElements.countrySelect, this.registerElements.countryLabel);",
                    "err": {},
                    "isRoot": false,
                    "uuid": "327d96cf-4867-4675-b798-c023f05b0f63",
                    "isHook": false,
                    "skipped": true
                  },
                  {
                    "title": "State",
                    "fullTitle": "Login.php Functionality Automation Tests - Login, Logout, Reset, Register Register Form Functionality Form Fields Required Attribute and Asterisk State",
                    "duration": 0,
                    "state": "skipped",
                    "pass": false,
                    "fail": false,
                    "pending": false,
                    "code": "verifyFieldAttributes(this.registerElements.stateSelect, this.registerElements.stateLabel);",
                    "err": {},
                    "isRoot": false,
                    "uuid": "2a90936d-1aa3-4021-b069-96117110f5af",
                    "isHook": false,
                    "skipped": true
                  },
                  {
                    "title": "Phone Number",
                    "fullTitle": "Login.php Functionality Automation Tests - Login, Logout, Reset, Register Register Form Functionality Form Fields Required Attribute and Asterisk Phone Number",
                    "duration": 0,
                    "state": "skipped",
                    "pass": false,
                    "fail": false,
                    "pending": false,
                    "code": "verifyFieldAttributes(this.registerElements.phoneInput, this.registerElements.phoneLabel);",
                    "err": {},
                    "isRoot": false,
                    "uuid": "0393ae3c-a3a5-4733-8cd8-871b5a09d86c",
                    "isHook": false,
                    "skipped": true
                  }
                ],
                "suites": [],
                "passes": [],
                "failures": [],
                "pending": [],
                "skipped": [
                  "a3614fa0-fbcf-4c8a-85ec-05228cedf4c5",
                  "6a15c542-09f3-4959-b2fe-a1b18e978dc6",
                  "5cac5e20-2076-4c39-aaf9-f5fd3a7b2d19",
                  "edd54154-8c8d-42f8-b3d7-4f8d79d4b1e7",
                  "613e0c02-34de-446f-9586-146b514d5683",
                  "3a0f18a2-971c-4c39-90e0-d0106527c171",
                  "8e1d1a6a-b5e2-43fe-bb54-bf9d07dcee9a",
                  "327d96cf-4867-4675-b798-c023f05b0f63",
                  "2a90936d-1aa3-4021-b069-96117110f5af",
                  "0393ae3c-a3a5-4733-8cd8-871b5a09d86c"
                ],
                "duration": 0,
                "root": false,
                "rootEmpty": false,
                "_timeout": 2000
              },
              {
                "uuid": "eba5a001-cfae-485d-86b6-d84b730f1b11",
                "title": "Verify Fields Format",
                "fullFile": "",
                "file": "",
                "beforeHooks": [],
                "afterHooks": [],
                "tests": [],
                "suites": [
                  {
                    "uuid": "592832e3-7791-410c-a9bf-3af689ac017a",
                    "title": "Password & confirm Password fields verification process",
                    "fullFile": "",
                    "file": "",
                    "beforeHooks": [],
                    "afterHooks": [],
                    "tests": [
                      {
                        "title": "Only Numeric Characters",
                        "fullTitle": "Login.php Functionality Automation Tests - Login, Logout, Reset, Register Register Form Functionality Verify Fields Format Password & confirm Password fields verification process Only Numeric Characters",
                        "duration": 0,
                        "state": "skipped",
                        "pass": false,
                        "fail": false,
                        "pending": false,
                        "code": "formatVerification(this.registerElements.passwordInput, '123456789', this.registerElements.passwordInlineMessage, this.registerData.passwordInlineMessage);",
                        "err": {},
                        "isRoot": false,
                        "uuid": "e195cc5e-b0d9-43ba-9e77-8ee179853580",
                        "isHook": false,
                        "skipped": true
                      },
                      {
                        "title": "Only alphabetic Characters",
                        "fullTitle": "Login.php Functionality Automation Tests - Login, Logout, Reset, Register Register Form Functionality Verify Fields Format Password & confirm Password fields verification process Only alphabetic Characters",
                        "duration": 0,
                        "state": "skipped",
                        "pass": false,
                        "fail": false,
                        "pending": false,
                        "code": "formatVerification(this.registerElements.passwordInput, 'qwertyqwerty', this.registerElements.passwordInlineMessage, this.registerData.passwordInlineMessage);",
                        "err": {},
                        "isRoot": false,
                        "uuid": "df739e1a-170a-4742-a08e-3aa1e94379c8",
                        "isHook": false,
                        "skipped": true
                      },
                      {
                        "title": "Less than 7 characters",
                        "fullTitle": "Login.php Functionality Automation Tests - Login, Logout, Reset, Register Register Form Functionality Verify Fields Format Password & confirm Password fields verification process Less than 7 characters",
                        "duration": 0,
                        "state": "skipped",
                        "pass": false,
                        "fail": false,
                        "pending": false,
                        "code": "formatVerification(this.registerElements.passwordInput, 'qwer12', this.registerElements.passwordInlineMessage, this.registerData.passwordInlineMessage);",
                        "err": {},
                        "isRoot": false,
                        "uuid": "da338ddf-cd5e-4cb4-937b-cc6fbd493e02",
                        "isHook": false,
                        "skipped": true
                      },
                      {
                        "title": "Passwords don't match",
                        "fullTitle": "Login.php Functionality Automation Tests - Login, Logout, Reset, Register Register Form Functionality Verify Fields Format Password & confirm Password fields verification process Passwords don't match",
                        "duration": 0,
                        "state": "skipped",
                        "pass": false,
                        "fail": false,
                        "pending": false,
                        "code": "formatVerification(this.registerElements.passwordInput, 'qwerty12345', \" \", \" \", this.registerElements.confirmPasswordInput, 'qwerty123', this.registerElements.confirmPasswordInlineMessage, this.registerData.confirmPasswordInlineMessage);",
                        "err": {},
                        "isRoot": false,
                        "uuid": "383c3822-d9e3-4cc9-ace8-298ce11699e1",
                        "isHook": false,
                        "skipped": true
                      },
                      {
                        "title": "Matching Password",
                        "fullTitle": "Login.php Functionality Automation Tests - Login, Logout, Reset, Register Register Form Functionality Verify Fields Format Password & confirm Password fields verification process Matching Password",
                        "duration": 0,
                        "state": "skipped",
                        "pass": false,
                        "fail": false,
                        "pending": false,
                        "code": "var _this = this;\ncy.get(this.registerElements.passwordInput).clear().type('qwerty12345');\ncy.get(this.registerElements.confirmPasswordInput).clear().type('qwerty12345');\ncy.get(this.registerElements.passwordInput).invoke('val').then(function (fstElement) {\n  cy.get(_this.registerElements.confirmPasswordInput).should('have.value', fstElement);\n});\ncy.get(this.registerElements.passwordInput).clear();\ncy.get(this.registerElements.confirmPasswordInput).clear();",
                        "err": {},
                        "isRoot": false,
                        "uuid": "70384013-c493-4118-85ec-def86cb5e8ac",
                        "isHook": false,
                        "skipped": true
                      }
                    ],
                    "suites": [],
                    "passes": [],
                    "failures": [],
                    "pending": [],
                    "skipped": [
                      "e195cc5e-b0d9-43ba-9e77-8ee179853580",
                      "df739e1a-170a-4742-a08e-3aa1e94379c8",
                      "da338ddf-cd5e-4cb4-937b-cc6fbd493e02",
                      "383c3822-d9e3-4cc9-ace8-298ce11699e1",
                      "70384013-c493-4118-85ec-def86cb5e8ac"
                    ],
                    "duration": 0,
                    "root": false,
                    "rootEmpty": false,
                    "_timeout": 2000
                  },
                  {
                    "uuid": "760959f2-d04f-47c8-b8ee-bf3a5e6143cb",
                    "title": "Email field verification process",
                    "fullFile": "",
                    "file": "",
                    "beforeHooks": [],
                    "afterHooks": [],
                    "tests": [
                      {
                        "title": "Invalid email format",
                        "fullTitle": "Login.php Functionality Automation Tests - Login, Logout, Reset, Register Register Form Functionality Verify Fields Format Email field verification process Invalid email format",
                        "duration": 0,
                        "state": "skipped",
                        "pass": false,
                        "fail": false,
                        "pending": false,
                        "code": "cy.get(this.registerElements.emailInput).clear().type(this.users.invalidUser.email);\nverifyTextContent(this.registerElements.emailInlineMessage, this.registerData.emailInlineMessage);",
                        "err": {},
                        "isRoot": false,
                        "uuid": "36680c74-1994-4795-8d41-8ec261b45f7d",
                        "isHook": false,
                        "skipped": true
                      },
                      {
                        "title": "Valid email format",
                        "fullTitle": "Login.php Functionality Automation Tests - Login, Logout, Reset, Register Register Form Functionality Verify Fields Format Email field verification process Valid email format",
                        "duration": 0,
                        "state": "skipped",
                        "pass": false,
                        "fail": false,
                        "pending": false,
                        "code": "cy.get(this.registerElements.emailInput).clear().type(this.users.registeredUser.email);\ncy.get(this.registerElements.emailInput, {\n  requestTimeout: 6000\n}).invoke('val').should('match', /^([a-zA-Z0-9_\\-\\.]+)@((\\[[0-9]{1,3}\\.[0-9]{1,3}\\.[0-9]{1,3}\\.)|(([a-zA-Z0-9\\-]+\\.)+))([a-zA-Z]{2,4}|[0-9]{1,3})(\\]?)$/);",
                        "err": {},
                        "isRoot": false,
                        "uuid": "62fce54d-0f67-48fc-8980-4a16ab633219",
                        "isHook": false,
                        "skipped": true
                      }
                    ],
                    "suites": [],
                    "passes": [],
                    "failures": [],
                    "pending": [],
                    "skipped": [
                      "36680c74-1994-4795-8d41-8ec261b45f7d",
                      "62fce54d-0f67-48fc-8980-4a16ab633219"
                    ],
                    "duration": 0,
                    "root": false,
                    "rootEmpty": false,
                    "_timeout": 2000
                  }
                ],
                "passes": [],
                "failures": [],
                "pending": [],
                "skipped": [],
                "duration": 0,
                "root": false,
                "rootEmpty": false,
                "_timeout": 2000
              },
              {
                "uuid": "c12c4e25-c3c3-4515-8268-5ee4cf406003",
                "title": "Submitting the registration form",
                "fullFile": "",
                "file": "",
                "beforeHooks": [],
                "afterHooks": [],
                "tests": [
                  {
                    "title": "Register with existing user",
                    "fullTitle": "Login.php Functionality Automation Tests - Login, Logout, Reset, Register Register Form Functionality Submitting the registration form Register with existing user",
                    "duration": 0,
                    "state": "skipped",
                    "pass": false,
                    "fail": false,
                    "pending": false,
                    "code": "cy.reload();\ncy.fillInputForm({\n  element: this.registerElements.firstNameInput,\n  text: this.users.registeredUser.firstName\n});\ncy.fillInputForm({\n  element: this.registerElements.lastNameInput,\n  text: this.users.registeredUser.lastName\n});\ncy.fillInputForm({\n  element: this.registerElements.emailInput,\n  text: this.users.registeredUser.email\n});\ncy.fillInputForm({\n  element: this.registerElements.phoneInput,\n  text: this.users.registeredUser.phone\n});\ncy.fillInputForm({\n  element: this.registerElements.passwordInput,\n  text: this.users.registeredUser.password\n}), cy.fillInputForm({\n  element: this.registerElements.confirmPasswordInput,\n  text: this.users.registeredUser.password\n}), cy.fillInputForm({\n  element: this.registerElements.addressLine1Input,\n  text: this.users.registeredUser.address.street + ' ' + this.users.registeredUser.address.suite\n});\ncy.fillInputForm({\n  element: this.registerElements.addressLine2Input,\n  text: this.users.registeredUser.address.address2\n}), cy.fillSelectForm({\n  element: this.registerElements.countrySelect,\n  text: this.users.registeredUser.address.country\n}), cy.fillInputForm({\n  element: this.registerElements.cityInput,\n  text: this.users.registeredUser.address.city\n}), cy.fillSelectForm({\n  element: this.registerElements.stateSelect,\n  text: this.users.registeredUser.address.state\n}), cy.fillInputForm({\n  element: this.registerElements.postalCodeInput,\n  text: this.users.registeredUser.address.postalCode\n}), cy.fillInputForm({\n  element: this.registerElements.companyNameInput,\n  text: this.users.registeredUser.company.name\n});\ncy.get('form').contains('Create Account').click();\ncy.get('.alertBox--error .alertBox-message', {\n  timeout: 6000\n}).should('be.visible').invoke('text').should('contain', this.registerData.formErrorMessage1 + \" \" + this.users.registeredUser.email + \" \" + this.registerData.formErrorMessage2);",
                    "err": {},
                    "isRoot": false,
                    "uuid": "ebf3314b-3b89-47a8-81d7-5eb82c04ecad",
                    "isHook": false,
                    "skipped": true
                  },
                  {
                    "title": "Register new user",
                    "fullTitle": "Login.php Functionality Automation Tests - Login, Logout, Reset, Register Register Form Functionality Submitting the registration form Register new user",
                    "duration": 0,
                    "state": "skipped",
                    "pass": false,
                    "fail": false,
                    "pending": false,
                    "code": "cy.reload();\ncy.fillInputForm({\n  element: this.registerElements.firstNameInput,\n  text: this.users.newUser.firstName\n});\ncy.fillInputForm({\n  element: this.registerElements.lastNameInput,\n  text: this.users.newUser.lastName\n});\ncy.fillInputForm({\n  element: this.registerElements.emailInput,\n  text: this.users.newUser.email\n});\ncy.fillInputForm({\n  element: this.registerElements.phoneInput,\n  text: this.users.newUser.phone\n});\ncy.fillInputForm({\n  element: this.registerElements.passwordInput,\n  text: this.users.newUser.password\n}), cy.fillInputForm({\n  element: this.registerElements.confirmPasswordInput,\n  text: this.users.newUser.password\n}), cy.fillInputForm({\n  element: this.registerElements.addressLine1Input,\n  text: this.users.newUser.address.street + ' ' + this.users.newUser.address.suite\n});\ncy.fillInputForm({\n  element: this.registerElements.addressLine2Input,\n  text: this.users.newUser.address.address2\n}), cy.fillSelectForm({\n  element: this.registerElements.countrySelect,\n  text: this.users.newUser.address.country\n}), cy.fillInputForm({\n  element: this.registerElements.cityInput,\n  text: this.users.newUser.address.city\n}), cy.fillSelectForm({\n  element: this.registerElements.stateSelect,\n  text: this.users.newUser.address.state\n}), cy.fillInputForm({\n  element: this.registerElements.postalCodeInput,\n  text: this.users.newUser.address.postalCode\n}), cy.fillInputForm({\n  element: this.registerElements.companyNameInput,\n  text: this.users.newUser.company.name\n});\ncy.get('form').contains('Create Account').click(); //cy.wait({requestTimeout: 2000})\ncy.url({\n  requestTimeout: 10000\n}).should('include', '/login.php?action=account_created');\ncy.get(this.registerElements.createdAccountPageHeading, {\n  requestTimeout: 6000\n}).should('be.visible', {\n  timeout: 6000\n});",
                    "err": {},
                    "isRoot": false,
                    "uuid": "bfb776bb-caf7-435d-8600-a1f54a365162",
                    "isHook": false,
                    "skipped": true
                  },
                  {
                    "title": "Confirm New User Registeration by Signing In NewUser",
                    "fullTitle": "Login.php Functionality Automation Tests - Login, Logout, Reset, Register Register Form Functionality Submitting the registration form Confirm New User Registeration by Signing In NewUser",
                    "duration": 0,
                    "state": "skipped",
                    "pass": false,
                    "fail": false,
                    "pending": false,
                    "code": "cy.logout();\ncy.loginPage();\ncy.signIn({\n  email: this.users.newUser.email,\n  password: this.users.newUser.password\n});\ncy.url().should('include', 'account.php');\nverifyTextContent(this.myAccountElements.accountPageHeading, this.myAccountData.accountPageHeading);",
                    "err": {},
                    "isRoot": false,
                    "uuid": "d0897de7-c06f-4ab1-ad2b-bcaeaa6f502b",
                    "isHook": false,
                    "skipped": true
                  }
                ],
                "suites": [],
                "passes": [],
                "failures": [],
                "pending": [],
                "skipped": [
                  "ebf3314b-3b89-47a8-81d7-5eb82c04ecad",
                  "bfb776bb-caf7-435d-8600-a1f54a365162",
                  "d0897de7-c06f-4ab1-ad2b-bcaeaa6f502b"
                ],
                "duration": 0,
                "root": false,
                "rootEmpty": false,
                "_timeout": 2000
              }
            ],
            "passes": [],
            "failures": [],
            "pending": [],
            "skipped": [
              "612ef73e-7129-4439-b53c-20e13211bbf8",
              "9f42fd0f-7952-41cf-a3ec-580e6b519d1f"
            ],
            "duration": 0,
            "root": false,
            "rootEmpty": false,
            "_timeout": 2000
          }
        ],
        "passes": [],
        "failures": [],
        "pending": [],
        "skipped": [],
        "duration": 0,
        "root": false,
        "rootEmpty": false,
        "_timeout": 2000
      }
    ],
    "passes": [],
    "failures": [],
    "pending": [],
    "skipped": [],
    "duration": 0,
    "root": true,
    "rootEmpty": true,
    "_timeout": 2000
  },
  "copyrightYear": 2019
}